#
# There is insufficient memory for the Java Runtime Environment to continue.
# Native memory allocation (mmap) failed to map 371195904 bytes for G1 virtual space
# Possible reasons:
#   The system is out of physical RAM or swap space
#   The process is running with CompressedOops enabled, and the Java Heap may be blocking the growth of the native heap
# Possible solutions:
#   Reduce memory load on the system
#   Increase physical memory or swap space
#   Check if swap backing store is full
#   Decrease Java heap size (-Xmx/-Xms)
#   Decrease number of Java threads
#   Decrease Java thread stack sizes (-Xss)
#   Set larger code cache with -XX:ReservedCodeCacheSize=
#   JVM is running with Unscaled Compressed Oops mode in which the Java heap is
#     placed in the first 4GB address space. The Java Heap base address is the
#     maximum limit for the native heap growth. Please use -XX:HeapBaseMinAddress
#     to set the Java Heap base and to place the Java Heap above 4GB virtual address.
# This output file may be truncated or incomplete.
#
#  Out of Memory Error (os_windows.cpp:3613), pid=888, tid=14424
#
# JRE version: OpenJDK Runtime Environment Corretto-17.0.10.7.1 (17.0.10+7) (build 17.0.10+7-LTS)
# Java VM: OpenJDK 64-Bit Server VM Corretto-17.0.10.7.1 (17.0.10+7-LTS, mixed mode, emulated-client, sharing, tiered, compressed oops, compressed class ptrs, g1 gc, windows-amd64)
# No core dump will be written. Minidumps are not enabled by default on client versions of Windows
#

---------------  S U M M A R Y ------------

Command Line: -XX:TieredStopAtLevel=1 -Dspring.output.ansi.enabled=always -Dcom.sun.management.jmxremote -Dspring.jmx.enabled=true -Dspring.liveBeansView.mbeanDomain -Dspring.application.admin.enabled=true -Dmanagement.endpoints.jmx.exposure.include=* -javaagent:D:\IntelliJ IDEA 2024.1\lib\idea_rt.jar=51188:D:\IntelliJ IDEA 2024.1\bin -Dfile.encoding=UTF-8 com.example.mscatalogo.MsCatalogoApplication

Host: 11th Gen Intel(R) Core(TM) i5-1135G7 @ 2.40GHz, 8 cores, 7G,  Windows 11 , 64 bit Build 22621 (10.0.22621.3374)
Time: Wed Apr 17 21:55:29 2024 Hora est. Pacífico, Sudamérica elapsed time: 11.938152 seconds (0d 0h 0m 11s)

---------------  T H R E A D  ---------------

Current thread (0x0000021e189211d0):  VMThread "VM Thread" [stack: 0x000000871ad00000,0x000000871ae00000] [id=14424]

Stack: [0x000000871ad00000,0x000000871ae00000]
Native frames: (J=compiled Java code, j=interpreted, Vv=VM code, C=native code)
V  [jvm.dll+0x67d2c9]
V  [jvm.dll+0x834b1a]
V  [jvm.dll+0x8365de]
V  [jvm.dll+0x836c43]
V  [jvm.dll+0x2477ff]
V  [jvm.dll+0x67a109]
V  [jvm.dll+0x66eb7a]
V  [jvm.dll+0x30764b]
V  [jvm.dll+0x30eaf6]
V  [jvm.dll+0x35e83e]
V  [jvm.dll+0x35ea6f]
V  [jvm.dll+0x2de248]
V  [jvm.dll+0x2dc424]
V  [jvm.dll+0x2dba2c]
V  [jvm.dll+0x31faeb]
V  [jvm.dll+0x83b13b]
V  [jvm.dll+0x83be81]
V  [jvm.dll+0x83c39d]
V  [jvm.dll+0x83c774]
V  [jvm.dll+0x83c840]
V  [jvm.dll+0x7e3fda]
V  [jvm.dll+0x67c1b5]
C  [ucrtbase.dll+0x29333]
C  [KERNEL32.DLL+0x1257d]
C  [ntdll.dll+0x5aa48]

VM_Operation (0x000000871d3fe510): G1CollectForAllocation, mode: safepoint, requested by thread 0x0000021e602aa4d0


---------------  P R O C E S S  ---------------

Threads class SMR info:
_java_thread_list=0x0000021e609f9fd0, length=38, elements={
0x0000021e068215c0, 0x0000021e18923c70, 0x0000021e18924830, 0x0000021e18936ff0,
0x0000021e18937ac0, 0x0000021e1893c9a0, 0x0000021e1893d360, 0x0000021e1893dd20,
0x0000021e18949c30, 0x0000021e1890f1e0, 0x0000021e1890f890, 0x0000021e18c60e60,
0x0000021e5e3623b0, 0x0000021e5e362890, 0x0000021e5e449990, 0x0000021e5e7fe4e0,
0x0000021e5ed4a610, 0x0000021e5efc2a90, 0x0000021e5efc34b0, 0x0000021e5efc48f0,
0x0000021e5efc2fa0, 0x0000021e5efc5820, 0x0000021e5efc5310, 0x0000021e5efc39c0,
0x0000021e602a9fc0, 0x0000021e602ad770, 0x0000021e602acd50, 0x0000021e602aa4d0,
0x0000021e602abe20, 0x0000021e602ad260, 0x0000021e602adc80, 0x0000021e602aa9e0,
0x0000021e602aaef0, 0x0000021e602ae190, 0x0000021e602ae6a0, 0x0000021e602aebb0,
0x0000021e602af5d0, 0x0000021e602a8b80
}

Java Threads: ( => current thread )
  0x0000021e068215c0 JavaThread "main" [_thread_blocked, id=8576, stack(0x000000871a700000,0x000000871a800000)]
  0x0000021e18923c70 JavaThread "Reference Handler" daemon [_thread_blocked, id=23016, stack(0x000000871ae00000,0x000000871af00000)]
  0x0000021e18924830 JavaThread "Finalizer" daemon [_thread_blocked, id=21640, stack(0x000000871af00000,0x000000871b000000)]
  0x0000021e18936ff0 JavaThread "Signal Dispatcher" daemon [_thread_blocked, id=15080, stack(0x000000871b000000,0x000000871b100000)]
  0x0000021e18937ac0 JavaThread "Attach Listener" daemon [_thread_blocked, id=28112, stack(0x000000871b100000,0x000000871b200000)]
  0x0000021e1893c9a0 JavaThread "Service Thread" daemon [_thread_blocked, id=30852, stack(0x000000871b200000,0x000000871b300000)]
  0x0000021e1893d360 JavaThread "Monitor Deflation Thread" daemon [_thread_blocked, id=31728, stack(0x000000871b300000,0x000000871b400000)]
  0x0000021e1893dd20 JavaThread "C1 CompilerThread0" daemon [_thread_blocked, id=18076, stack(0x000000871b400000,0x000000871b500000)]
  0x0000021e18949c30 JavaThread "Sweeper thread" daemon [_thread_blocked, id=3304, stack(0x000000871b500000,0x000000871b600000)]
  0x0000021e1890f1e0 JavaThread "Common-Cleaner" daemon [_thread_blocked, id=8252, stack(0x000000871b600000,0x000000871b700000)]
  0x0000021e1890f890 JavaThread "C1 CompilerThread1" daemon [_thread_blocked, id=19720, stack(0x000000871b700000,0x000000871b800000)]
  0x0000021e18c60e60 JavaThread "C1 CompilerThread2" daemon [_thread_blocked, id=3284, stack(0x000000871b800000,0x000000871b900000)]
  0x0000021e5e3623b0 JavaThread "Monitor Ctrl-Break" daemon [_thread_in_native, id=19800, stack(0x000000871b900000,0x000000871ba00000)]
  0x0000021e5e362890 JavaThread "Notification Thread" daemon [_thread_blocked, id=24620, stack(0x000000871ba00000,0x000000871bb00000)]
  0x0000021e5e449990 JavaThread "RMI TCP Accept-0" daemon [_thread_in_native, id=29788, stack(0x000000871bb00000,0x000000871bc00000)]
  0x0000021e5e7fe4e0 JavaThread "RMI TCP Connection(1)-192.168.100.36" daemon [_thread_in_native, id=6020, stack(0x000000871c400000,0x000000871c500000)]
  0x0000021e5ed4a610 JavaThread "RMI Scheduler(0)" daemon [_thread_blocked, id=17692, stack(0x000000871c500000,0x000000871c600000)]
  0x0000021e5efc2a90 JavaThread "Keep-Alive-Timer" daemon [_thread_blocked, id=26412, stack(0x000000871c800000,0x000000871c900000)]
  0x0000021e5efc34b0 JavaThread "Catalina-utility-1" [_thread_blocked, id=19796, stack(0x000000871c900000,0x000000871ca00000)]
  0x0000021e5efc48f0 JavaThread "Catalina-utility-2" [_thread_blocked, id=596, stack(0x000000871cb00000,0x000000871cc00000)]
  0x0000021e5efc2fa0 JavaThread "container-0" [_thread_blocked, id=30040, stack(0x000000871cc00000,0x000000871cd00000)]
  0x0000021e5efc5820 JavaThread "mysql-cj-abandoned-connection-cleanup" daemon [_thread_blocked, id=16028, stack(0x000000871cd00000,0x000000871ce00000)]
  0x0000021e5efc5310 JavaThread "HikariPool-1 housekeeper" daemon [_thread_blocked, id=28036, stack(0x000000871ce00000,0x000000871cf00000)]
  0x0000021e5efc39c0 JavaThread "HikariPool-1 connection adder" daemon [_thread_blocked, id=9056, stack(0x000000871cf00000,0x000000871d000000)]
  0x0000021e602a9fc0 JavaThread "ClassGraph-worker-84" daemon [_thread_blocked, id=8992, stack(0x000000871d000000,0x000000871d100000)]
  0x0000021e602ad770 JavaThread "ClassGraph-worker-85" daemon [_thread_blocked, id=30164, stack(0x000000871d100000,0x000000871d200000)]
  0x0000021e602acd50 JavaThread "ClassGraph-worker-86" daemon [_thread_blocked, id=24308, stack(0x000000871d200000,0x000000871d300000)]
  0x0000021e602aa4d0 JavaThread "ClassGraph-worker-87" daemon [_thread_blocked, id=25000, stack(0x000000871d300000,0x000000871d400000)]
  0x0000021e602abe20 JavaThread "ClassGraph-worker-88" daemon [_thread_blocked, id=15792, stack(0x000000871d400000,0x000000871d500000)]
  0x0000021e602ad260 JavaThread "ClassGraph-worker-89" daemon [_thread_blocked, id=29904, stack(0x000000871d500000,0x000000871d600000)]
  0x0000021e602adc80 JavaThread "ClassGraph-worker-90" daemon [_thread_blocked, id=21584, stack(0x000000871d600000,0x000000871d700000)]
  0x0000021e602aa9e0 JavaThread "ClassGraph-worker-91" daemon [_thread_blocked, id=5128, stack(0x000000871d700000,0x000000871d800000)]
  0x0000021e602aaef0 JavaThread "ClassGraph-worker-92" daemon [_thread_blocked, id=18788, stack(0x000000871d800000,0x000000871d900000)]
  0x0000021e602ae190 JavaThread "ClassGraph-worker-93" daemon [_thread_blocked, id=20124, stack(0x000000871d900000,0x000000871da00000)]
  0x0000021e602ae6a0 JavaThread "ClassGraph-worker-94" daemon [_thread_blocked, id=23264, stack(0x000000871da00000,0x000000871db00000)]
  0x0000021e602aebb0 JavaThread "ClassGraph-worker-95" daemon [_thread_blocked, id=30124, stack(0x000000871db00000,0x000000871dc00000)]
  0x0000021e602af5d0 JavaThread "ClassGraph-worker-96" daemon [_thread_blocked, id=21360, stack(0x000000871dc00000,0x000000871dd00000)]
  0x0000021e602a8b80 JavaThread "ClassGraph-worker-97" daemon [_thread_blocked, id=22004, stack(0x000000871dd00000,0x000000871de00000)]

Other Threads:
=>0x0000021e189211d0 VMThread "VM Thread" [stack: 0x000000871ad00000,0x000000871ae00000] [id=14424]
  0x0000021e06822440 WatcherThread [stack: 0x000000871bc00000,0x000000871bd00000] [id=32080]
  0x0000021e068799d0 GCTaskThread "GC Thread#0" [stack: 0x000000871a800000,0x000000871a900000] [id=27588]
  0x0000021e5e4866e0 GCTaskThread "GC Thread#1" [stack: 0x000000871bd00000,0x000000871be00000] [id=24456]
  0x0000021e5e4869a0 GCTaskThread "GC Thread#2" [stack: 0x000000871be00000,0x000000871bf00000] [id=22888]
  0x0000021e5e4949c0 GCTaskThread "GC Thread#3" [stack: 0x000000871bf00000,0x000000871c000000] [id=25004]
  0x0000021e5e7ab9d0 GCTaskThread "GC Thread#4" [stack: 0x000000871c000000,0x000000871c100000] [id=17876]
  0x0000021e5e7abc90 GCTaskThread "GC Thread#5" [stack: 0x000000871c100000,0x000000871c200000] [id=9516]
  0x0000021e5e7abf50 GCTaskThread "GC Thread#6" [stack: 0x000000871c200000,0x000000871c300000] [id=9284]
  0x0000021e5ee82060 GCTaskThread "GC Thread#7" [stack: 0x000000871c600000,0x000000871c700000] [id=20168]
  0x0000021e0688a260 ConcurrentGCThread "G1 Main Marker" [stack: 0x000000871a900000,0x000000871aa00000] [id=29704]
  0x0000021e0688c430 ConcurrentGCThread "G1 Conc#0" [stack: 0x000000871aa00000,0x000000871ab00000] [id=27232]
  0x0000021e5f251610 ConcurrentGCThread "G1 Conc#1" [stack: 0x000000871ca00000,0x000000871cb00000] [id=16364]
  0x0000021e068be120 ConcurrentGCThread "G1 Refine#0" [stack: 0x000000871ab00000,0x000000871ac00000] [id=29100]
  0x0000021e5e7716c0 ConcurrentGCThread "G1 Refine#1" [stack: 0x000000871c300000,0x000000871c400000] [id=27108]
  0x0000021e5f4cf450 ConcurrentGCThread "G1 Refine#2" [stack: 0x000000871de00000,0x000000871df00000] [id=20692]
  0x0000021e068beb50 ConcurrentGCThread "G1 Service" [stack: 0x000000871ac00000,0x000000871ad00000] [id=17548]

Threads with active compile tasks:

VM state: at safepoint (normal execution)

VM Mutex/Monitor currently owned by a thread:  ([mutex/lock_event])
[0x0000021e0681b990] Threads_lock - owner thread: 0x0000021e189211d0
[0x0000021e0681be10] Heap_lock - owner thread: 0x0000021e602aa4d0

Heap address: 0x0000000083600000, size: 1994 MB, Compressed Oops mode: 32-bit

CDS archive(s) mapped at: [0x0000021e19000000-0x0000021e19bb0000-0x0000021e19bb0000), size 12255232, SharedBaseAddress: 0x0000021e19000000, ArchiveRelocationMode: 1.
Compressed class space mapped at: 0x0000021e1a000000-0x0000021e5a000000, reserved size: 1073741824
Narrow klass base: 0x0000021e19000000, Narrow klass shift: 0, Narrow klass range: 0x100000000

GC Precious Log:
 CPUs: 8 total, 8 available
 Memory: 7975M
 Large Page Support: Disabled
 NUMA Support: Disabled
 Compressed Oops: Enabled (32-bit)
 Heap Region Size: 1M
 Heap Min Capacity: 8M
 Heap Initial Capacity: 126M
 Heap Max Capacity: 1994M
 Pre-touch: Disabled
 Parallel Workers: 8
 Concurrent Workers: 2
 Concurrent Refinement Workers: 8
 Periodic GC: Disabled

Heap:
 garbage-first heap   total 191488K, used 85156K [0x0000000083600000, 0x0000000100000000)
  region size 1024K, 5 young (5120K), 5 survivors (5120K)
 Metaspace       used 68587K, committed 69184K, reserved 1114112K
  class space    used 9854K, committed 10112K, reserved 1048576K

Heap Regions: E=young(eden), S=young(survivor), O=old, HS=humongous(starts), HC=humongous(continues), CS=collection set, F=free, OA=open archive, CA=closed archive, TAMS=top-at-mark-start (previous, next)
|   0|0x0000000083600000, 0x0000000083700000, 0x0000000083700000|100%|HS|  |TAMS 0x0000000083700000, 0x0000000083600000| Complete 
|   1|0x0000000083700000, 0x0000000083800000, 0x0000000083800000|100%|HS|  |TAMS 0x0000000083800000, 0x0000000083700000| Complete 
|   2|0x0000000083800000, 0x0000000083900000, 0x0000000083900000|100%| O|  |TAMS 0x0000000083900000, 0x0000000083800000| Untracked 
|   3|0x0000000083900000, 0x0000000083a00000, 0x0000000083a00000|100%| O|  |TAMS 0x0000000083a00000, 0x0000000083900000| Untracked 
|   4|0x0000000083a00000, 0x0000000083b00000, 0x0000000083b00000|100%| O|  |TAMS 0x0000000083b00000, 0x0000000083a00000| Untracked 
|   5|0x0000000083b00000, 0x0000000083c00000, 0x0000000083c00000|100%| O|  |TAMS 0x0000000083c00000, 0x0000000083b00000| Untracked 
|   6|0x0000000083c00000, 0x0000000083d00000, 0x0000000083d00000|100%| O|  |TAMS 0x0000000083d00000, 0x0000000083c00000| Untracked 
|   7|0x0000000083d00000, 0x0000000083e00000, 0x0000000083e00000|100%| O|  |TAMS 0x0000000083e00000, 0x0000000083d00000| Untracked 
|   8|0x0000000083e00000, 0x0000000083f00000, 0x0000000083f00000|100%| O|  |TAMS 0x0000000083f00000, 0x0000000083e00000| Untracked 
|   9|0x0000000083f00000, 0x0000000084000000, 0x0000000084000000|100%| O|  |TAMS 0x0000000084000000, 0x0000000083f00000| Untracked 
|  10|0x0000000084000000, 0x0000000084100000, 0x0000000084100000|100%| O|  |TAMS 0x0000000084100000, 0x0000000084000000| Untracked 
|  11|0x0000000084100000, 0x0000000084200000, 0x0000000084200000|100%| O|  |TAMS 0x0000000084200000, 0x0000000084100000| Untracked 
|  12|0x0000000084200000, 0x0000000084300000, 0x0000000084300000|100%| O|  |TAMS 0x0000000084300000, 0x0000000084200000| Untracked 
|  13|0x0000000084300000, 0x0000000084400000, 0x0000000084400000|100%| O|  |TAMS 0x0000000084400000, 0x0000000084300000| Untracked 
|  14|0x0000000084400000, 0x0000000084500000, 0x0000000084500000|100%| O|  |TAMS 0x0000000084500000, 0x0000000084400000| Updating 
|  15|0x0000000084500000, 0x0000000084600000, 0x0000000084600000|100%| O|  |TAMS 0x0000000084600000, 0x0000000084500000| Untracked 
|  16|0x0000000084600000, 0x0000000084700000, 0x0000000084700000|100%| O|  |TAMS 0x0000000084700000, 0x0000000084600000| Updating 
|  17|0x0000000084700000, 0x00000000847bfa00, 0x0000000084800000| 74%| O|  |TAMS 0x00000000847bfa00, 0x0000000084700000| Updating 
|  18|0x0000000084800000, 0x0000000084900000, 0x0000000084900000|100%| O|  |TAMS 0x0000000084900000, 0x0000000084800000| Untracked 
|  19|0x0000000084900000, 0x0000000084a00000, 0x0000000084a00000|100%| O|  |TAMS 0x0000000084a00000, 0x0000000084900000| Untracked 
|  20|0x0000000084a00000, 0x0000000084b00000, 0x0000000084b00000|100%| O|  |TAMS 0x0000000084b00000, 0x0000000084a00000| Untracked 
|  21|0x0000000084b00000, 0x0000000084c00000, 0x0000000084c00000|100%| O|  |TAMS 0x0000000084c00000, 0x0000000084b00000| Untracked 
|  22|0x0000000084c00000, 0x0000000084d00000, 0x0000000084d00000|100%| O|  |TAMS 0x0000000084d00000, 0x0000000084c00000| Untracked 
|  23|0x0000000084d00000, 0x0000000084e00000, 0x0000000084e00000|100%| O|  |TAMS 0x0000000084e00000, 0x0000000084d00000| Untracked 
|  24|0x0000000084e00000, 0x0000000084f00000, 0x0000000084f00000|100%| O|  |TAMS 0x0000000084f00000, 0x0000000084e00000| Untracked 
|  25|0x0000000084f00000, 0x0000000085000000, 0x0000000085000000|100%| O|  |TAMS 0x0000000085000000, 0x0000000084f00000| Untracked 
|  26|0x0000000085000000, 0x0000000085100000, 0x0000000085100000|100%| O|  |TAMS 0x0000000085100000, 0x0000000085000000| Updating 
|  27|0x0000000085100000, 0x0000000085200000, 0x0000000085200000|100%| O|  |TAMS 0x0000000085200000, 0x0000000085100000| Updating 
|  28|0x0000000085200000, 0x0000000085300000, 0x0000000085300000|100%| O|  |TAMS 0x0000000085300000, 0x0000000085200000| Untracked 
|  29|0x0000000085300000, 0x0000000085400000, 0x0000000085400000|100%| O|  |TAMS 0x0000000085400000, 0x0000000085300000| Untracked 
|  30|0x0000000085400000, 0x0000000085500000, 0x0000000085500000|100%| O|  |TAMS 0x0000000085500000, 0x0000000085400000| Untracked 
|  31|0x0000000085500000, 0x0000000085600000, 0x0000000085600000|100%| O|  |TAMS 0x0000000085600000, 0x0000000085500000| Untracked 
|  32|0x0000000085600000, 0x0000000085700000, 0x0000000085700000|100%| O|  |TAMS 0x0000000085700000, 0x0000000085600000| Updating 
|  33|0x0000000085700000, 0x0000000085800000, 0x0000000085800000|100%| O|  |TAMS 0x0000000085700000, 0x0000000085700000| Untracked 
|  34|0x0000000085800000, 0x0000000085900000, 0x0000000085900000|100%| O|  |TAMS 0x0000000085900000, 0x0000000085800000| Updating 
|  35|0x0000000085900000, 0x0000000085a00000, 0x0000000085a00000|100%| O|  |TAMS 0x0000000085a00000, 0x0000000085900000| Updating 
|  36|0x0000000085a00000, 0x0000000085b00000, 0x0000000085b00000|100%| O|  |TAMS 0x0000000085a00000, 0x0000000085a00000| Untracked 
|  37|0x0000000085b00000, 0x0000000085c00000, 0x0000000085c00000|100%| O|  |TAMS 0x0000000085b00000, 0x0000000085b00000| Untracked 
|  38|0x0000000085c00000, 0x0000000085d00000, 0x0000000085d00000|100%| O|  |TAMS 0x0000000085d00000, 0x0000000085c00000| Updating 
|  39|0x0000000085d00000, 0x0000000085e00000, 0x0000000085e00000|100%| O|  |TAMS 0x0000000085e00000, 0x0000000085d00000| Updating 
|  40|0x0000000085e00000, 0x0000000085f00000, 0x0000000085f00000|100%| O|  |TAMS 0x0000000085f00000, 0x0000000085e00000| Updating 
|  41|0x0000000085f00000, 0x0000000086000000, 0x0000000086000000|100%| O|  |TAMS 0x0000000086000000, 0x0000000085f00000| Updating 
|  42|0x0000000086000000, 0x0000000086100000, 0x0000000086100000|100%| O|  |TAMS 0x0000000086100000, 0x0000000086000000| Updating 
|  43|0x0000000086100000, 0x0000000086200000, 0x0000000086200000|100%| O|  |TAMS 0x0000000086200000, 0x0000000086100000| Updating 
|  44|0x0000000086200000, 0x0000000086300000, 0x0000000086300000|100%| O|  |TAMS 0x0000000086200000, 0x0000000086200000| Untracked 
|  45|0x0000000086300000, 0x0000000086400000, 0x0000000086400000|100%| O|  |TAMS 0x0000000086400000, 0x0000000086300000| Updating 
|  46|0x0000000086400000, 0x0000000086500000, 0x0000000086500000|100%| O|  |TAMS 0x0000000086500000, 0x0000000086400000| Updating 
|  47|0x0000000086500000, 0x0000000086600000, 0x0000000086600000|100%| O|  |TAMS 0x0000000086600000, 0x0000000086500000| Updating 
|  48|0x0000000086600000, 0x0000000086669600, 0x0000000086700000| 41%| O|  |TAMS 0x0000000086600000, 0x0000000086600000| Untracked 
|  49|0x0000000086700000, 0x0000000086800000, 0x0000000086800000|100%| O|  |TAMS 0x0000000086800000, 0x0000000086700000| Updating 
|  50|0x0000000086800000, 0x0000000086900000, 0x0000000086900000|100%| O|  |TAMS 0x0000000086900000, 0x0000000086800000| Updating 
|  51|0x0000000086900000, 0x0000000086a00000, 0x0000000086a00000|100%| O|  |TAMS 0x0000000086a00000, 0x0000000086900000| Updating 
|  52|0x0000000086a00000, 0x0000000086b00000, 0x0000000086b00000|100%| O|  |TAMS 0x0000000086a00000, 0x0000000086a00000| Untracked 
|  53|0x0000000086b00000, 0x0000000086c00000, 0x0000000086c00000|100%| O|  |TAMS 0x0000000086b00000, 0x0000000086b00000| Untracked 
|  54|0x0000000086c00000, 0x0000000086d00000, 0x0000000086d00000|100%| O|  |TAMS 0x0000000086d00000, 0x0000000086c00000| Updating 
|  55|0x0000000086d00000, 0x0000000086e00000, 0x0000000086e00000|100%| O|  |TAMS 0x0000000086d00000, 0x0000000086d00000| Untracked 
|  56|0x0000000086e00000, 0x0000000086f00000, 0x0000000086f00000|100%| O|  |TAMS 0x0000000086f00000, 0x0000000086e00000| Updating 
|  57|0x0000000086f00000, 0x0000000087000000, 0x0000000087000000|100%| O|  |TAMS 0x0000000087000000, 0x0000000086f00000| Updating 
|  58|0x0000000087000000, 0x0000000087100000, 0x0000000087100000|100%| O|  |TAMS 0x0000000087100000, 0x0000000087000000| Updating 
|  59|0x0000000087100000, 0x0000000087200000, 0x0000000087200000|100%| O|  |TAMS 0x0000000087200000, 0x0000000087100000| Updating 
|  60|0x0000000087200000, 0x0000000087200000, 0x0000000087300000|  0%| F|  |TAMS 0x0000000087200000, 0x0000000087200000| Untracked 
|  61|0x0000000087300000, 0x0000000087300000, 0x0000000087400000|  0%| F|  |TAMS 0x0000000087300000, 0x0000000087300000| Untracked 
|  62|0x0000000087400000, 0x0000000087400000, 0x0000000087500000|  0%| F|  |TAMS 0x0000000087400000, 0x0000000087400000| Untracked 
|  63|0x0000000087500000, 0x0000000087600000, 0x0000000087600000|100%| O|  |TAMS 0x0000000087600000, 0x0000000087500000| Updating 
|  64|0x0000000087600000, 0x0000000087700000, 0x0000000087700000|100%| O|  |TAMS 0x0000000087700000, 0x0000000087600000| Updating 
|  65|0x0000000087700000, 0x0000000087800000, 0x0000000087800000|100%| O|  |TAMS 0x0000000087800000, 0x0000000087700000| Updating 
|  66|0x0000000087800000, 0x0000000087900000, 0x0000000087900000|100%| O|  |TAMS 0x0000000087900000, 0x0000000087800000| Updating 
|  67|0x0000000087900000, 0x0000000087a00000, 0x0000000087a00000|100%| O|  |TAMS 0x0000000087a00000, 0x0000000087900000| Updating 
|  68|0x0000000087a00000, 0x0000000087b00000, 0x0000000087b00000|100%| O|  |TAMS 0x0000000087b00000, 0x0000000087a00000| Updating 
|  69|0x0000000087b00000, 0x0000000087c00000, 0x0000000087c00000|100%| O|  |TAMS 0x0000000087c00000, 0x0000000087b00000| Updating 
|  70|0x0000000087c00000, 0x0000000087d00000, 0x0000000087d00000|100%| O|  |TAMS 0x0000000087d00000, 0x0000000087c00000| Untracked 
|  71|0x0000000087d00000, 0x0000000087e00000, 0x0000000087e00000|100%| O|  |TAMS 0x0000000087e00000, 0x0000000087d00000| Untracked 
|  72|0x0000000087e00000, 0x0000000087f00000, 0x0000000087f00000|100%| O|  |TAMS 0x0000000087f00000, 0x0000000087e00000| Untracked 
|  73|0x0000000087f00000, 0x0000000088000000, 0x0000000088000000|100%| O|  |TAMS 0x0000000088000000, 0x0000000087f00000| Untracked 
|  74|0x0000000088000000, 0x0000000088100000, 0x0000000088100000|100%| O|  |TAMS 0x0000000088100000, 0x0000000088000000| Untracked 
|  75|0x0000000088100000, 0x0000000088200000, 0x0000000088200000|100%| O|  |TAMS 0x0000000088200000, 0x0000000088100000| Updating 
|  76|0x0000000088200000, 0x0000000088300000, 0x0000000088300000|100%| O|  |TAMS 0x0000000088252800, 0x0000000088200000| Updating 
|  77|0x0000000088300000, 0x0000000088400000, 0x0000000088400000|100%| O|  |TAMS 0x0000000088300000, 0x0000000088300000| Untracked 
|  78|0x0000000088400000, 0x0000000088500000, 0x0000000088500000|100%| O|  |TAMS 0x0000000088400000, 0x0000000088400000| Untracked 
|  79|0x0000000088500000, 0x0000000088600000, 0x0000000088600000|100%| O|  |TAMS 0x0000000088500000, 0x0000000088500000| Untracked 
|  80|0x0000000088600000, 0x0000000088700000, 0x0000000088700000|100%| O|  |TAMS 0x0000000088600000, 0x0000000088600000| Untracked 
|  81|0x0000000088700000, 0x0000000088800000, 0x0000000088800000|100%| O|  |TAMS 0x0000000088700000, 0x0000000088700000| Untracked 
|  82|0x0000000088800000, 0x0000000088800000, 0x0000000088900000|  0%| F|  |TAMS 0x0000000088800000, 0x0000000088800000| Untracked 
|  83|0x0000000088900000, 0x0000000088900000, 0x0000000088a00000|  0%| F|  |TAMS 0x0000000088900000, 0x0000000088900000| Untracked 
|  84|0x0000000088a00000, 0x0000000088a00000, 0x0000000088b00000|  0%| F|  |TAMS 0x0000000088a00000, 0x0000000088a00000| Untracked 
|  85|0x0000000088b00000, 0x0000000088b00000, 0x0000000088c00000|  0%| F|  |TAMS 0x0000000088b00000, 0x0000000088b00000| Untracked 
|  86|0x0000000088c00000, 0x0000000088c00000, 0x0000000088d00000|  0%| F|  |TAMS 0x0000000088c00000, 0x0000000088c00000| Untracked 
|  87|0x0000000088d00000, 0x0000000088d00000, 0x0000000088e00000|  0%| F|  |TAMS 0x0000000088d00000, 0x0000000088d00000| Untracked 
|  88|0x0000000088e00000, 0x0000000088e00000, 0x0000000088f00000|  0%| F|  |TAMS 0x0000000088e00000, 0x0000000088e00000| Untracked 
|  89|0x0000000088f00000, 0x0000000088f00000, 0x0000000089000000|  0%| F|  |TAMS 0x0000000088f00000, 0x0000000088f00000| Untracked 
|  90|0x0000000089000000, 0x0000000089000000, 0x0000000089100000|  0%| F|  |TAMS 0x0000000089000000, 0x0000000089000000| Untracked 
|  91|0x0000000089100000, 0x0000000089100000, 0x0000000089200000|  0%| F|  |TAMS 0x0000000089100000, 0x0000000089100000| Untracked 
|  92|0x0000000089200000, 0x0000000089200000, 0x0000000089300000|  0%| F|  |TAMS 0x0000000089200000, 0x0000000089200000| Untracked 
|  93|0x0000000089300000, 0x0000000089300000, 0x0000000089400000|  0%| F|  |TAMS 0x0000000089300000, 0x0000000089300000| Untracked 
|  94|0x0000000089400000, 0x0000000089400000, 0x0000000089500000|  0%| F|  |TAMS 0x0000000089400000, 0x0000000089400000| Untracked 
|  95|0x0000000089500000, 0x0000000089500000, 0x0000000089600000|  0%| F|  |TAMS 0x0000000089500000, 0x0000000089500000| Untracked 
|  96|0x0000000089600000, 0x0000000089600000, 0x0000000089700000|  0%| F|  |TAMS 0x0000000089600000, 0x0000000089600000| Untracked 
|  97|0x0000000089700000, 0x0000000089700000, 0x0000000089800000|  0%| F|  |TAMS 0x0000000089700000, 0x0000000089700000| Untracked 
|  98|0x0000000089800000, 0x0000000089800000, 0x0000000089900000|  0%| F|  |TAMS 0x0000000089800000, 0x0000000089800000| Untracked 
|  99|0x0000000089900000, 0x0000000089900000, 0x0000000089a00000|  0%| F|  |TAMS 0x0000000089900000, 0x0000000089900000| Untracked 
| 100|0x0000000089a00000, 0x0000000089a00000, 0x0000000089b00000|  0%| F|  |TAMS 0x0000000089a00000, 0x0000000089a00000| Untracked 
| 101|0x0000000089b00000, 0x0000000089b00000, 0x0000000089c00000|  0%| F|  |TAMS 0x0000000089b00000, 0x0000000089b00000| Untracked 
| 102|0x0000000089c00000, 0x0000000089c00000, 0x0000000089d00000|  0%| F|  |TAMS 0x0000000089c00000, 0x0000000089c00000| Untracked 
| 103|0x0000000089d00000, 0x0000000089d00000, 0x0000000089e00000|  0%| F|  |TAMS 0x0000000089d00000, 0x0000000089d00000| Untracked 
| 104|0x0000000089e00000, 0x0000000089e00000, 0x0000000089f00000|  0%| F|  |TAMS 0x0000000089e00000, 0x0000000089e00000| Untracked 
| 105|0x0000000089f00000, 0x0000000089f00000, 0x000000008a000000|  0%| F|  |TAMS 0x0000000089f00000, 0x0000000089f00000| Untracked 
| 106|0x000000008a000000, 0x000000008a000000, 0x000000008a100000|  0%| F|  |TAMS 0x000000008a000000, 0x000000008a000000| Untracked 
| 107|0x000000008a100000, 0x000000008a100000, 0x000000008a200000|  0%| F|  |TAMS 0x000000008a100000, 0x000000008a100000| Untracked 
| 108|0x000000008a200000, 0x000000008a200000, 0x000000008a300000|  0%| F|  |TAMS 0x000000008a200000, 0x000000008a200000| Untracked 
| 109|0x000000008a300000, 0x000000008a300000, 0x000000008a400000|  0%| F|  |TAMS 0x000000008a300000, 0x000000008a300000| Untracked 
| 110|0x000000008a400000, 0x000000008a400000, 0x000000008a500000|  0%| F|  |TAMS 0x000000008a400000, 0x000000008a400000| Untracked 
| 111|0x000000008a500000, 0x000000008a500000, 0x000000008a600000|  0%| F|  |TAMS 0x000000008a500000, 0x000000008a500000| Untracked 
| 112|0x000000008a600000, 0x000000008a600000, 0x000000008a700000|  0%| F|  |TAMS 0x000000008a600000, 0x000000008a600000| Untracked 
| 113|0x000000008a700000, 0x000000008a700000, 0x000000008a800000|  0%| F|  |TAMS 0x000000008a700000, 0x000000008a700000| Untracked 
| 114|0x000000008a800000, 0x000000008a800000, 0x000000008a900000|  0%| F|  |TAMS 0x000000008a800000, 0x000000008a800000| Untracked 
| 115|0x000000008a900000, 0x000000008a900000, 0x000000008aa00000|  0%| F|  |TAMS 0x000000008a900000, 0x000000008a900000| Untracked 
| 116|0x000000008aa00000, 0x000000008aa00000, 0x000000008ab00000|  0%| F|  |TAMS 0x000000008aa00000, 0x000000008aa00000| Untracked 
| 117|0x000000008ab00000, 0x000000008ab00000, 0x000000008ac00000|  0%| F|  |TAMS 0x000000008ab00000, 0x000000008ab00000| Untracked 
| 118|0x000000008ac00000, 0x000000008ac00000, 0x000000008ad00000|  0%| F|  |TAMS 0x000000008ac00000, 0x000000008ac00000| Untracked 
| 119|0x000000008ad00000, 0x000000008ad00000, 0x000000008ae00000|  0%| F|  |TAMS 0x000000008ad00000, 0x000000008ad00000| Untracked 
| 120|0x000000008ae00000, 0x000000008ae00000, 0x000000008af00000|  0%| F|  |TAMS 0x000000008ae00000, 0x000000008ae00000| Untracked 
| 121|0x000000008af00000, 0x000000008af00000, 0x000000008b000000|  0%| F|  |TAMS 0x000000008af00000, 0x000000008af00000| Untracked 
| 122|0x000000008b000000, 0x000000008b000000, 0x000000008b100000|  0%| F|  |TAMS 0x000000008b000000, 0x000000008b000000| Untracked 
| 123|0x000000008b100000, 0x000000008b100000, 0x000000008b200000|  0%| F|  |TAMS 0x000000008b100000, 0x000000008b100000| Untracked 
| 124|0x000000008b200000, 0x000000008b200000, 0x000000008b300000|  0%| F|  |TAMS 0x000000008b200000, 0x000000008b200000| Untracked 
| 125|0x000000008b300000, 0x000000008b300000, 0x000000008b400000|  0%| F|  |TAMS 0x000000008b300000, 0x000000008b300000| Untracked 
| 126|0x000000008b400000, 0x000000008b400000, 0x000000008b500000|  0%| F|  |TAMS 0x000000008b400000, 0x000000008b400000| Untracked 
| 127|0x000000008b500000, 0x000000008b500000, 0x000000008b600000|  0%| F|  |TAMS 0x000000008b500000, 0x000000008b500000| Untracked 
| 128|0x000000008b600000, 0x000000008b600000, 0x000000008b700000|  0%| F|  |TAMS 0x000000008b600000, 0x000000008b600000| Untracked 
| 129|0x000000008b700000, 0x000000008b700000, 0x000000008b800000|  0%| F|  |TAMS 0x000000008b700000, 0x000000008b700000| Untracked 
| 130|0x000000008b800000, 0x000000008b800000, 0x000000008b900000|  0%| F|  |TAMS 0x000000008b800000, 0x000000008b800000| Untracked 
| 131|0x000000008b900000, 0x000000008b900000, 0x000000008ba00000|  0%| F|  |TAMS 0x000000008b900000, 0x000000008b900000| Untracked 
| 132|0x000000008ba00000, 0x000000008ba00000, 0x000000008bb00000|  0%| F|  |TAMS 0x000000008ba00000, 0x000000008ba00000| Untracked 
| 133|0x000000008bb00000, 0x000000008bb00000, 0x000000008bc00000|  0%| F|  |TAMS 0x000000008bb00000, 0x000000008bb00000| Untracked 
| 134|0x000000008bc00000, 0x000000008bc00000, 0x000000008bd00000|  0%| F|  |TAMS 0x000000008bc00000, 0x000000008bc00000| Untracked 
| 135|0x000000008bd00000, 0x000000008bd00000, 0x000000008be00000|  0%| F|  |TAMS 0x000000008bd00000, 0x000000008bd00000| Untracked 
| 136|0x000000008be00000, 0x000000008be00000, 0x000000008bf00000|  0%| F|  |TAMS 0x000000008be00000, 0x000000008be00000| Untracked 
| 137|0x000000008bf00000, 0x000000008bf00000, 0x000000008c000000|  0%| F|  |TAMS 0x000000008bf00000, 0x000000008bf00000| Untracked 
| 138|0x000000008c000000, 0x000000008c000000, 0x000000008c100000|  0%| F|  |TAMS 0x000000008c000000, 0x000000008c000000| Untracked 
| 139|0x000000008c100000, 0x000000008c100000, 0x000000008c200000|  0%| F|  |TAMS 0x000000008c100000, 0x000000008c100000| Untracked 
| 140|0x000000008c200000, 0x000000008c200000, 0x000000008c300000|  0%| F|  |TAMS 0x000000008c200000, 0x000000008c200000| Untracked 
| 141|0x000000008c300000, 0x000000008c300000, 0x000000008c400000|  0%| F|  |TAMS 0x000000008c300000, 0x000000008c300000| Untracked 
| 142|0x000000008c400000, 0x000000008c400000, 0x000000008c500000|  0%| F|  |TAMS 0x000000008c400000, 0x000000008c400000| Untracked 
| 143|0x000000008c500000, 0x000000008c500000, 0x000000008c600000|  0%| F|  |TAMS 0x000000008c500000, 0x000000008c500000| Untracked 
| 144|0x000000008c600000, 0x000000008c600000, 0x000000008c700000|  0%| F|  |TAMS 0x000000008c600000, 0x000000008c600000| Untracked 
| 145|0x000000008c700000, 0x000000008c700000, 0x000000008c800000|  0%| F|  |TAMS 0x000000008c700000, 0x000000008c700000| Untracked 
| 146|0x000000008c800000, 0x000000008c800000, 0x000000008c900000|  0%| F|  |TAMS 0x000000008c800000, 0x000000008c800000| Untracked 
| 147|0x000000008c900000, 0x000000008c900000, 0x000000008ca00000|  0%| F|  |TAMS 0x000000008c900000, 0x000000008c900000| Untracked 
| 148|0x000000008ca00000, 0x000000008ca00000, 0x000000008cb00000|  0%| F|  |TAMS 0x000000008ca00000, 0x000000008ca00000| Untracked 
| 149|0x000000008cb00000, 0x000000008cb00000, 0x000000008cc00000|  0%| F|  |TAMS 0x000000008cb00000, 0x000000008cb00000| Untracked 
| 150|0x000000008cc00000, 0x000000008cc00000, 0x000000008cd00000|  0%| F|  |TAMS 0x000000008cc00000, 0x000000008cc00000| Untracked 
| 151|0x000000008cd00000, 0x000000008cd00000, 0x000000008ce00000|  0%| F|  |TAMS 0x000000008cd00000, 0x000000008cd00000| Untracked 
| 152|0x000000008ce00000, 0x000000008ce00000, 0x000000008cf00000|  0%| F|  |TAMS 0x000000008ce00000, 0x000000008ce00000| Untracked 
| 153|0x000000008cf00000, 0x000000008cf00000, 0x000000008d000000|  0%| F|  |TAMS 0x000000008cf00000, 0x000000008cf00000| Untracked 
| 154|0x000000008d000000, 0x000000008d000000, 0x000000008d100000|  0%| F|  |TAMS 0x000000008d000000, 0x000000008d000000| Untracked 
| 155|0x000000008d100000, 0x000000008d100000, 0x000000008d200000|  0%| F|  |TAMS 0x000000008d100000, 0x000000008d100000| Untracked 
| 156|0x000000008d200000, 0x000000008d200000, 0x000000008d300000|  0%| F|  |TAMS 0x000000008d200000, 0x000000008d200000| Untracked 
| 157|0x000000008d300000, 0x000000008d300000, 0x000000008d400000|  0%| F|  |TAMS 0x000000008d300000, 0x000000008d300000| Untracked 
| 158|0x000000008d400000, 0x000000008d400000, 0x000000008d500000|  0%| F|  |TAMS 0x000000008d400000, 0x000000008d400000| Untracked 
| 159|0x000000008d500000, 0x000000008d500000, 0x000000008d600000|  0%| F|  |TAMS 0x000000008d500000, 0x000000008d500000| Untracked 
| 160|0x000000008d600000, 0x000000008d600000, 0x000000008d700000|  0%| F|  |TAMS 0x000000008d600000, 0x000000008d600000| Untracked 
| 161|0x000000008d700000, 0x000000008d700000, 0x000000008d800000|  0%| F|  |TAMS 0x000000008d700000, 0x000000008d700000| Untracked 
| 162|0x000000008d800000, 0x000000008d800000, 0x000000008d900000|  0%| F|  |TAMS 0x000000008d800000, 0x000000008d800000| Untracked 
| 163|0x000000008d900000, 0x000000008d900000, 0x000000008da00000|  0%| F|  |TAMS 0x000000008d900000, 0x000000008d900000| Untracked 
| 164|0x000000008da00000, 0x000000008da00000, 0x000000008db00000|  0%| F|  |TAMS 0x000000008da00000, 0x000000008da00000| Untracked 
| 165|0x000000008db00000, 0x000000008db00000, 0x000000008dc00000|  0%| F|  |TAMS 0x000000008db00000, 0x000000008db00000| Untracked 
| 166|0x000000008dc00000, 0x000000008dc00000, 0x000000008dd00000|  0%| F|  |TAMS 0x000000008dc00000, 0x000000008dc00000| Untracked 
| 167|0x000000008dd00000, 0x000000008dd00000, 0x000000008de00000|  0%| F|  |TAMS 0x000000008dd00000, 0x000000008dd00000| Untracked 
| 168|0x000000008de00000, 0x000000008de00000, 0x000000008df00000|  0%| F|  |TAMS 0x000000008de00000, 0x000000008de00000| Untracked 
| 169|0x000000008df00000, 0x000000008df00000, 0x000000008e000000|  0%| F|  |TAMS 0x000000008df00000, 0x000000008df00000| Untracked 
| 170|0x000000008e000000, 0x000000008e000000, 0x000000008e100000|  0%| F|  |TAMS 0x000000008e000000, 0x000000008e000000| Untracked 
| 171|0x000000008e100000, 0x000000008e100000, 0x000000008e200000|  0%| F|  |TAMS 0x000000008e100000, 0x000000008e100000| Untracked 
| 172|0x000000008e200000, 0x000000008e200000, 0x000000008e300000|  0%| F|  |TAMS 0x000000008e200000, 0x000000008e200000| Untracked 
| 173|0x000000008e300000, 0x000000008e300000, 0x000000008e400000|  0%| F|  |TAMS 0x000000008e300000, 0x000000008e300000| Untracked 
| 174|0x000000008e400000, 0x000000008e400000, 0x000000008e500000|  0%| F|  |TAMS 0x000000008e400000, 0x000000008e400000| Untracked 
| 175|0x000000008e500000, 0x000000008e500000, 0x000000008e600000|  0%| F|  |TAMS 0x000000008e500000, 0x000000008e500000| Untracked 
| 176|0x000000008e600000, 0x000000008e600000, 0x000000008e700000|  0%| F|  |TAMS 0x000000008e600000, 0x000000008e600000| Untracked 
| 177|0x000000008e700000, 0x000000008e700000, 0x000000008e800000|  0%| F|  |TAMS 0x000000008e700000, 0x000000008e700000| Untracked 
| 178|0x000000008e800000, 0x000000008e900000, 0x000000008e900000|100%| S|CS|TAMS 0x000000008e800000, 0x000000008e800000| Complete 
| 179|0x000000008e900000, 0x000000008ea00000, 0x000000008ea00000|100%| S|CS|TAMS 0x000000008e900000, 0x000000008e900000| Complete 
| 180|0x000000008ea00000, 0x000000008eb00000, 0x000000008eb00000|100%| S|CS|TAMS 0x000000008ea00000, 0x000000008ea00000| Complete 
| 181|0x000000008eb00000, 0x000000008ec00000, 0x000000008ec00000|100%| S|CS|TAMS 0x000000008eb00000, 0x000000008eb00000| Complete 
| 182|0x000000008ec00000, 0x000000008ed00000, 0x000000008ed00000|100%| S|CS|TAMS 0x000000008ec00000, 0x000000008ec00000| Complete 
| 183|0x000000008ed00000, 0x000000008ed00000, 0x000000008ee00000|  0%| F|  |TAMS 0x000000008ed00000, 0x000000008ed00000| Untracked 
| 184|0x000000008ee00000, 0x000000008ee00000, 0x000000008ef00000|  0%| F|  |TAMS 0x000000008ee00000, 0x000000008ee00000| Untracked 
| 185|0x000000008ef00000, 0x000000008ef00000, 0x000000008f000000|  0%| F|  |TAMS 0x000000008ef00000, 0x000000008ef00000| Untracked 
| 186|0x000000008f000000, 0x000000008f000000, 0x000000008f100000|  0%| F|  |TAMS 0x000000008f000000, 0x000000008f000000| Untracked 

Card table byte_map: [0x0000021e11830000,0x0000021e11c20000] _byte_map_base: 0x0000021e11415000

Marking Bits (Prev, Next): (CMBitMap*) 0x0000021e0687a030, (CMBitMap*) 0x0000021e06879ff0
 Prev Bits: [0x0000021e13f40000, 0x0000021e15e68000)
 Next Bits: [0x0000021e12010000, 0x0000021e13f38000)

Polling page: 0x0000021e05fc0000

Metaspace:

Usage:
  Non-class:     57.36 MB used.
      Class:      9.62 MB used.
       Both:     66.98 MB used.

Virtual space:
  Non-class space:       64.00 MB reserved,      57.69 MB ( 90%) committed,  1 nodes.
      Class space:        1.00 GB reserved,       9.88 MB ( <1%) committed,  1 nodes.
             Both:        1.06 GB reserved,      67.56 MB (  6%) committed. 

Chunk freelists:
   Non-Class:  5.72 MB
       Class:  6.15 MB
        Both:  11.88 MB

MaxMetaspaceSize: unlimited
CompressedClassSpaceSize: 1.00 GB
Initial GC threshold: 21.00 MB
Current GC threshold: 112.50 MB
CDS: on
MetaspaceReclaimPolicy: balanced
 - commit_granule_bytes: 65536.
 - commit_granule_words: 8192.
 - virtual_space_node_default_size: 8388608.
 - enlarge_chunks_in_place: 1.
 - new_chunks_are_fully_committed: 0.
 - uncommit_free_chunks: 1.
 - use_allocation_guard: 0.
 - handle_deallocations: 1.


Internal statistics:

num_allocs_failed_limit: 13.
num_arena_births: 814.
num_arena_deaths: 0.
num_vsnodes_births: 2.
num_vsnodes_deaths: 0.
num_space_committed: 1081.
num_space_uncommitted: 0.
num_chunks_returned_to_freelist: 13.
num_chunks_taken_from_freelist: 3236.
num_chunk_merges: 13.
num_chunk_splits: 2351.
num_chunks_enlarged: 1824.
num_inconsistent_stats: 0.

CodeCache: size=49152Kb used=12429Kb max_used=12429Kb free=36722Kb
 bounds [0x0000021e0e320000, 0x0000021e0ef50000, 0x0000021e11320000]
 total_blobs=6727 nmethods=6035 adapters=616
 compilation: enabled
              stopped_count=0, restarted_count=0
 full_count=0

Compilation events (20 events):
Event: 11.794 Thread 0x0000021e1893dd20 6026       1       java.util.concurrent.ThreadPoolExecutor$Worker::tryAcquire (20 bytes)
Event: 11.795 Thread 0x0000021e1893dd20 nmethod 6026 0x0000021e0ef3fa10 code [0x0000021e0ef3fba0, 0x0000021e0ef3fd18]
Event: 11.796 Thread 0x0000021e1893dd20 6027       1       java.util.concurrent.locks.AbstractQueuedSynchronizer::casTail (13 bytes)
Event: 11.797 Thread 0x0000021e1893dd20 nmethod 6027 0x0000021e0ef3fd90 code [0x0000021e0ef3ff20, 0x0000021e0ef40058]
Event: 11.797 Thread 0x0000021e1890f890 6028       1       java.util.concurrent.LinkedBlockingQueue::size (8 bytes)
Event: 11.797 Thread 0x0000021e1890f890 nmethod 6028 0x0000021e0ef40110 code [0x0000021e0ef402a0, 0x0000021e0ef40378]
Event: 11.801 Thread 0x0000021e1890f890 6029       1       nonapi.io.github.classgraph.utils.CollectionUtils::sortIfNotEmpty (15 bytes)
Event: 11.801 Thread 0x0000021e1890f890 nmethod 6029 0x0000021e0ef40410 code [0x0000021e0ef405c0, 0x0000021e0ef406d8]
Event: 11.803 Thread 0x0000021e1890f890 6030       1       java.lang.ModuleLayer::findModule (76 bytes)
Event: 11.804 Thread 0x0000021e1893dd20 6031       1       java.lang.WeakPairMap$Pair::lookup (10 bytes)
Event: 11.804 Thread 0x0000021e18c60e60 6032       1       java.lang.WeakPairMap$Pair$Lookup::<init> (21 bytes)
Event: 11.804 Thread 0x0000021e1890f890 nmethod 6030 0x0000021e0ef40790 code [0x0000021e0ef40a20, 0x0000021e0ef413f8]
Event: 11.804 Thread 0x0000021e1890f890 6033       1       java.lang.WeakPairMap::get (17 bytes)
Event: 11.804 Thread 0x0000021e18c60e60 nmethod 6032 0x0000021e0ef41810 code [0x0000021e0ef419c0, 0x0000021e0ef41c78]
Event: 11.804 Thread 0x0000021e1893dd20 nmethod 6031 0x0000021e0ef41d90 code [0x0000021e0ef41f40, 0x0000021e0ef42238]
Event: 11.804 Thread 0x0000021e1890f890 nmethod 6033 0x0000021e0ef42390 code [0x0000021e0ef425a0, 0x0000021e0ef42b38]
Event: 11.816 Thread 0x0000021e1890f890 6034       1       java.lang.ThreadGroup::checkAccess (14 bytes)
Event: 11.816 Thread 0x0000021e1890f890 nmethod 6034 0x0000021e0ef42e90 code [0x0000021e0ef43020, 0x0000021e0ef43148]
Event: 11.907 Thread 0x0000021e1893dd20 6035       1       jdk.internal.event.Event::<init> (5 bytes)
Event: 11.907 Thread 0x0000021e1893dd20 nmethod 6035 0x0000021e0ef43210 code [0x0000021e0ef433a0, 0x0000021e0ef43458]

GC Heap History (20 events):
Event: 9.755 GC heap after
{Heap after GC invocations=14 (full 0):
 garbage-first heap   total 86016K, used 29436K [0x0000000083600000, 0x0000000100000000)
  region size 1024K, 3 young (3072K), 3 survivors (3072K)
 Metaspace       used 59817K, committed 60288K, reserved 1114112K
  class space    used 8607K, committed 8832K, reserved 1048576K
}
Event: 10.678 GC heap before
{Heap before GC invocations=15 (full 0):
 garbage-first heap   total 86016K, used 67324K [0x0000000083600000, 0x0000000100000000)
  region size 1024K, 40 young (40960K), 3 survivors (3072K)
 Metaspace       used 65089K, committed 65664K, reserved 1114112K
  class space    used 9371K, committed 9664K, reserved 1048576K
}
Event: 10.683 GC heap after
{Heap after GC invocations=16 (full 0):
 garbage-first heap   total 86016K, used 31975K [0x0000000083600000, 0x0000000100000000)
  region size 1024K, 5 young (5120K), 5 survivors (5120K)
 Metaspace       used 65089K, committed 65664K, reserved 1114112K
  class space    used 9371K, committed 9664K, reserved 1048576K
}
Event: 11.355 GC heap before
{Heap before GC invocations=16 (full 0):
 garbage-first heap   total 86016K, used 67815K [0x0000000083600000, 0x0000000100000000)
  region size 1024K, 40 young (40960K), 5 survivors (5120K)
 Metaspace       used 68532K, committed 69120K, reserved 1114112K
  class space    used 9839K, committed 10112K, reserved 1048576K
}
Event: 11.363 GC heap after
{Heap after GC invocations=17 (full 0):
 garbage-first heap   total 86016K, used 37373K [0x0000000083600000, 0x0000000100000000)
  region size 1024K, 5 young (5120K), 5 survivors (5120K)
 Metaspace       used 68532K, committed 69120K, reserved 1114112K
  class space    used 9839K, committed 10112K, reserved 1048576K
}
Event: 11.431 GC heap before
{Heap before GC invocations=17 (full 0):
 garbage-first heap   total 86016K, used 67069K [0x0000000083600000, 0x0000000100000000)
  region size 1024K, 34 young (34816K), 5 survivors (5120K)
 Metaspace       used 68532K, committed 69120K, reserved 1114112K
  class space    used 9839K, committed 10112K, reserved 1048576K
}
Event: 11.437 GC heap after
{Heap after GC invocations=18 (full 0):
 garbage-first heap   total 86016K, used 43240K [0x0000000083600000, 0x0000000100000000)
  region size 1024K, 5 young (5120K), 5 survivors (5120K)
 Metaspace       used 68532K, committed 69120K, reserved 1114112K
  class space    used 9839K, committed 10112K, reserved 1048576K
}
Event: 11.456 GC heap before
{Heap before GC invocations=18 (full 0):
 garbage-first heap   total 86016K, used 50408K [0x0000000083600000, 0x0000000100000000)
  region size 1024K, 13 young (13312K), 5 survivors (5120K)
 Metaspace       used 68532K, committed 69120K, reserved 1114112K
  class space    used 9839K, committed 10112K, reserved 1048576K
}
Event: 11.459 GC heap after
{Heap after GC invocations=19 (full 0):
 garbage-first heap   total 86016K, used 45854K [0x0000000083600000, 0x0000000100000000)
  region size 1024K, 3 young (3072K), 3 survivors (3072K)
 Metaspace       used 68532K, committed 69120K, reserved 1114112K
  class space    used 9839K, committed 10112K, reserved 1048576K
}
Event: 11.571 GC heap before
{Heap before GC invocations=20 (full 0):
 garbage-first heap   total 97280K, used 65310K [0x0000000083600000, 0x0000000100000000)
  region size 1024K, 22 young (22528K), 3 survivors (3072K)
 Metaspace       used 68578K, committed 69184K, reserved 1114112K
  class space    used 9852K, committed 10112K, reserved 1048576K
}
Event: 11.577 GC heap after
{Heap after GC invocations=21 (full 0):
 garbage-first heap   total 97280K, used 52456K [0x0000000083600000, 0x0000000100000000)
  region size 1024K, 3 young (3072K), 3 survivors (3072K)
 Metaspace       used 68578K, committed 69184K, reserved 1114112K
  class space    used 9852K, committed 10112K, reserved 1048576K
}
Event: 11.578 GC heap before
{Heap before GC invocations=21 (full 0):
 garbage-first heap   total 97280K, used 52456K [0x0000000083600000, 0x0000000100000000)
  region size 1024K, 4 young (4096K), 3 survivors (3072K)
 Metaspace       used 68578K, committed 69184K, reserved 1114112K
  class space    used 9852K, committed 10112K, reserved 1048576K
}
Event: 11.582 GC heap after
{Heap after GC invocations=22 (full 0):
 garbage-first heap   total 166912K, used 53218K [0x0000000083600000, 0x0000000100000000)
  region size 1024K, 1 young (1024K), 1 survivors (1024K)
 Metaspace       used 68578K, committed 69184K, reserved 1114112K
  class space    used 9852K, committed 10112K, reserved 1048576K
}
Event: 11.715 GC heap before
{Heap before GC invocations=22 (full 0):
 garbage-first heap   total 166912K, used 119778K [0x0000000083600000, 0x0000000100000000)
  region size 1024K, 63 young (64512K), 1 survivors (1024K)
 Metaspace       used 68578K, committed 69184K, reserved 1114112K
  class space    used 9852K, committed 10112K, reserved 1048576K
}
Event: 11.726 GC heap after
{Heap after GC invocations=23 (full 0):
 garbage-first heap   total 166912K, used 69994K [0x0000000083600000, 0x0000000100000000)
  region size 1024K, 8 young (8192K), 8 survivors (8192K)
 Metaspace       used 68578K, committed 69184K, reserved 1114112K
  class space    used 9852K, committed 10112K, reserved 1048576K
}
Event: 11.825 GC heap before
{Heap before GC invocations=23 (full 0):
 garbage-first heap   total 166912K, used 121194K [0x0000000083600000, 0x0000000100000000)
  region size 1024K, 57 young (58368K), 8 survivors (8192K)
 Metaspace       used 68587K, committed 69184K, reserved 1114112K
  class space    used 9854K, committed 10112K, reserved 1048576K
}
Event: 11.838 GC heap after
{Heap after GC invocations=24 (full 0):
 garbage-first heap   total 166912K, used 83016K [0x0000000083600000, 0x0000000100000000)
  region size 1024K, 8 young (8192K), 8 survivors (8192K)
 Metaspace       used 68587K, committed 69184K, reserved 1114112K
  class space    used 9854K, committed 10112K, reserved 1048576K
}
Event: 11.840 GC heap before
{Heap before GC invocations=24 (full 0):
 garbage-first heap   total 166912K, used 83016K [0x0000000083600000, 0x0000000100000000)
  region size 1024K, 9 young (9216K), 8 survivors (8192K)
 Metaspace       used 68587K, committed 69184K, reserved 1114112K
  class space    used 9854K, committed 10112K, reserved 1048576K
}
Event: 11.846 GC heap after
{Heap after GC invocations=25 (full 0):
 garbage-first heap   total 166912K, used 84589K [0x0000000083600000, 0x0000000100000000)
  region size 1024K, 1 young (1024K), 1 survivors (1024K)
 Metaspace       used 68587K, committed 69184K, reserved 1114112K
  class space    used 9854K, committed 10112K, reserved 1048576K
}
Event: 11.929 GC heap before
{Heap before GC invocations=25 (full 0):
 garbage-first heap   total 191488K, used 117357K [0x0000000083600000, 0x0000000100000000)
  region size 1024K, 39 young (39936K), 1 survivors (1024K)
 Metaspace       used 68587K, committed 69184K, reserved 1114112K
  class space    used 9854K, committed 10112K, reserved 1048576K
}

Dll operation events (14 events):
Event: 0.011 Loaded shared library C:\Users\alexc\.jdks\corretto-17.0.10\bin\java.dll
Event: 0.029 Loaded shared library C:\Users\alexc\.jdks\corretto-17.0.10\bin\jsvml.dll
Event: 0.113 Loaded shared library C:\Users\alexc\.jdks\corretto-17.0.10\bin\zip.dll
Event: 0.115 Loaded shared library C:\Users\alexc\.jdks\corretto-17.0.10\bin\instrument.dll
Event: 0.121 Loaded shared library C:\Users\alexc\.jdks\corretto-17.0.10\bin\net.dll
Event: 0.122 Loaded shared library C:\Users\alexc\.jdks\corretto-17.0.10\bin\nio.dll
Event: 0.125 Loaded shared library C:\Users\alexc\.jdks\corretto-17.0.10\bin\zip.dll
Event: 0.331 Loaded shared library D:\IntelliJ IDEA 2024.1\bin\breakgen64.dll
Event: 0.336 Loaded shared library C:\Users\alexc\.jdks\corretto-17.0.10\bin\jimage.dll
Event: 0.341 Loaded shared library C:\Users\alexc\.jdks\corretto-17.0.10\bin\extnet.dll
Event: 0.351 Loaded shared library C:\Users\alexc\.jdks\corretto-17.0.10\bin\management.dll
Event: 0.368 Loaded shared library C:\Users\alexc\.jdks\corretto-17.0.10\bin\management_ext.dll
Event: 6.667 Loaded shared library C:\Users\alexc\.jdks\corretto-17.0.10\bin\verify.dll
Event: 6.959 Loaded shared library C:\Users\alexc\.jdks\corretto-17.0.10\bin\sunmscapi.dll

Deoptimization events (8 events):
Event: 1.730 Thread 0x0000021e068215c0 DEOPT PACKING pc=0x0000021e0e5c381c sp=0x000000871a7fe080
Event: 1.730 Thread 0x0000021e068215c0 DEOPT UNPACKING pc=0x0000021e0e37ace3 sp=0x000000871a7fd548 mode 0
Event: 10.416 Thread 0x0000021e068215c0 DEOPT PACKING pc=0x0000021e0e8e59a4 sp=0x000000871a7fc730
Event: 10.416 Thread 0x0000021e068215c0 DEOPT UNPACKING pc=0x0000021e0e37ace3 sp=0x000000871a7fbc88 mode 0
Event: 10.585 Thread 0x0000021e068215c0 DEOPT PACKING pc=0x0000021e0e8557aa sp=0x000000871a7fdf40
Event: 10.585 Thread 0x0000021e068215c0 DEOPT UNPACKING pc=0x0000021e0e37ace3 sp=0x000000871a7fd448 mode 3
Event: 10.585 Thread 0x0000021e068215c0 DEOPT PACKING pc=0x0000021e0e84efa5 sp=0x000000871a7fdf00
Event: 10.585 Thread 0x0000021e068215c0 DEOPT UNPACKING pc=0x0000021e0e37ace3 sp=0x000000871a7fd448 mode 3

Classes unloaded (0 events):
No events

Classes redefined (0 events):
No events

Internal exceptions (20 events):
Event: 11.815 Thread 0x0000021e602ad770 Exception <a 'sun/nio/fs/WindowsException'{0x000000008ad77c40}> (0x000000008ad77c40) 
thrown [s\src\hotspot\share\prims\jni.cpp, line 516]
Event: 11.815 Thread 0x0000021e602ad770 Exception <a 'sun/nio/fs/WindowsException'{0x000000008ad77f40}> (0x000000008ad77f40) 
thrown [s\src\hotspot\share\prims\jni.cpp, line 516]
Event: 11.815 Thread 0x0000021e602ad770 Exception <a 'sun/nio/fs/WindowsException'{0x000000008ad788b8}> (0x000000008ad788b8) 
thrown [s\src\hotspot\share\prims\jni.cpp, line 516]
Event: 11.815 Thread 0x0000021e602ad770 Exception <a 'sun/nio/fs/WindowsException'{0x000000008ad78bf8}> (0x000000008ad78bf8) 
thrown [s\src\hotspot\share\prims\jni.cpp, line 516]
Event: 11.815 Thread 0x0000021e602ad770 Exception <a 'sun/nio/fs/WindowsException'{0x000000008ad79548}> (0x000000008ad79548) 
thrown [s\src\hotspot\share\prims\jni.cpp, line 516]
Event: 11.815 Thread 0x0000021e602ad770 Exception <a 'sun/nio/fs/WindowsException'{0x000000008ad79858}> (0x000000008ad79858) 
thrown [s\src\hotspot\share\prims\jni.cpp, line 516]
Event: 11.815 Thread 0x0000021e602ad770 Exception <a 'sun/nio/fs/WindowsException'{0x000000008ad7a180}> (0x000000008ad7a180) 
thrown [s\src\hotspot\share\prims\jni.cpp, line 516]
Event: 11.815 Thread 0x0000021e602ad770 Exception <a 'sun/nio/fs/WindowsException'{0x000000008ad7a450}> (0x000000008ad7a450) 
thrown [s\src\hotspot\share\prims\jni.cpp, line 516]
Event: 11.816 Thread 0x0000021e602ad770 Exception <a 'sun/nio/fs/WindowsException'{0x000000008ad7ad88}> (0x000000008ad7ad88) 
thrown [s\src\hotspot\share\prims\jni.cpp, line 516]
Event: 11.816 Thread 0x0000021e602ad770 Exception <a 'sun/nio/fs/WindowsException'{0x000000008ad7b078}> (0x000000008ad7b078) 
thrown [s\src\hotspot\share\prims\jni.cpp, line 516]
Event: 11.816 Thread 0x0000021e602ad770 Exception <a 'sun/nio/fs/WindowsException'{0x000000008ad7b9a0}> (0x000000008ad7b9a0) 
thrown [s\src\hotspot\share\prims\jni.cpp, line 516]
Event: 11.816 Thread 0x0000021e602ad770 Exception <a 'sun/nio/fs/WindowsException'{0x000000008ad7bc80}> (0x000000008ad7bc80) 
thrown [s\src\hotspot\share\prims\jni.cpp, line 516]
Event: 11.816 Thread 0x0000021e602ad770 Exception <a 'sun/nio/fs/WindowsException'{0x000000008ad7c5b8}> (0x000000008ad7c5b8) 
thrown [s\src\hotspot\share\prims\jni.cpp, line 516]
Event: 11.816 Thread 0x0000021e602ad770 Exception <a 'sun/nio/fs/WindowsException'{0x000000008ad7c8a8}> (0x000000008ad7c8a8) 
thrown [s\src\hotspot\share\prims\jni.cpp, line 516]
Event: 11.816 Thread 0x0000021e602ad770 Exception <a 'sun/nio/fs/WindowsException'{0x000000008ad7d1f8}> (0x000000008ad7d1f8) 
thrown [s\src\hotspot\share\prims\jni.cpp, line 516]
Event: 11.816 Thread 0x0000021e602ad770 Exception <a 'sun/nio/fs/WindowsException'{0x000000008ad7d508}> (0x000000008ad7d508) 
thrown [s\src\hotspot\share\prims\jni.cpp, line 516]
Event: 11.816 Thread 0x0000021e602ad770 Exception <a 'sun/nio/fs/WindowsException'{0x000000008ad7de70}> (0x000000008ad7de70) 
thrown [s\src\hotspot\share\prims\jni.cpp, line 516]
Event: 11.816 Thread 0x0000021e602ad770 Exception <a 'sun/nio/fs/WindowsException'{0x000000008ad7e198}> (0x000000008ad7e198) 
thrown [s\src\hotspot\share\prims\jni.cpp, line 516]
Event: 11.816 Thread 0x0000021e602ad770 Exception <a 'sun/nio/fs/WindowsException'{0x000000008ad7eaf8}> (0x000000008ad7eaf8) 
thrown [s\src\hotspot\share\prims\jni.cpp, line 516]
Event: 11.816 Thread 0x0000021e602ad770 Exception <a 'sun/nio/fs/WindowsException'{0x000000008ad7ee18}> (0x000000008ad7ee18) 
thrown [s\src\hotspot\share\prims\jni.cpp, line 516]

VM Operations (20 events):
Event: 11.459 Executing VM operation: G1CollectForAllocation done
Event: 11.507 Executing VM operation: G1PauseRemark
Event: 11.512 Executing VM operation: G1PauseRemark done
Event: 11.523 Executing VM operation: HandshakeAllThreads
Event: 11.523 Executing VM operation: HandshakeAllThreads done
Event: 11.535 Executing VM operation: G1PauseCleanup
Event: 11.535 Executing VM operation: G1PauseCleanup done
Event: 11.571 Executing VM operation: G1CollectForAllocation
Event: 11.577 Executing VM operation: G1CollectForAllocation done
Event: 11.578 Executing VM operation: G1TryInitiateConcMark
Event: 11.582 Executing VM operation: G1TryInitiateConcMark done
Event: 11.715 Executing VM operation: G1CollectForAllocation
Event: 11.727 Executing VM operation: G1CollectForAllocation done
Event: 11.825 Executing VM operation: G1CollectForAllocation
Event: 11.840 Executing VM operation: G1CollectForAllocation done
Event: 11.840 Executing VM operation: G1TryInitiateConcMark
Event: 11.846 Executing VM operation: G1TryInitiateConcMark done
Event: 11.912 Executing VM operation: G1PauseRemark
Event: 11.916 Executing VM operation: G1PauseRemark done
Event: 11.928 Executing VM operation: G1CollectForAllocation

Events (20 events):
Event: 11.797 Thread 0x0000021e602ac330 Thread exited: 0x0000021e602ac330
Event: 11.797 Thread 0x0000021e602acd50 Thread exited: 0x0000021e602acd50
Event: 11.797 Thread 0x0000021e602ad260 Thread exited: 0x0000021e602ad260
Event: 11.797 Thread 0x0000021e602a9ab0 Thread exited: 0x0000021e602a9ab0
Event: 11.812 Thread 0x0000021e602a9fc0 Thread added: 0x0000021e602a9fc0
Event: 11.813 Thread 0x0000021e602ad770 Thread added: 0x0000021e602ad770
Event: 11.813 Thread 0x0000021e602acd50 Thread added: 0x0000021e602acd50
Event: 11.813 Thread 0x0000021e602aa4d0 Thread added: 0x0000021e602aa4d0
Event: 11.813 Thread 0x0000021e602abe20 Thread added: 0x0000021e602abe20
Event: 11.813 Thread 0x0000021e602ad260 Thread added: 0x0000021e602ad260
Event: 11.813 Thread 0x0000021e602adc80 Thread added: 0x0000021e602adc80
Event: 11.813 Thread 0x0000021e602aa9e0 Thread added: 0x0000021e602aa9e0
Event: 11.814 Thread 0x0000021e602aaef0 Thread added: 0x0000021e602aaef0
Event: 11.814 Thread 0x0000021e602ae190 Thread added: 0x0000021e602ae190
Event: 11.814 Thread 0x0000021e602ae6a0 Thread added: 0x0000021e602ae6a0
Event: 11.814 Thread 0x0000021e602aebb0 Thread added: 0x0000021e602aebb0
Event: 11.815 Thread 0x0000021e602af5d0 Thread added: 0x0000021e602af5d0
Event: 11.817 Thread 0x0000021e602a8b80 Thread added: 0x0000021e602a8b80
Event: 11.906 Thread 0x0000021e602a8160 Thread added: 0x0000021e602a8160
Event: 11.916 Thread 0x0000021e602a8160 Thread exited: 0x0000021e602a8160


Dynamic libraries:
0x00007ff79d400000 - 0x00007ff79d40e000 	C:\Users\alexc\.jdks\corretto-17.0.10\bin\java.exe
0x00007ff955770000 - 0x00007ff955986000 	C:\Windows\SYSTEM32\ntdll.dll
0x00007ff954d30000 - 0x00007ff954df4000 	C:\Windows\System32\KERNEL32.DLL
0x00007ff953000000 - 0x00007ff9533a7000 	C:\Windows\System32\KERNELBASE.dll
0x00007ff952a90000 - 0x00007ff952ba1000 	C:\Windows\System32\ucrtbase.dll
0x00007ff9236a0000 - 0x00007ff9236bb000 	C:\Users\alexc\.jdks\corretto-17.0.10\bin\VCRUNTIME140.dll
0x00007ff923660000 - 0x00007ff923677000 	C:\Users\alexc\.jdks\corretto-17.0.10\bin\jli.dll
0x00007ff9552e0000 - 0x00007ff95548e000 	C:\Windows\System32\USER32.dll
0x00007ff934410000 - 0x00007ff9346a3000 	C:\Windows\WinSxS\amd64_microsoft.windows.common-controls_6595b64144ccf1df_6.0.22621.3235_none_270f74e173860f98\COMCTL32.dll
0x00007ff952e70000 - 0x00007ff952e96000 	C:\Windows\System32\win32u.dll
0x00007ff954250000 - 0x00007ff9542f7000 	C:\Windows\System32\msvcrt.dll
0x00007ff954e00000 - 0x00007ff954e29000 	C:\Windows\System32\GDI32.dll
0x00007ff952d50000 - 0x00007ff952e69000 	C:\Windows\System32\gdi32full.dll
0x00007ff952f60000 - 0x00007ff952ffa000 	C:\Windows\System32\msvcp_win.dll
0x00007ff954f50000 - 0x00007ff954f81000 	C:\Windows\System32\IMM32.DLL
0x00007ff923690000 - 0x00007ff92369c000 	C:\Users\alexc\.jdks\corretto-17.0.10\bin\vcruntime140_1.dll
0x00007ff91dff0000 - 0x00007ff91e07d000 	C:\Users\alexc\.jdks\corretto-17.0.10\bin\msvcp140.dll
0x00007ff8ba260000 - 0x00007ff8baec2000 	C:\Users\alexc\.jdks\corretto-17.0.10\bin\server\jvm.dll
0x00007ff954410000 - 0x00007ff9544c2000 	C:\Windows\System32\ADVAPI32.dll
0x00007ff955230000 - 0x00007ff9552d8000 	C:\Windows\System32\sechost.dll
0x00007ff952d20000 - 0x00007ff952d48000 	C:\Windows\System32\bcrypt.dll
0x00007ff954e30000 - 0x00007ff954f45000 	C:\Windows\System32\RPCRT4.dll
0x00007ff93dae0000 - 0x00007ff93dae9000 	C:\Windows\SYSTEM32\WSOCK32.dll
0x00007ff952360000 - 0x00007ff9523ad000 	C:\Windows\SYSTEM32\POWRPROF.dll
0x00007ff947700000 - 0x00007ff947734000 	C:\Windows\SYSTEM32\WINMM.dll
0x00007ff9551b0000 - 0x00007ff955221000 	C:\Windows\System32\WS2_32.dll
0x00007ff947cb0000 - 0x00007ff947cba000 	C:\Windows\SYSTEM32\VERSION.dll
0x00007ff952340000 - 0x00007ff952353000 	C:\Windows\SYSTEM32\UMPDC.dll
0x00007ff951a70000 - 0x00007ff951a88000 	C:\Windows\SYSTEM32\kernel.appcore.dll
0x00007ff923640000 - 0x00007ff92364a000 	C:\Users\alexc\.jdks\corretto-17.0.10\bin\jimage.dll
0x00007ff9500a0000 - 0x00007ff9502d3000 	C:\Windows\SYSTEM32\DBGHELP.DLL
0x00007ff9549a0000 - 0x00007ff954d28000 	C:\Windows\System32\combase.dll
0x00007ff955490000 - 0x00007ff955567000 	C:\Windows\System32\OLEAUT32.dll
0x00007ff946860000 - 0x00007ff946892000 	C:\Windows\SYSTEM32\dbgcore.DLL
0x00007ff953420000 - 0x00007ff953499000 	C:\Windows\System32\bcryptPrimitives.dll
0x00007ff928cf0000 - 0x00007ff928cfe000 	C:\Users\alexc\.jdks\corretto-17.0.10\bin\instrument.dll
0x00007ff922f80000 - 0x00007ff922fa5000 	C:\Users\alexc\.jdks\corretto-17.0.10\bin\java.dll
0x00007ff902490000 - 0x00007ff902567000 	C:\Users\alexc\.jdks\corretto-17.0.10\bin\jsvml.dll
0x00007ff9534c0000 - 0x00007ff953d1c000 	C:\Windows\System32\SHELL32.dll
0x00007ff9509f0000 - 0x00007ff9512e9000 	C:\Windows\SYSTEM32\windows.storage.dll
0x00007ff9508b0000 - 0x00007ff9509ee000 	C:\Windows\SYSTEM32\wintypes.dll
0x00007ff954140000 - 0x00007ff954233000 	C:\Windows\System32\SHCORE.dll
0x00007ff9540e0000 - 0x00007ff95413e000 	C:\Windows\System32\shlwapi.dll
0x00007ff9529c0000 - 0x00007ff9529e1000 	C:\Windows\SYSTEM32\profapi.dll
0x00007ff91da30000 - 0x00007ff91da48000 	C:\Users\alexc\.jdks\corretto-17.0.10\bin\zip.dll
0x00007ff922f60000 - 0x00007ff922f79000 	C:\Users\alexc\.jdks\corretto-17.0.10\bin\net.dll
0x00007ff948cb0000 - 0x00007ff948de6000 	C:\Windows\SYSTEM32\WINHTTP.dll
0x00007ff951f40000 - 0x00007ff951fa9000 	C:\Windows\system32\mswsock.dll
0x00007ff922670000 - 0x00007ff922686000 	C:\Users\alexc\.jdks\corretto-17.0.10\bin\nio.dll
0x00007ff91c3d0000 - 0x00007ff91c3ea000 	D:\IntelliJ IDEA 2024.1\bin\breakgen64.dll
0x00007ff922660000 - 0x00007ff922669000 	C:\Users\alexc\.jdks\corretto-17.0.10\bin\extnet.dll
0x00007ff9515c0000 - 0x00007ff9516b9000 	C:\Windows\SYSTEM32\DNSAPI.dll
0x00007ff951550000 - 0x00007ff95157d000 	C:\Windows\SYSTEM32\IPHLPAPI.DLL
0x00007ff9550f0000 - 0x00007ff9550f9000 	C:\Windows\System32\NSI.dll
0x00007ff947ca0000 - 0x00007ff947caa000 	C:\Windows\System32\rasadhlp.dll
0x00007ff947330000 - 0x00007ff9473b3000 	C:\Windows\System32\fwpuclnt.dll
0x00007ff928d70000 - 0x00007ff928d79000 	C:\Users\alexc\.jdks\corretto-17.0.10\bin\management.dll
0x00007ff928d60000 - 0x00007ff928d6b000 	C:\Users\alexc\.jdks\corretto-17.0.10\bin\management_ext.dll
0x00007ff9540d0000 - 0x00007ff9540d8000 	C:\Windows\System32\PSAPI.DLL
0x00007ff9521a0000 - 0x00007ff9521bb000 	C:\Windows\SYSTEM32\CRYPTSP.dll
0x00007ff951a30000 - 0x00007ff951a65000 	C:\Windows\system32\rsaenh.dll
0x00007ff952040000 - 0x00007ff952068000 	C:\Windows\SYSTEM32\USERENV.dll
0x00007ff9521c0000 - 0x00007ff9521cc000 	C:\Windows\SYSTEM32\CRYPTBASE.dll
0x00007ff948a10000 - 0x00007ff948a29000 	C:\Windows\SYSTEM32\dhcpcsvc6.DLL
0x00007ff9489f0000 - 0x00007ff948a0f000 	C:\Windows\SYSTEM32\dhcpcsvc.DLL
0x00007ff937160000 - 0x00007ff937177000 	C:\Windows\system32\napinsp.dll
0x00007ff936fa0000 - 0x00007ff936fbb000 	C:\Windows\system32\pnrpnsp.dll
0x00007ff936e40000 - 0x00007ff936e51000 	C:\Windows\System32\winrnr.dll
0x00007ff947020000 - 0x00007ff947035000 	C:\Windows\system32\wshbth.dll
0x00007ff936e10000 - 0x00007ff936e31000 	C:\Windows\system32\nlansp_c.dll
0x00007ff91e550000 - 0x00007ff91e560000 	C:\Users\alexc\.jdks\corretto-17.0.10\bin\verify.dll
0x00007ff928d50000 - 0x00007ff928d5e000 	C:\Users\alexc\.jdks\corretto-17.0.10\bin\sunmscapi.dll
0x00007ff952bb0000 - 0x00007ff952d17000 	C:\Windows\System32\CRYPT32.dll
0x00007ff952450000 - 0x00007ff95247e000 	C:\Windows\SYSTEM32\ncrypt.dll
0x00007ff952410000 - 0x00007ff952447000 	C:\Windows\SYSTEM32\NTASN1.dll

dbghelp: loaded successfully - version: 4.0.5 - missing functions: none
symbol engine: initialized successfully - sym options: 0x614 - pdb path: .;C:\Users\alexc\.jdks\corretto-17.0.10\bin;C:\Windows\SYSTEM32;C:\Windows\WinSxS\amd64_microsoft.windows.common-controls_6595b64144ccf1df_6.0.22621.3235_none_270f74e173860f98;C:\Users\alexc\.jdks\corretto-17.0.10\bin\server;D:\IntelliJ IDEA 2024.1\bin

VM Arguments:
jvm_args: -XX:TieredStopAtLevel=1 -Dspring.output.ansi.enabled=always -Dcom.sun.management.jmxremote -Dspring.jmx.enabled=true -Dspring.liveBeansView.mbeanDomain -Dspring.application.admin.enabled=true -Dmanagement.endpoints.jmx.exposure.include=* -javaagent:D:\IntelliJ IDEA 2024.1\lib\idea_rt.jar=51188:D:\IntelliJ IDEA 2024.1\bin -Dfile.encoding=UTF-8 
java_command: com.example.mscatalogo.MsCatalogoApplication
java_class_path (initial): C:\Users\alexc\Music\Client\DAD-2024-G1\ms-catalogo\target\classes;C:\Users\alexc\.m2\repository\org\springframework\boot\spring-boot-starter-data-jpa\3.1.3\spring-boot-starter-data-jpa-3.1.3.jar;C:\Users\alexc\.m2\repository\org\springframework\boot\spring-boot-starter-aop\3.1.3\spring-boot-starter-aop-3.1.3.jar;C:\Users\alexc\.m2\repository\org\springframework\spring-aop\6.0.11\spring-aop-6.0.11.jar;C:\Users\alexc\.m2\repository\org\aspectj\aspectjweaver\1.9.20\aspectjweaver-1.9.20.jar;C:\Users\alexc\.m2\repository\org\springframework\boot\spring-boot-starter-jdbc\3.1.3\spring-boot-starter-jdbc-3.1.3.jar;C:\Users\alexc\.m2\repository\com\zaxxer\HikariCP\5.0.1\HikariCP-5.0.1.jar;C:\Users\alexc\.m2\repository\org\springframework\spring-jdbc\6.0.11\spring-jdbc-6.0.11.jar;C:\Users\alexc\.m2\repository\org\hibernate\orm\hibernate-core\6.2.7.Final\hibernate-core-6.2.7.Final.jar;C:\Users\alexc\.m2\repository\jakarta\persistence\jakarta.persistence-api\3.1.0\jakarta.persistence-api-3.1.0.jar;C:\Users\alexc\.m2\repository\jakarta\transaction\jakarta.transaction-api\2.0.1\jakarta.transaction-api-2.0.1.jar;C:\Users\alexc\.m2\repository\org\jboss\logging\jboss-logging\3.5.3.Final\jboss-logging-3.5.3.Final.jar;C:\Users\alexc\.m2\repository\org\hibernate\common\hibernate-commons-annotations\6.0.6.Final\hibernate-commons-annotations-6.0.6.Final.jar;C:\Users\alexc\.m2\repository\io\smallrye\jandex\3.0.5\jandex-3.0.5.jar;C:\Users\alexc\.m2\repository\com\fasterxml\classmate\1.5.1\classmate-1.5.1.jar;C:\Users\alexc\.m2\repository\net\bytebuddy\byte-buddy\1.14.6\byte-buddy-1.14.6.jar;C:\Users\alexc\.m2\repository\org\glassfish\jaxb\jaxb-runtime\4.0.3\jaxb-runtime-4.0.3.jar;C:\Users\alexc\.m2\repository\org\glassfish\jaxb\jaxb-core\4.0.3\jaxb-core-4.0.3.jar;C:\Users\alexc\.m2\repository\org\eclipse\angus\angus-activation\2.0.1\angus-activation-2.0.1.jar;C:\Users\alexc\.m2\repository\org\glassfish\jaxb\txw2\4.0.3\txw2-4.0.3.jar;C:\Users\alexc\.m2\repositor
Launcher Type: SUN_STANDARD

[Global flags]
     intx CICompilerCount                          = 4                                         {product} {ergonomic}
     uint ConcGCThreads                            = 2                                         {product} {ergonomic}
     uint G1ConcRefinementThreads                  = 8                                         {product} {ergonomic}
   size_t G1HeapRegionSize                         = 1048576                                   {product} {ergonomic}
    uintx GCDrainStackTargetSize                   = 64                                        {product} {ergonomic}
   size_t InitialHeapSize                          = 132120576                                 {product} {ergonomic}
     bool ManagementServer                         = true                                      {product} {command line}
   size_t MarkStackSize                            = 4194304                                   {product} {ergonomic}
   size_t MaxHeapSize                              = 2090860544                                {product} {ergonomic}
   size_t MaxNewSize                               = 1254096896                                {product} {ergonomic}
   size_t MinHeapDeltaBytes                        = 1048576                                   {product} {ergonomic}
   size_t MinHeapSize                              = 8388608                                   {product} {ergonomic}
    uintx NonProfiledCodeHeapSize                  = 0                                      {pd product} {ergonomic}
     bool ProfileInterpreter                       = false                                  {pd product} {command line}
    uintx ProfiledCodeHeapSize                     = 0                                      {pd product} {ergonomic}
   size_t SoftMaxHeapSize                          = 2090860544                             {manageable} {ergonomic}
     intx TieredStopAtLevel                        = 1                                         {product} {command line}
     bool UseCompressedClassPointers               = true                           {product lp64_product} {ergonomic}
     bool UseCompressedOops                        = true                           {product lp64_product} {ergonomic}
     bool UseG1GC                                  = true                                      {product} {ergonomic}
     bool UseLargePagesIndividualAllocation        = false                                  {pd product} {ergonomic}

Logging:
Log output configuration:
 #0: stdout all=warning uptime,level,tags
 #1: stderr all=off uptime,level,tags

Environment Variables:
JAVA_HOME=C:\Program Files\Eclipse Adoptium\jdk-21.0.1.12-hotspot\
PATH=C:\Program Files\Eclipse Adoptium\jdk-21.0.1.12-hotspot\bin;C:\app\alexc\product\21c\dbhomeXE\bin;C:\Program Files (x86)\Common Files\Oracle\Java\javapath;C:\Windows\system32;C:\Windows;C:\Windows\System32\Wbem;C:\Windows\System32\WindowsPowerShell\v1.0\;C:\Windows\System32\OpenSSH\;C:\Program Files\nodejs\;C:\Program Files\Git\cmd;C:\xampp\php;C:\composer;C:\Program Files (x86)\Microchip\MPLAB C32 Suite\bin;C:\Users\alexc\AppData\Local\Microsoft\WindowsApps;;C:\Users\alexc\AppData\Local\Programs\Microsoft VS Code\bin;C:\Users\alexc\AppData\Roaming\npm;C:\Users\alexc\AppData\Roaming\Composer\vendor\bin
USERNAME=alexc
OS=Windows_NT
PROCESSOR_IDENTIFIER=Intel64 Family 6 Model 140 Stepping 1, GenuineIntel
TMP=C:\Users\alexc\AppData\Local\Temp
TEMP=C:\Users\alexc\AppData\Local\Temp



Periodic native trim disabled


---------------  S Y S T E M  ---------------

OS:
 Windows 11 , 64 bit Build 22621 (10.0.22621.3374)
OS uptime: 7 days 10:48 hours

CPU: total 8 (initial active 8) (4 cores per cpu, 2 threads per core) family 6 model 140 stepping 1 microcode 0x8a, cx8, cmov, fxsr, ht, mmx, 3dnowpref, sse, sse2, sse3, ssse3, sse4.1, sse4.2, popcnt, lzcnt, tsc, tscinvbit, avx, avx2, aes, erms, clmul, bmi1, bmi2, adx, avx512f, avx512dq, avx512cd, avx512bw, avx512vl, sha, fma, vzeroupper, avx512_vpopcntdq, avx512_vpclmulqdq, avx512_vaes, avx512_vnni, clflush, clflushopt, clwb, avx512_vbmi2, avx512_vbmi
Processor Information for processor 0
  Max Mhz: 2419, Current Mhz: 2419, Mhz Limit: 2419
Processor Information for processor 1
  Max Mhz: 2419, Current Mhz: 2419, Mhz Limit: 2419
Processor Information for processor 2
  Max Mhz: 2419, Current Mhz: 2419, Mhz Limit: 2419
Processor Information for processor 3
  Max Mhz: 2419, Current Mhz: 2419, Mhz Limit: 2419
Processor Information for processor 4
  Max Mhz: 2419, Current Mhz: 2419, Mhz Limit: 2419
Processor Information for processor 5
  Max Mhz: 2419, Current Mhz: 2419, Mhz Limit: 2419
Processor Information for processor 6
  Max Mhz: 2419, Current Mhz: 1209, Mhz Limit: 2419
Processor Information for processor 7
  Max Mhz: 2419, Current Mhz: 2419, Mhz Limit: 2419

Memory: 4k page, system-wide physical 7975M (292M free)
TotalPageFile size 25905M (AvailPageFile size 349M)
current process WorkingSet (physical memory assigned to process): 335M, peak: 335M
current process commit charge ("private bytes"): 395M, peak: 749M

vm_info: OpenJDK 64-Bit Server VM (17.0.10+7-LTS) for windows-amd64 JRE (17.0.10+7-LTS), built on Jan 10 2024 22:11:07 by "Administrator" with MS VC++ 16.10 / 16.11 (VS2019)

END.
