#
# There is insufficient memory for the Java Runtime Environment to continue.
# Native memory allocation (mmap) failed to map 16777216 bytes for G1 virtual space
# Possible reasons:
#   The system is out of physical RAM or swap space
#   The process is running with CompressedOops enabled, and the Java Heap may be blocking the growth of the native heap
# Possible solutions:
#   Reduce memory load on the system
#   Increase physical memory or swap space
#   Check if swap backing store is full
#   Decrease Java heap size (-Xmx/-Xms)
#   Decrease number of Java threads
#   Decrease Java thread stack sizes (-Xss)
#   Set larger code cache with -XX:ReservedCodeCacheSize=
#   JVM is running with Unscaled Compressed Oops mode in which the Java heap is
#     placed in the first 4GB address space. The Java Heap base address is the
#     maximum limit for the native heap growth. Please use -XX:HeapBaseMinAddress
#     to set the Java Heap base and to place the Java Heap above 4GB virtual address.
# This output file may be truncated or incomplete.
#
#  Out of Memory Error (os_windows.cpp:3613), pid=5052, tid=32376
#
# JRE version: OpenJDK Runtime Environment Corretto-17.0.10.7.1 (17.0.10+7) (build 17.0.10+7-LTS)
# Java VM: OpenJDK 64-Bit Server VM Corretto-17.0.10.7.1 (17.0.10+7-LTS, mixed mode, emulated-client, sharing, tiered, compressed oops, compressed class ptrs, g1 gc, windows-amd64)
# No core dump will be written. Minidumps are not enabled by default on client versions of Windows
#

---------------  S U M M A R Y ------------

Command Line: -XX:TieredStopAtLevel=1 -Dspring.output.ansi.enabled=always -Dcom.sun.management.jmxremote -Dspring.jmx.enabled=true -Dspring.liveBeansView.mbeanDomain -Dspring.application.admin.enabled=true -Dmanagement.endpoints.jmx.exposure.include=* -javaagent:D:\IntelliJ IDEA 2024.1\lib\idea_rt.jar=51104:D:\IntelliJ IDEA 2024.1\bin -Dfile.encoding=UTF-8 com.example.mscatalogo.MsCatalogoApplication

Host: 11th Gen Intel(R) Core(TM) i5-1135G7 @ 2.40GHz, 8 cores, 7G,  Windows 11 , 64 bit Build 22621 (10.0.22621.3374)
Time: Wed Apr 17 21:54:48 2024 Hora est. Pacífico, Sudamérica elapsed time: 11.732490 seconds (0d 0h 0m 11s)

---------------  T H R E A D  ---------------

Current thread (0x00000152ea0ed030):  VMThread "VM Thread" [stack: 0x0000001a84000000,0x0000001a84100000] [id=32376]

Stack: [0x0000001a84000000,0x0000001a84100000]
Native frames: (J=compiled Java code, j=interpreted, Vv=VM code, C=native code)
V  [jvm.dll+0x67d2c9]
V  [jvm.dll+0x834b1a]
V  [jvm.dll+0x8365de]
V  [jvm.dll+0x836c43]
V  [jvm.dll+0x2477ff]
V  [jvm.dll+0x67a109]
V  [jvm.dll+0x66eb7a]
V  [jvm.dll+0x30764b]
V  [jvm.dll+0x30eaf6]
V  [jvm.dll+0x35e83e]
V  [jvm.dll+0x35ea6f]
V  [jvm.dll+0x2de248]
V  [jvm.dll+0x2dc424]
V  [jvm.dll+0x2dba2c]
V  [jvm.dll+0x31faeb]
V  [jvm.dll+0x83b13b]
V  [jvm.dll+0x83be81]
V  [jvm.dll+0x83c39d]
V  [jvm.dll+0x83c774]
V  [jvm.dll+0x83c840]
V  [jvm.dll+0x7e3fda]
V  [jvm.dll+0x67c1b5]
C  [ucrtbase.dll+0x29333]
C  [KERNEL32.DLL+0x1257d]
C  [ntdll.dll+0x5aa48]

VM_Operation (0x0000001a86bfd9a0): G1CollectForAllocation, mode: safepoint, requested by thread 0x00000152f0b42300


---------------  P R O C E S S  ---------------

Threads class SMR info:
_java_thread_list=0x00000152efa2bb40, length=39, elements={
0x00000152d5fe0770, 0x00000152ea0f0270, 0x00000152ea0f15d0, 0x00000152ea106970,
0x00000152ea107530, 0x00000152ea10a000, 0x00000152ea10d170, 0x00000152ea10e380,
0x00000152ea115200, 0x00000152ea400a30, 0x00000152ea4090d0, 0x00000152ea9cd6e0,
0x00000152ea9cdbc0, 0x00000152eaaadc30, 0x00000152eaba6280, 0x00000152eabdc580,
0x00000152ef588020, 0x00000152eae61f40, 0x00000152ef585290, 0x00000152ef587600,
0x00000152ef5870f0, 0x00000152ef585cb0, 0x00000152ef588530, 0x00000152ef5861c0,
0x00000152ef584d80, 0x00000152f0b44670, 0x00000152f0b3ff90, 0x00000152f0b44b80,
0x00000152f0b3f060, 0x00000152f0b413d0, 0x00000152f0b469e0, 0x00000152f0b3fa80,
0x00000152f0b42300, 0x00000152f0b409b0, 0x00000152f0b42d20, 0x00000152f0b404a0,
0x00000152f0b45fc0, 0x00000152f0b418e0, 0x00000152f0b41df0
}

Java Threads: ( => current thread )
  0x00000152d5fe0770 JavaThread "main" [_thread_blocked, id=1124, stack(0x0000001a83a00000,0x0000001a83b00000)]
  0x00000152ea0f0270 JavaThread "Reference Handler" daemon [_thread_blocked, id=28920, stack(0x0000001a84100000,0x0000001a84200000)]
  0x00000152ea0f15d0 JavaThread "Finalizer" daemon [_thread_blocked, id=29340, stack(0x0000001a84200000,0x0000001a84300000)]
  0x00000152ea106970 JavaThread "Signal Dispatcher" daemon [_thread_blocked, id=3032, stack(0x0000001a84300000,0x0000001a84400000)]
  0x00000152ea107530 JavaThread "Attach Listener" daemon [_thread_blocked, id=14064, stack(0x0000001a84400000,0x0000001a84500000)]
  0x00000152ea10a000 JavaThread "Service Thread" daemon [_thread_blocked, id=28808, stack(0x0000001a84500000,0x0000001a84600000)]
  0x00000152ea10d170 JavaThread "Monitor Deflation Thread" daemon [_thread_blocked, id=31864, stack(0x0000001a84600000,0x0000001a84700000)]
  0x00000152ea10e380 JavaThread "C1 CompilerThread0" daemon [_thread_blocked, id=21136, stack(0x0000001a84700000,0x0000001a84800000)]
  0x00000152ea115200 JavaThread "Sweeper thread" daemon [_thread_blocked, id=27720, stack(0x0000001a84800000,0x0000001a84900000)]
  0x00000152ea400a30 JavaThread "Common-Cleaner" daemon [_thread_blocked, id=8540, stack(0x0000001a84900000,0x0000001a84a00000)]
  0x00000152ea4090d0 JavaThread "C1 CompilerThread1" daemon [_thread_blocked, id=19936, stack(0x0000001a84a00000,0x0000001a84b00000)]
  0x00000152ea9cd6e0 JavaThread "Monitor Ctrl-Break" daemon [_thread_in_native, id=16396, stack(0x0000001a84b00000,0x0000001a84c00000)]
  0x00000152ea9cdbc0 JavaThread "Notification Thread" daemon [_thread_blocked, id=27800, stack(0x0000001a84c00000,0x0000001a84d00000)]
  0x00000152eaaadc30 JavaThread "RMI TCP Accept-0" daemon [_thread_in_native, id=28276, stack(0x0000001a84d00000,0x0000001a84e00000)]
  0x00000152eaba6280 JavaThread "RMI TCP Connection(1)-192.168.100.36" daemon [_thread_in_native, id=5912, stack(0x0000001a84e00000,0x0000001a84f00000)]
  0x00000152eabdc580 JavaThread "RMI Scheduler(0)" daemon [_thread_blocked, id=30232, stack(0x0000001a85000000,0x0000001a85100000)]
  0x00000152ef588020 JavaThread "RMI TCP Connection(2)-192.168.100.36" daemon [_thread_in_native, id=3524, stack(0x0000001a85100000,0x0000001a85200000)]
  0x00000152eae61f40 JavaThread "C1 CompilerThread2" daemon [_thread_blocked, id=22732, stack(0x0000001a85a00000,0x0000001a85b00000)]
  0x00000152ef585290 JavaThread "Keep-Alive-Timer" daemon [_thread_blocked, id=28316, stack(0x0000001a85c00000,0x0000001a85d00000)]
  0x00000152ef587600 JavaThread "Catalina-utility-1" [_thread_blocked, id=15472, stack(0x0000001a85d00000,0x0000001a85e00000)]
  0x00000152ef5870f0 JavaThread "Catalina-utility-2" [_thread_blocked, id=30604, stack(0x0000001a85f00000,0x0000001a86000000)]
  0x00000152ef585cb0 JavaThread "container-0" [_thread_blocked, id=27728, stack(0x0000001a86000000,0x0000001a86100000)]
  0x00000152ef588530 JavaThread "mysql-cj-abandoned-connection-cleanup" daemon [_thread_blocked, id=11516, stack(0x0000001a86100000,0x0000001a86200000)]
  0x00000152ef5861c0 JavaThread "HikariPool-1 housekeeper" daemon [_thread_blocked, id=28600, stack(0x0000001a86200000,0x0000001a86300000)]
  0x00000152ef584d80 JavaThread "HikariPool-1 connection adder" daemon [_thread_blocked, id=16760, stack(0x0000001a86300000,0x0000001a86400000)]
  0x00000152f0b44670 JavaThread "ClassGraph-worker-0" daemon [_thread_blocked, id=3272, stack(0x0000001a86400000,0x0000001a86500000)]
  0x00000152f0b3ff90 JavaThread "ClassGraph-worker-1" daemon [_thread_blocked, id=3108, stack(0x0000001a86500000,0x0000001a86600000)]
  0x00000152f0b44b80 JavaThread "ClassGraph-worker-2" daemon [_thread_blocked, id=11752, stack(0x0000001a86600000,0x0000001a86700000)]
  0x00000152f0b3f060 JavaThread "ClassGraph-worker-3" daemon [_thread_blocked, id=29084, stack(0x0000001a86700000,0x0000001a86800000)]
  0x00000152f0b413d0 JavaThread "ClassGraph-worker-4" daemon [_thread_blocked, id=20824, stack(0x0000001a86800000,0x0000001a86900000)]
  0x00000152f0b469e0 JavaThread "ClassGraph-worker-5" daemon [_thread_blocked, id=25948, stack(0x0000001a86900000,0x0000001a86a00000)]
  0x00000152f0b3fa80 JavaThread "ClassGraph-worker-6" daemon [_thread_blocked, id=2252, stack(0x0000001a86a00000,0x0000001a86b00000)]
  0x00000152f0b42300 JavaThread "ClassGraph-worker-7" daemon [_thread_blocked, id=25028, stack(0x0000001a86b00000,0x0000001a86c00000)]
  0x00000152f0b409b0 JavaThread "ClassGraph-worker-8" daemon [_thread_blocked, id=5152, stack(0x0000001a86c00000,0x0000001a86d00000)]
  0x00000152f0b42d20 JavaThread "ClassGraph-worker-9" daemon [_thread_blocked, id=32244, stack(0x0000001a86d00000,0x0000001a86e00000)]
  0x00000152f0b404a0 JavaThread "ClassGraph-worker-10" daemon [_thread_blocked, id=9852, stack(0x0000001a86e00000,0x0000001a86f00000)]
  0x00000152f0b45fc0 JavaThread "ClassGraph-worker-11" daemon [_thread_blocked, id=31016, stack(0x0000001a86f00000,0x0000001a87000000)]
  0x00000152f0b418e0 JavaThread "ClassGraph-worker-12" daemon [_thread_blocked, id=25412, stack(0x0000001a87000000,0x0000001a87100000)]
  0x00000152f0b41df0 JavaThread "ClassGraph-worker-13" daemon [_thread_blocked, id=18936, stack(0x0000001a87100000,0x0000001a87200000)]

Other Threads:
=>0x00000152ea0ed030 VMThread "VM Thread" [stack: 0x0000001a84000000,0x0000001a84100000] [id=32376]
  0x00000152eab3a780 WatcherThread [stack: 0x0000001a84f00000,0x0000001a85000000] [id=6292]
  0x00000152d6038b80 GCTaskThread "GC Thread#0" [stack: 0x0000001a83b00000,0x0000001a83c00000] [id=10112]
  0x00000152eab61bc0 GCTaskThread "GC Thread#1" [stack: 0x0000001a85200000,0x0000001a85300000] [id=32088]
  0x00000152eab65b60 GCTaskThread "GC Thread#2" [stack: 0x0000001a85300000,0x0000001a85400000] [id=21620]
  0x00000152eae30740 GCTaskThread "GC Thread#3" [stack: 0x0000001a85400000,0x0000001a85500000] [id=27040]
  0x00000152eacd5d30 GCTaskThread "GC Thread#4" [stack: 0x0000001a85500000,0x0000001a85600000] [id=24920]
  0x00000152eacd3190 GCTaskThread "GC Thread#5" [stack: 0x0000001a85600000,0x0000001a85700000] [id=25376]
  0x00000152eae75950 GCTaskThread "GC Thread#6" [stack: 0x0000001a85700000,0x0000001a85800000] [id=16288]
  0x00000152eae75c10 GCTaskThread "GC Thread#7" [stack: 0x0000001a85800000,0x0000001a85900000] [id=31780]
  0x00000152d604a420 ConcurrentGCThread "G1 Main Marker" [stack: 0x0000001a83c00000,0x0000001a83d00000] [id=31348]
  0x00000152d604ae40 ConcurrentGCThread "G1 Conc#0" [stack: 0x0000001a83d00000,0x0000001a83e00000] [id=21424]
  0x00000152ef7a0c80 ConcurrentGCThread "G1 Conc#1" [stack: 0x0000001a85e00000,0x0000001a85f00000] [id=30556]
  0x00000152e9fa4130 ConcurrentGCThread "G1 Refine#0" [stack: 0x0000001a83e00000,0x0000001a83f00000] [id=17496]
  0x00000152eae303e0 ConcurrentGCThread "G1 Refine#1" [stack: 0x0000001a85900000,0x0000001a85a00000] [id=17468]
  0x00000152e9fa6980 ConcurrentGCThread "G1 Service" [stack: 0x0000001a83f00000,0x0000001a84000000] [id=31720]

Threads with active compile tasks:
C1 CompilerThread0    11754 5734   !   1       nonapi.io.github.classgraph.fastzipfilereader.LogicalZipFile::readCentralDirectory (3373 bytes)
C1 CompilerThread1    11755 5748   !   1       sun.nio.fs.WindowsPath::toAbsolutePath (56 bytes)
C1 CompilerThread2    11755 5740       1       java.util.concurrent.ConcurrentLinkedQueue::poll (84 bytes)

VM state: at safepoint (normal execution)

VM Mutex/Monitor currently owned by a thread:  ([mutex/lock_event])
[0x00000152d5fdb0e0] Threads_lock - owner thread: 0x00000152ea0ed030
[0x00000152d5fdb560] Heap_lock - owner thread: 0x00000152f0b42300

Heap address: 0x0000000083600000, size: 1994 MB, Compressed Oops mode: 32-bit

CDS archive(s) mapped at: [0x0000015280000000-0x0000015280bb0000-0x0000015280bb0000), size 12255232, SharedBaseAddress: 0x0000015280000000, ArchiveRelocationMode: 1.
Compressed class space mapped at: 0x0000015281000000-0x00000152c1000000, reserved size: 1073741824
Narrow klass base: 0x0000015280000000, Narrow klass shift: 0, Narrow klass range: 0x100000000

GC Precious Log:
 CPUs: 8 total, 8 available
 Memory: 7975M
 Large Page Support: Disabled
 NUMA Support: Disabled
 Compressed Oops: Enabled (32-bit)
 Heap Region Size: 1M
 Heap Min Capacity: 8M
 Heap Initial Capacity: 126M
 Heap Max Capacity: 1994M
 Pre-touch: Disabled
 Parallel Workers: 8
 Concurrent Workers: 2
 Concurrent Refinement Workers: 8
 Periodic GC: Disabled

Heap:
 garbage-first heap   total 89088K, used 44320K [0x0000000083600000, 0x0000000100000000)
  region size 1024K, 5 young (5120K), 5 survivors (5120K)
 Metaspace       used 68531K, committed 69056K, reserved 1114112K
  class space    used 9838K, committed 10112K, reserved 1048576K

Heap Regions: E=young(eden), S=young(survivor), O=old, HS=humongous(starts), HC=humongous(continues), CS=collection set, F=free, OA=open archive, CA=closed archive, TAMS=top-at-mark-start (previous, next)
|   0|0x0000000083600000, 0x0000000083700000, 0x0000000083700000|100%|HS|  |TAMS 0x0000000083700000, 0x0000000083600000| Complete 
|   1|0x0000000083700000, 0x0000000083800000, 0x0000000083800000|100%|HS|  |TAMS 0x0000000083800000, 0x0000000083700000| Complete 
|   2|0x0000000083800000, 0x0000000083900000, 0x0000000083900000|100%| O|  |TAMS 0x0000000083900000, 0x0000000083800000| Untracked 
|   3|0x0000000083900000, 0x0000000083a00000, 0x0000000083a00000|100%| O|  |TAMS 0x0000000083a00000, 0x0000000083900000| Untracked 
|   4|0x0000000083a00000, 0x0000000083b00000, 0x0000000083b00000|100%| O|  |TAMS 0x0000000083b00000, 0x0000000083a00000| Untracked 
|   5|0x0000000083b00000, 0x0000000083c00000, 0x0000000083c00000|100%| O|  |TAMS 0x0000000083c00000, 0x0000000083b00000| Untracked 
|   6|0x0000000083c00000, 0x0000000083d00000, 0x0000000083d00000|100%| O|  |TAMS 0x0000000083d00000, 0x0000000083c00000| Untracked 
|   7|0x0000000083d00000, 0x0000000083e00000, 0x0000000083e00000|100%| O|  |TAMS 0x0000000083e00000, 0x0000000083d00000| Untracked 
|   8|0x0000000083e00000, 0x0000000083f00000, 0x0000000083f00000|100%| O|  |TAMS 0x0000000083f00000, 0x0000000083e00000| Untracked 
|   9|0x0000000083f00000, 0x0000000084000000, 0x0000000084000000|100%| O|  |TAMS 0x0000000084000000, 0x0000000083f00000| Untracked 
|  10|0x0000000084000000, 0x0000000084100000, 0x0000000084100000|100%| O|  |TAMS 0x0000000084100000, 0x0000000084000000| Untracked 
|  11|0x0000000084100000, 0x0000000084200000, 0x0000000084200000|100%| O|  |TAMS 0x0000000084200000, 0x0000000084100000| Untracked 
|  12|0x0000000084200000, 0x0000000084300000, 0x0000000084300000|100%| O|  |TAMS 0x0000000084300000, 0x0000000084200000| Untracked 
|  13|0x0000000084300000, 0x0000000084400000, 0x0000000084400000|100%| O|  |TAMS 0x0000000084400000, 0x0000000084300000| Untracked 
|  14|0x0000000084400000, 0x0000000084500000, 0x0000000084500000|100%| O|  |TAMS 0x0000000084500000, 0x0000000084400000| Untracked 
|  15|0x0000000084500000, 0x0000000084600000, 0x0000000084600000|100%| O|  |TAMS 0x0000000084600000, 0x0000000084500000| Untracked 
|  16|0x0000000084600000, 0x0000000084625200, 0x0000000084700000| 14%| O|  |TAMS 0x0000000084625200, 0x0000000084600000| Untracked 
|  17|0x0000000084700000, 0x0000000084800000, 0x0000000084800000|100%| O|  |TAMS 0x0000000084800000, 0x0000000084700000| Untracked 
|  18|0x0000000084800000, 0x0000000084900000, 0x0000000084900000|100%| O|  |TAMS 0x0000000084806200, 0x0000000084800000| Untracked 
|  19|0x0000000084900000, 0x0000000084a00000, 0x0000000084a00000|100%| O|  |TAMS 0x0000000084900000, 0x0000000084900000| Untracked 
|  20|0x0000000084a00000, 0x0000000084b00000, 0x0000000084b00000|100%| O|  |TAMS 0x0000000084a00000, 0x0000000084a00000| Untracked 
|  21|0x0000000084b00000, 0x0000000084c00000, 0x0000000084c00000|100%| O|  |TAMS 0x0000000084b00000, 0x0000000084b00000| Untracked 
|  22|0x0000000084c00000, 0x0000000084d00000, 0x0000000084d00000|100%| O|  |TAMS 0x0000000084d00000, 0x0000000084c00000| Untracked 
|  23|0x0000000084d00000, 0x0000000084e00000, 0x0000000084e00000|100%| O|  |TAMS 0x0000000084e00000, 0x0000000084d00000| Untracked 
|  24|0x0000000084e00000, 0x0000000084f00000, 0x0000000084f00000|100%| O|  |TAMS 0x0000000084f00000, 0x0000000084e00000| Untracked 
|  25|0x0000000084f00000, 0x0000000085000000, 0x0000000085000000|100%| O|  |TAMS 0x0000000084f00000, 0x0000000084f00000| Untracked 
|  26|0x0000000085000000, 0x0000000085100000, 0x0000000085100000|100%| O|  |TAMS 0x0000000085000000, 0x0000000085000000| Untracked 
|  27|0x0000000085100000, 0x0000000085200000, 0x0000000085200000|100%| O|  |TAMS 0x0000000085100000, 0x0000000085100000| Untracked 
|  28|0x0000000085200000, 0x0000000085200000, 0x0000000085300000|  0%| F|  |TAMS 0x0000000085200000, 0x0000000085200000| Untracked 
|  29|0x0000000085300000, 0x0000000085400000, 0x0000000085400000|100%| O|  |TAMS 0x0000000085300000, 0x0000000085300000| Untracked 
|  30|0x0000000085400000, 0x0000000085500000, 0x0000000085500000|100%| O|  |TAMS 0x0000000085400000, 0x0000000085400000| Untracked 
|  31|0x0000000085500000, 0x0000000085600000, 0x0000000085600000|100%| O|  |TAMS 0x0000000085500000, 0x0000000085500000| Untracked 
|  32|0x0000000085600000, 0x0000000085700000, 0x0000000085700000|100%|HS|  |TAMS 0x0000000085600000, 0x0000000085600000| Complete 
|  33|0x0000000085700000, 0x0000000085700000, 0x0000000085800000|  0%| F|  |TAMS 0x0000000085700000, 0x0000000085700000| Untracked 
|  34|0x0000000085800000, 0x0000000085900000, 0x0000000085900000|100%| O|  |TAMS 0x0000000085800000, 0x0000000085800000| Untracked 
|  35|0x0000000085900000, 0x0000000085a00000, 0x0000000085a00000|100%| O|  |TAMS 0x0000000085900000, 0x0000000085900000| Untracked 
|  36|0x0000000085a00000, 0x0000000085b00000, 0x0000000085b00000|100%| O|  |TAMS 0x0000000085a00000, 0x0000000085a00000| Untracked 
|  37|0x0000000085b00000, 0x0000000085c00000, 0x0000000085c00000|100%| O|  |TAMS 0x0000000085b00000, 0x0000000085b00000| Untracked 
|  38|0x0000000085c00000, 0x0000000085d00000, 0x0000000085d00000|100%| O|  |TAMS 0x0000000085c00000, 0x0000000085c00000| Untracked 
|  39|0x0000000085d00000, 0x0000000085e00000, 0x0000000085e00000|100%| O|  |TAMS 0x0000000085d00000, 0x0000000085d00000| Untracked 
|  40|0x0000000085e00000, 0x0000000085e00000, 0x0000000085f00000|  0%| F|  |TAMS 0x0000000085e00000, 0x0000000085e00000| Untracked 
|  41|0x0000000085f00000, 0x0000000086000000, 0x0000000086000000|100%| O|  |TAMS 0x0000000085f00000, 0x0000000085f00000| Untracked 
|  42|0x0000000086000000, 0x0000000086022e00, 0x0000000086100000| 13%| O|  |TAMS 0x0000000086000000, 0x0000000086000000| Untracked 
|  43|0x0000000086100000, 0x0000000086100000, 0x0000000086200000|  0%| F|  |TAMS 0x0000000086100000, 0x0000000086100000| Untracked 
|  44|0x0000000086200000, 0x0000000086200000, 0x0000000086300000|  0%| F|  |TAMS 0x0000000086200000, 0x0000000086200000| Untracked 
|  45|0x0000000086300000, 0x0000000086300000, 0x0000000086400000|  0%| F|  |TAMS 0x0000000086300000, 0x0000000086300000| Untracked 
|  46|0x0000000086400000, 0x0000000086400000, 0x0000000086500000|  0%| F|  |TAMS 0x0000000086400000, 0x0000000086400000| Untracked 
|  47|0x0000000086500000, 0x0000000086500000, 0x0000000086600000|  0%| F|  |TAMS 0x0000000086500000, 0x0000000086500000| Untracked 
|  48|0x0000000086600000, 0x0000000086600000, 0x0000000086700000|  0%| F|  |TAMS 0x0000000086600000, 0x0000000086600000| Untracked 
|  49|0x0000000086700000, 0x0000000086700000, 0x0000000086800000|  0%| F|  |TAMS 0x0000000086700000, 0x0000000086700000| Untracked 
|  50|0x0000000086800000, 0x0000000086800000, 0x0000000086900000|  0%| F|  |TAMS 0x0000000086800000, 0x0000000086800000| Untracked 
|  51|0x0000000086900000, 0x0000000086900000, 0x0000000086a00000|  0%| F|  |TAMS 0x0000000086900000, 0x0000000086900000| Untracked 
|  52|0x0000000086a00000, 0x0000000086b00000, 0x0000000086b00000|100%| S|CS|TAMS 0x0000000086a00000, 0x0000000086a00000| Complete 
|  53|0x0000000086b00000, 0x0000000086c00000, 0x0000000086c00000|100%| S|CS|TAMS 0x0000000086b00000, 0x0000000086b00000| Complete 
|  54|0x0000000086c00000, 0x0000000086d00000, 0x0000000086d00000|100%| S|CS|TAMS 0x0000000086c00000, 0x0000000086c00000| Complete 
|  55|0x0000000086d00000, 0x0000000086e00000, 0x0000000086e00000|100%| S|CS|TAMS 0x0000000086d00000, 0x0000000086d00000| Complete 
|  56|0x0000000086e00000, 0x0000000086f00000, 0x0000000086f00000|100%| S|CS|TAMS 0x0000000086e00000, 0x0000000086e00000| Complete 
|  57|0x0000000086f00000, 0x0000000086f00000, 0x0000000087000000|  0%| F|  |TAMS 0x0000000086f00000, 0x0000000086f00000| Untracked 
|  58|0x0000000087000000, 0x0000000087000000, 0x0000000087100000|  0%| F|  |TAMS 0x0000000087000000, 0x0000000087000000| Untracked 
|  59|0x0000000087100000, 0x0000000087100000, 0x0000000087200000|  0%| F|  |TAMS 0x0000000087100000, 0x0000000087100000| Untracked 
|  60|0x0000000087200000, 0x0000000087200000, 0x0000000087300000|  0%| F|  |TAMS 0x0000000087200000, 0x0000000087200000| Untracked 
|  61|0x0000000087300000, 0x0000000087300000, 0x0000000087400000|  0%| F|  |TAMS 0x0000000087300000, 0x0000000087300000| Untracked 
|  62|0x0000000087400000, 0x0000000087400000, 0x0000000087500000|  0%| F|  |TAMS 0x0000000087400000, 0x0000000087400000| Untracked 
|  63|0x0000000087500000, 0x0000000087500000, 0x0000000087600000|  0%| F|  |TAMS 0x0000000087500000, 0x0000000087500000| Untracked 
|  64|0x0000000087600000, 0x0000000087600000, 0x0000000087700000|  0%| F|  |TAMS 0x0000000087600000, 0x0000000087600000| Untracked 
|  65|0x0000000087700000, 0x0000000087700000, 0x0000000087800000|  0%| F|  |TAMS 0x0000000087700000, 0x0000000087700000| Untracked 
|  66|0x0000000087800000, 0x0000000087800000, 0x0000000087900000|  0%| F|  |TAMS 0x0000000087800000, 0x0000000087800000| Untracked 
|  67|0x0000000087900000, 0x0000000087900000, 0x0000000087a00000|  0%| F|  |TAMS 0x0000000087900000, 0x0000000087900000| Untracked 
|  68|0x0000000087a00000, 0x0000000087a00000, 0x0000000087b00000|  0%| F|  |TAMS 0x0000000087a00000, 0x0000000087a00000| Untracked 
|  69|0x0000000087b00000, 0x0000000087b00000, 0x0000000087c00000|  0%| F|  |TAMS 0x0000000087b00000, 0x0000000087b00000| Untracked 
|  70|0x0000000087c00000, 0x0000000087c00000, 0x0000000087d00000|  0%| F|  |TAMS 0x0000000087c00000, 0x0000000087c00000| Untracked 
|  71|0x0000000087d00000, 0x0000000087d00000, 0x0000000087e00000|  0%| F|  |TAMS 0x0000000087d00000, 0x0000000087d00000| Untracked 
|  72|0x0000000087e00000, 0x0000000087e00000, 0x0000000087f00000|  0%| F|  |TAMS 0x0000000087e00000, 0x0000000087e00000| Untracked 
|  73|0x0000000087f00000, 0x0000000087f00000, 0x0000000088000000|  0%| F|  |TAMS 0x0000000087f00000, 0x0000000087f00000| Untracked 
|  74|0x0000000088000000, 0x0000000088000000, 0x0000000088100000|  0%| F|  |TAMS 0x0000000088000000, 0x0000000088000000| Untracked 
|  75|0x0000000088100000, 0x0000000088100000, 0x0000000088200000|  0%| F|  |TAMS 0x0000000088100000, 0x0000000088100000| Untracked 
|  76|0x0000000088200000, 0x0000000088200000, 0x0000000088300000|  0%| F|  |TAMS 0x0000000088200000, 0x0000000088200000| Untracked 
|  77|0x0000000088300000, 0x0000000088300000, 0x0000000088400000|  0%| F|  |TAMS 0x0000000088300000, 0x0000000088300000| Untracked 
|  78|0x0000000088400000, 0x0000000088400000, 0x0000000088500000|  0%| F|  |TAMS 0x0000000088400000, 0x0000000088400000| Untracked 
|  79|0x0000000088500000, 0x0000000088500000, 0x0000000088600000|  0%| F|  |TAMS 0x0000000088500000, 0x0000000088500000| Untracked 
|  80|0x0000000088600000, 0x0000000088600000, 0x0000000088700000|  0%| F|  |TAMS 0x0000000088600000, 0x0000000088600000| Untracked 
|  97|0x0000000089700000, 0x0000000089700000, 0x0000000089800000|  0%| F|  |TAMS 0x0000000089700000, 0x0000000089700000| Untracked 
|  98|0x0000000089800000, 0x0000000089800000, 0x0000000089900000|  0%| F|  |TAMS 0x0000000089800000, 0x0000000089800000| Untracked 
|  99|0x0000000089900000, 0x0000000089900000, 0x0000000089a00000|  0%| F|  |TAMS 0x0000000089900000, 0x0000000089900000| Untracked 
| 100|0x0000000089a00000, 0x0000000089a00000, 0x0000000089b00000|  0%| F|  |TAMS 0x0000000089a00000, 0x0000000089a00000| Untracked 
| 118|0x000000008ac00000, 0x000000008ac00000, 0x000000008ad00000|  0%| F|  |TAMS 0x000000008ac00000, 0x000000008ac00000| Untracked 
| 125|0x000000008b300000, 0x000000008b300000, 0x000000008b400000|  0%| F|  |TAMS 0x000000008b300000, 0x000000008b300000| Untracked 

Card table byte_map: [0x00000152e2ff0000,0x00000152e33e0000] _byte_map_base: 0x00000152e2bd5000

Marking Bits (Prev, Next): (CMBitMap*) 0x00000152d60391e0, (CMBitMap*) 0x00000152d60391a0
 Prev Bits: [0x00000152e5700000, 0x00000152e7628000)
 Next Bits: [0x00000152e37d0000, 0x00000152e56f8000)

Polling page: 0x00000152d6080000

Metaspace:

Usage:
  Non-class:     57.32 MB used.
      Class:      9.61 MB used.
       Both:     66.93 MB used.

Virtual space:
  Non-class space:       64.00 MB reserved,      57.56 MB ( 90%) committed,  1 nodes.
      Class space:        1.00 GB reserved,       9.88 MB ( <1%) committed,  1 nodes.
             Both:        1.06 GB reserved,      67.44 MB (  6%) committed. 

Chunk freelists:
   Non-Class:  5.81 MB
       Class:  6.17 MB
        Both:  11.98 MB

MaxMetaspaceSize: unlimited
CompressedClassSpaceSize: 1.00 GB
Initial GC threshold: 21.00 MB
Current GC threshold: 98.56 MB
CDS: on
MetaspaceReclaimPolicy: balanced
 - commit_granule_bytes: 65536.
 - commit_granule_words: 8192.
 - virtual_space_node_default_size: 8388608.
 - enlarge_chunks_in_place: 1.
 - new_chunks_are_fully_committed: 0.
 - uncommit_free_chunks: 1.
 - use_allocation_guard: 0.
 - handle_deallocations: 1.


Internal statistics:

num_allocs_failed_limit: 11.
num_arena_births: 806.
num_arena_deaths: 0.
num_vsnodes_births: 2.
num_vsnodes_deaths: 0.
num_space_committed: 1079.
num_space_uncommitted: 0.
num_chunks_returned_to_freelist: 11.
num_chunks_taken_from_freelist: 3223.
num_chunk_merges: 11.
num_chunk_splits: 2354.
num_chunks_enlarged: 1835.
num_inconsistent_stats: 0.

CodeCache: size=49152Kb used=11636Kb max_used=11636Kb free=37515Kb
 bounds [0x00000152df2f0000, 0x00000152dfe50000, 0x00000152e22f0000]
 total_blobs=6438 nmethods=5746 adapters=616
 compilation: enabled
              stopped_count=0, restarted_count=0
 full_count=0

Compilation events (20 events):
Event: 11.719 Thread 0x00000152ea4090d0 nmethod 5738 0x00000152dfe49890 code [0x00000152dfe49a20, 0x00000152dfe49bb8]
Event: 11.719 Thread 0x00000152ea4090d0 5739       1       java.lang.Math::max (12 bytes)
Event: 11.719 Thread 0x00000152ea4090d0 nmethod 5739 0x00000152dfe49c90 code [0x00000152dfe49e20, 0x00000152dfe49ed8]
Event: 11.719 Thread 0x00000152eae61f40 nmethod 5737 0x00000152dfe49f90 code [0x00000152dfe4a1a0, 0x00000152dfe4a808]
Event: 11.721 Thread 0x00000152eae61f40 5740       1       java.util.concurrent.ConcurrentLinkedQueue::poll (84 bytes)
Event: 11.721 Thread 0x00000152ea4090d0 5741       1       java.util.AbstractMap$SimpleEntry::<init> (15 bytes)
Event: 11.721 Thread 0x00000152ea4090d0 nmethod 5741 0x00000152dfe4ac90 code [0x00000152dfe4ae20, 0x00000152dfe4af78]
Event: 11.721 Thread 0x00000152ea4090d0 5746       1       sun.nio.ch.NativeThreadSet::<init> (17 bytes)
Event: 11.721 Thread 0x00000152ea4090d0 nmethod 5746 0x00000152dfe4b010 code [0x00000152dfe4b1a0, 0x00000152dfe4b358]
Event: 11.721 Thread 0x00000152ea4090d0 5742       1       sun.nio.ch.FileChannelImpl::<init> (144 bytes)
Event: 11.722 Thread 0x00000152ea4090d0 nmethod 5742 0x00000152dfe4b810 code [0x00000152dfe4ba00, 0x00000152dfe4c2d8]
Event: 11.722 Thread 0x00000152ea4090d0 5743       1       java.nio.channels.FileChannel::<init> (5 bytes)
Event: 11.722 Thread 0x00000152ea4090d0 nmethod 5743 0x00000152dfe4c510 code [0x00000152dfe4c6a0, 0x00000152dfe4c818]
Event: 11.722 Thread 0x00000152ea4090d0 5744       1       sun.nio.ch.FileChannelImpl::open (16 bytes)
Event: 11.722 Thread 0x00000152ea4090d0 nmethod 5744 0x00000152dfe4c890 code [0x00000152dfe4ca20, 0x00000152dfe4cb88]
Event: 11.722 Thread 0x00000152ea4090d0 5745       1       java.nio.channels.spi.AbstractInterruptibleChannel::<init> (16 bytes)
Event: 11.722 Thread 0x00000152ea4090d0 nmethod 5745 0x00000152dfe4cc90 code [0x00000152dfe4ce20, 0x00000152dfe4cf98]
Event: 11.722 Thread 0x00000152ea4090d0 5747       1       sun.nio.ch.NativeDispatcher::<init> (5 bytes)
Event: 11.722 Thread 0x00000152ea4090d0 nmethod 5747 0x00000152dfe4d010 code [0x00000152dfe4d1a0, 0x00000152dfe4d258]
Event: 11.722 Thread 0x00000152ea4090d0 5748   !   1       sun.nio.fs.WindowsPath::toAbsolutePath (56 bytes)

GC Heap History (20 events):
Event: 7.393 GC heap after
{Heap after GC invocations=6 (full 0):
 garbage-first heap   total 58368K, used 17598K [0x0000000083600000, 0x0000000100000000)
  region size 1024K, 7 young (7168K), 7 survivors (7168K)
 Metaspace       used 24997K, committed 25344K, reserved 1114112K
  class space    used 3410K, committed 3584K, reserved 1048576K
}
Event: 7.408 GC heap before
{Heap before GC invocations=6 (full 0):
 garbage-first heap   total 58368K, used 18622K [0x0000000083600000, 0x0000000100000000)
  region size 1024K, 8 young (8192K), 7 survivors (7168K)
 Metaspace       used 25008K, committed 25344K, reserved 1114112K
  class space    used 3413K, committed 3584K, reserved 1048576K
}
Event: 7.416 GC heap after
{Heap after GC invocations=7 (full 0):
 garbage-first heap   total 58368K, used 18209K [0x0000000083600000, 0x0000000100000000)
  region size 1024K, 1 young (1024K), 1 survivors (1024K)
 Metaspace       used 25008K, committed 25344K, reserved 1114112K
  class space    used 3413K, committed 3584K, reserved 1048576K
}
Event: 7.755 GC heap before
{Heap before GC invocations=7 (full 0):
 garbage-first heap   total 58368K, used 40737K [0x0000000083600000, 0x0000000100000000)
  region size 1024K, 23 young (23552K), 1 survivors (1024K)
 Metaspace       used 27165K, committed 27456K, reserved 1114112K
  class space    used 3715K, committed 3840K, reserved 1048576K
}
Event: 7.758 GC heap after
{Heap after GC invocations=8 (full 0):
 garbage-first heap   total 58368K, used 18996K [0x0000000083600000, 0x0000000100000000)
  region size 1024K, 2 young (2048K), 2 survivors (2048K)
 Metaspace       used 27165K, committed 27456K, reserved 1114112K
  class space    used 3715K, committed 3840K, reserved 1048576K
}
Event: 8.188 GC heap before
{Heap before GC invocations=8 (full 0):
 garbage-first heap   total 58368K, used 41524K [0x0000000083600000, 0x0000000100000000)
  region size 1024K, 24 young (24576K), 2 survivors (2048K)
 Metaspace       used 30438K, committed 30784K, reserved 1114112K
  class space    used 4307K, committed 4480K, reserved 1048576K
}
Event: 8.195 GC heap after
{Heap after GC invocations=9 (full 0):
 garbage-first heap   total 58368K, used 20404K [0x0000000083600000, 0x0000000100000000)
  region size 1024K, 2 young (2048K), 2 survivors (2048K)
 Metaspace       used 30438K, committed 30784K, reserved 1114112K
  class space    used 4307K, committed 4480K, reserved 1048576K
}
Event: 8.577 GC heap before
{Heap before GC invocations=9 (full 0):
 garbage-first heap   total 58368K, used 42932K [0x0000000083600000, 0x0000000100000000)
  region size 1024K, 24 young (24576K), 2 survivors (2048K)
 Metaspace       used 33797K, committed 34240K, reserved 1114112K
  class space    used 4822K, committed 4992K, reserved 1048576K
}
Event: 8.583 GC heap after
{Heap after GC invocations=10 (full 0):
 garbage-first heap   total 116736K, used 22676K [0x0000000083600000, 0x0000000100000000)
  region size 1024K, 3 young (3072K), 3 survivors (3072K)
 Metaspace       used 33797K, committed 34240K, reserved 1114112K
  class space    used 4822K, committed 4992K, reserved 1048576K
}
Event: 8.795 GC heap before
{Heap before GC invocations=10 (full 0):
 garbage-first heap   total 116736K, used 35988K [0x0000000083600000, 0x0000000100000000)
  region size 1024K, 16 young (16384K), 3 survivors (3072K)
 Metaspace       used 35625K, committed 36096K, reserved 1114112K
  class space    used 5060K, committed 5312K, reserved 1048576K
}
Event: 8.801 GC heap after
{Heap after GC invocations=11 (full 0):
 garbage-first heap   total 116736K, used 23700K [0x0000000083600000, 0x0000000100000000)
  region size 1024K, 4 young (4096K), 4 survivors (4096K)
 Metaspace       used 35625K, committed 36096K, reserved 1114112K
  class space    used 5060K, committed 5312K, reserved 1048576K
}
Event: 9.998 GC heap before
{Heap before GC invocations=12 (full 0):
 garbage-first heap   total 89088K, used 72852K [0x0000000083600000, 0x0000000100000000)
  region size 1024K, 52 young (53248K), 4 survivors (4096K)
 Metaspace       used 50273K, committed 50880K, reserved 1114112K
  class space    used 7072K, committed 7360K, reserved 1048576K
}
Event: 10.003 GC heap after
{Heap after GC invocations=13 (full 0):
 garbage-first heap   total 89088K, used 27628K [0x0000000083600000, 0x0000000100000000)
  region size 1024K, 7 young (7168K), 7 survivors (7168K)
 Metaspace       used 50273K, committed 50880K, reserved 1114112K
  class space    used 7072K, committed 7360K, reserved 1048576K
}
Event: 10.719 GC heap before
{Heap before GC invocations=13 (full 0):
 garbage-first heap   total 89088K, used 65516K [0x0000000083600000, 0x0000000100000000)
  region size 1024K, 45 young (46080K), 7 survivors (7168K)
 Metaspace       used 59815K, committed 60288K, reserved 1114112K
  class space    used 8606K, committed 8832K, reserved 1048576K
}
Event: 10.726 GC heap after
{Heap after GC invocations=14 (full 0):
 garbage-first heap   total 89088K, used 29260K [0x0000000083600000, 0x0000000100000000)
  region size 1024K, 2 young (2048K), 2 survivors (2048K)
 Metaspace       used 59815K, committed 60288K, reserved 1114112K
  class space    used 8606K, committed 8832K, reserved 1048576K
}
Event: 11.273 GC heap before
{Heap before GC invocations=15 (full 0):
 garbage-first heap   total 89088K, used 69196K [0x0000000083600000, 0x0000000100000000)
  region size 1024K, 41 young (41984K), 2 survivors (2048K)
 Metaspace       used 65224K, committed 65792K, reserved 1114112K
  class space    used 9387K, committed 9664K, reserved 1048576K
}
Event: 11.279 GC heap after
{Heap after GC invocations=16 (full 0):
 garbage-first heap   total 89088K, used 31932K [0x0000000083600000, 0x0000000100000000)
  region size 1024K, 5 young (5120K), 5 survivors (5120K)
 Metaspace       used 65224K, committed 65792K, reserved 1114112K
  class space    used 9387K, committed 9664K, reserved 1048576K
}
Event: 11.671 GC heap before
{Heap before GC invocations=16 (full 0):
 garbage-first heap   total 89088K, used 68796K [0x0000000083600000, 0x0000000100000000)
  region size 1024K, 41 young (41984K), 5 survivors (5120K)
 Metaspace       used 68531K, committed 69056K, reserved 1114112K
  class space    used 9838K, committed 10112K, reserved 1048576K
}
Event: 11.678 GC heap after
{Heap after GC invocations=17 (full 0):
 garbage-first heap   total 89088K, used 37963K [0x0000000083600000, 0x0000000100000000)
  region size 1024K, 6 young (6144K), 6 survivors (6144K)
 Metaspace       used 68531K, committed 69056K, reserved 1114112K
  class space    used 9838K, committed 10112K, reserved 1048576K
}
Event: 11.723 GC heap before
{Heap before GC invocations=17 (full 0):
 garbage-first heap   total 89088K, used 69707K [0x0000000083600000, 0x0000000100000000)
  region size 1024K, 36 young (36864K), 6 survivors (6144K)
 Metaspace       used 68531K, committed 69056K, reserved 1114112K
  class space    used 9838K, committed 10112K, reserved 1048576K
}

Dll operation events (14 events):
Event: 0.014 Loaded shared library C:\Users\alexc\.jdks\corretto-17.0.10\bin\java.dll
Event: 0.046 Loaded shared library C:\Users\alexc\.jdks\corretto-17.0.10\bin\jsvml.dll
Event: 0.226 Loaded shared library C:\Users\alexc\.jdks\corretto-17.0.10\bin\zip.dll
Event: 0.229 Loaded shared library C:\Users\alexc\.jdks\corretto-17.0.10\bin\instrument.dll
Event: 0.238 Loaded shared library C:\Users\alexc\.jdks\corretto-17.0.10\bin\net.dll
Event: 0.241 Loaded shared library C:\Users\alexc\.jdks\corretto-17.0.10\bin\nio.dll
Event: 0.244 Loaded shared library C:\Users\alexc\.jdks\corretto-17.0.10\bin\zip.dll
Event: 0.495 Loaded shared library D:\IntelliJ IDEA 2024.1\bin\breakgen64.dll
Event: 0.504 Loaded shared library C:\Users\alexc\.jdks\corretto-17.0.10\bin\jimage.dll
Event: 0.523 Loaded shared library C:\Users\alexc\.jdks\corretto-17.0.10\bin\extnet.dll
Event: 0.542 Loaded shared library C:\Users\alexc\.jdks\corretto-17.0.10\bin\management.dll
Event: 0.585 Loaded shared library C:\Users\alexc\.jdks\corretto-17.0.10\bin\management_ext.dll
Event: 8.431 Loaded shared library C:\Users\alexc\.jdks\corretto-17.0.10\bin\verify.dll
Event: 8.699 Loaded shared library C:\Users\alexc\.jdks\corretto-17.0.10\bin\sunmscapi.dll

Deoptimization events (6 events):
Event: 4.110 Thread 0x00000152d5fe0770 DEOPT PACKING pc=0x00000152df50569c sp=0x0000001a83afe320
Event: 4.110 Thread 0x00000152d5fe0770 DEOPT UNPACKING pc=0x00000152df34ace3 sp=0x0000001a83afd7e8 mode 0
Event: 11.112 Thread 0x00000152d5fe0770 DEOPT PACKING pc=0x00000152df8c7224 sp=0x0000001a83afc9d0
Event: 11.112 Thread 0x00000152d5fe0770 DEOPT UNPACKING pc=0x00000152df34ace3 sp=0x0000001a83afbf28 mode 0
Event: 11.204 Thread 0x00000152d5fe0770 DEOPT PACKING pc=0x00000152df8ac42a sp=0x0000001a83afe1e0
Event: 11.204 Thread 0x00000152d5fe0770 DEOPT UNPACKING pc=0x00000152df34ace3 sp=0x0000001a83afd6e8 mode 3

Classes unloaded (0 events):
No events

Classes redefined (0 events):
No events

Internal exceptions (20 events):
Event: 11.650 Thread 0x00000152f0b44b80 Exception <a 'sun/nio/fs/WindowsException'{0x0000000087447bd8}> (0x0000000087447bd8) 
thrown [s\src\hotspot\share\prims\jni.cpp, line 516]
Event: 11.650 Thread 0x00000152f0b44b80 Exception <a 'sun/nio/fs/WindowsException'{0x0000000087447ed8}> (0x0000000087447ed8) 
thrown [s\src\hotspot\share\prims\jni.cpp, line 516]
Event: 11.650 Thread 0x00000152f0b44b80 Exception <a 'sun/nio/fs/WindowsException'{0x0000000087448850}> (0x0000000087448850) 
thrown [s\src\hotspot\share\prims\jni.cpp, line 516]
Event: 11.651 Thread 0x00000152f0b44b80 Exception <a 'sun/nio/fs/WindowsException'{0x0000000087448b90}> (0x0000000087448b90) 
thrown [s\src\hotspot\share\prims\jni.cpp, line 516]
Event: 11.651 Thread 0x00000152f0b44b80 Exception <a 'sun/nio/fs/WindowsException'{0x00000000874494e0}> (0x00000000874494e0) 
thrown [s\src\hotspot\share\prims\jni.cpp, line 516]
Event: 11.651 Thread 0x00000152f0b44b80 Exception <a 'sun/nio/fs/WindowsException'{0x00000000874497f0}> (0x00000000874497f0) 
thrown [s\src\hotspot\share\prims\jni.cpp, line 516]
Event: 11.651 Thread 0x00000152f0b44b80 Exception <a 'sun/nio/fs/WindowsException'{0x000000008744a118}> (0x000000008744a118) 
thrown [s\src\hotspot\share\prims\jni.cpp, line 516]
Event: 11.651 Thread 0x00000152f0b44b80 Exception <a 'sun/nio/fs/WindowsException'{0x000000008744a3e8}> (0x000000008744a3e8) 
thrown [s\src\hotspot\share\prims\jni.cpp, line 516]
Event: 11.651 Thread 0x00000152f0b44b80 Exception <a 'sun/nio/fs/WindowsException'{0x000000008744ad20}> (0x000000008744ad20) 
thrown [s\src\hotspot\share\prims\jni.cpp, line 516]
Event: 11.651 Thread 0x00000152f0b44b80 Exception <a 'sun/nio/fs/WindowsException'{0x000000008744b010}> (0x000000008744b010) 
thrown [s\src\hotspot\share\prims\jni.cpp, line 516]
Event: 11.651 Thread 0x00000152f0b44b80 Exception <a 'sun/nio/fs/WindowsException'{0x000000008744b938}> (0x000000008744b938) 
thrown [s\src\hotspot\share\prims\jni.cpp, line 516]
Event: 11.651 Thread 0x00000152f0b44b80 Exception <a 'sun/nio/fs/WindowsException'{0x000000008744bc18}> (0x000000008744bc18) 
thrown [s\src\hotspot\share\prims\jni.cpp, line 516]
Event: 11.651 Thread 0x00000152f0b44b80 Exception <a 'sun/nio/fs/WindowsException'{0x000000008744c550}> (0x000000008744c550) 
thrown [s\src\hotspot\share\prims\jni.cpp, line 516]
Event: 11.651 Thread 0x00000152f0b44b80 Exception <a 'sun/nio/fs/WindowsException'{0x000000008744c840}> (0x000000008744c840) 
thrown [s\src\hotspot\share\prims\jni.cpp, line 516]
Event: 11.651 Thread 0x00000152f0b44b80 Exception <a 'sun/nio/fs/WindowsException'{0x000000008744d190}> (0x000000008744d190) 
thrown [s\src\hotspot\share\prims\jni.cpp, line 516]
Event: 11.651 Thread 0x00000152f0b44b80 Exception <a 'sun/nio/fs/WindowsException'{0x000000008744d4a0}> (0x000000008744d4a0) 
thrown [s\src\hotspot\share\prims\jni.cpp, line 516]
Event: 11.651 Thread 0x00000152f0b44b80 Exception <a 'sun/nio/fs/WindowsException'{0x000000008744de08}> (0x000000008744de08) 
thrown [s\src\hotspot\share\prims\jni.cpp, line 516]
Event: 11.651 Thread 0x00000152f0b44b80 Exception <a 'sun/nio/fs/WindowsException'{0x000000008744e130}> (0x000000008744e130) 
thrown [s\src\hotspot\share\prims\jni.cpp, line 516]
Event: 11.651 Thread 0x00000152f0b44b80 Exception <a 'sun/nio/fs/WindowsException'{0x000000008744ea90}> (0x000000008744ea90) 
thrown [s\src\hotspot\share\prims\jni.cpp, line 516]
Event: 11.651 Thread 0x00000152f0b44b80 Exception <a 'sun/nio/fs/WindowsException'{0x000000008744edb0}> (0x000000008744edb0) 
thrown [s\src\hotspot\share\prims\jni.cpp, line 516]

VM Operations (20 events):
Event: 11.162 Executing VM operation: HandshakeAllThreads done
Event: 11.162 Executing VM operation: HandshakeAllThreads
Event: 11.162 Executing VM operation: HandshakeAllThreads done
Event: 11.273 Executing VM operation: G1CollectForAllocation
Event: 11.279 Executing VM operation: G1CollectForAllocation done
Event: 11.329 Executing VM operation: HandshakeAllThreads
Event: 11.329 Executing VM operation: HandshakeAllThreads done
Event: 11.384 Executing VM operation: HandshakeAllThreads
Event: 11.384 Executing VM operation: HandshakeAllThreads done
Event: 11.471 Executing VM operation: HandshakeAllThreads
Event: 11.471 Executing VM operation: HandshakeAllThreads done
Event: 11.552 Executing VM operation: HandshakeAllThreads
Event: 11.552 Executing VM operation: HandshakeAllThreads done
Event: 11.552 Executing VM operation: HandshakeAllThreads
Event: 11.552 Executing VM operation: HandshakeAllThreads done
Event: 11.671 Executing VM operation: G1CollectForAllocation
Event: 11.671 Executing VM operation: G1CollectForAllocation done
Event: 11.671 Executing VM operation: G1CollectForAllocation
Event: 11.678 Executing VM operation: G1CollectForAllocation done
Event: 11.723 Executing VM operation: G1CollectForAllocation

Events (20 events):
Event: 11.645 Thread 0x00000152f0b413d0 Thread added: 0x00000152f0b413d0
Event: 11.645 loading class sun/nio/fs/WindowsLinkSupport
Event: 11.645 Thread 0x00000152f0b469e0 Thread added: 0x00000152f0b469e0
Event: 11.645 Thread 0x00000152f0b3fa80 Thread added: 0x00000152f0b3fa80
Event: 11.645 Thread 0x00000152f0b42300 Thread added: 0x00000152f0b42300
Event: 11.645 loading class sun/nio/fs/WindowsLinkSupport done
Event: 11.645 Thread 0x00000152f0b409b0 Thread added: 0x00000152f0b409b0
Event: 11.645 Thread 0x00000152f0b42d20 Thread added: 0x00000152f0b42d20
Event: 11.646 Thread 0x00000152f0b404a0 Thread added: 0x00000152f0b404a0
Event: 11.646 Thread 0x00000152f0b45fc0 Thread added: 0x00000152f0b45fc0
Event: 11.646 Thread 0x00000152f0b418e0 Thread added: 0x00000152f0b418e0
Event: 11.646 Thread 0x00000152f0b41df0 Thread added: 0x00000152f0b41df0
Event: 11.655 loading class java/nio/channels/spi/AbstractInterruptibleChannel$1
Event: 11.655 loading class sun/nio/ch/Interruptible
Event: 11.655 loading class sun/nio/ch/Interruptible done
Event: 11.655 loading class java/nio/channels/spi/AbstractInterruptibleChannel$1 done
Event: 11.656 loading class java/nio/ReadOnlyBufferException
Event: 11.656 loading class java/nio/ReadOnlyBufferException done
Event: 11.658 loading class java/util/zip/DataFormatException
Event: 11.659 loading class java/util/zip/DataFormatException done


Dynamic libraries:
0x00007ff79d400000 - 0x00007ff79d40e000 	C:\Users\alexc\.jdks\corretto-17.0.10\bin\java.exe
0x00007ff955770000 - 0x00007ff955986000 	C:\Windows\SYSTEM32\ntdll.dll
0x00007ff954d30000 - 0x00007ff954df4000 	C:\Windows\System32\KERNEL32.DLL
0x00007ff953000000 - 0x00007ff9533a7000 	C:\Windows\System32\KERNELBASE.dll
0x00007ff952a90000 - 0x00007ff952ba1000 	C:\Windows\System32\ucrtbase.dll
0x00007ff923660000 - 0x00007ff923677000 	C:\Users\alexc\.jdks\corretto-17.0.10\bin\jli.dll
0x00007ff9236a0000 - 0x00007ff9236bb000 	C:\Users\alexc\.jdks\corretto-17.0.10\bin\VCRUNTIME140.dll
0x00007ff9552e0000 - 0x00007ff95548e000 	C:\Windows\System32\USER32.dll
0x00007ff952e70000 - 0x00007ff952e96000 	C:\Windows\System32\win32u.dll
0x00007ff954e00000 - 0x00007ff954e29000 	C:\Windows\System32\GDI32.dll
0x00007ff952d50000 - 0x00007ff952e69000 	C:\Windows\System32\gdi32full.dll
0x00007ff934410000 - 0x00007ff9346a3000 	C:\Windows\WinSxS\amd64_microsoft.windows.common-controls_6595b64144ccf1df_6.0.22621.3235_none_270f74e173860f98\COMCTL32.dll
0x00007ff952f60000 - 0x00007ff952ffa000 	C:\Windows\System32\msvcp_win.dll
0x00007ff954250000 - 0x00007ff9542f7000 	C:\Windows\System32\msvcrt.dll
0x00007ff954f50000 - 0x00007ff954f81000 	C:\Windows\System32\IMM32.DLL
0x00007ff923690000 - 0x00007ff92369c000 	C:\Users\alexc\.jdks\corretto-17.0.10\bin\vcruntime140_1.dll
0x00007ff91dff0000 - 0x00007ff91e07d000 	C:\Users\alexc\.jdks\corretto-17.0.10\bin\msvcp140.dll
0x00007ff8ba260000 - 0x00007ff8baec2000 	C:\Users\alexc\.jdks\corretto-17.0.10\bin\server\jvm.dll
0x00007ff954410000 - 0x00007ff9544c2000 	C:\Windows\System32\ADVAPI32.dll
0x00007ff955230000 - 0x00007ff9552d8000 	C:\Windows\System32\sechost.dll
0x00007ff952d20000 - 0x00007ff952d48000 	C:\Windows\System32\bcrypt.dll
0x00007ff954e30000 - 0x00007ff954f45000 	C:\Windows\System32\RPCRT4.dll
0x00007ff93dae0000 - 0x00007ff93dae9000 	C:\Windows\SYSTEM32\WSOCK32.dll
0x00007ff9551b0000 - 0x00007ff955221000 	C:\Windows\System32\WS2_32.dll
0x00007ff947700000 - 0x00007ff947734000 	C:\Windows\SYSTEM32\WINMM.dll
0x00007ff947cb0000 - 0x00007ff947cba000 	C:\Windows\SYSTEM32\VERSION.dll
0x00007ff952360000 - 0x00007ff9523ad000 	C:\Windows\SYSTEM32\POWRPROF.dll
0x00007ff952340000 - 0x00007ff952353000 	C:\Windows\SYSTEM32\UMPDC.dll
0x00007ff951a70000 - 0x00007ff951a88000 	C:\Windows\SYSTEM32\kernel.appcore.dll
0x00007ff923640000 - 0x00007ff92364a000 	C:\Users\alexc\.jdks\corretto-17.0.10\bin\jimage.dll
0x00007ff9500a0000 - 0x00007ff9502d3000 	C:\Windows\SYSTEM32\DBGHELP.DLL
0x00007ff9549a0000 - 0x00007ff954d28000 	C:\Windows\System32\combase.dll
0x00007ff955490000 - 0x00007ff955567000 	C:\Windows\System32\OLEAUT32.dll
0x00007ff946860000 - 0x00007ff946892000 	C:\Windows\SYSTEM32\dbgcore.DLL
0x00007ff953420000 - 0x00007ff953499000 	C:\Windows\System32\bcryptPrimitives.dll
0x00007ff928cf0000 - 0x00007ff928cfe000 	C:\Users\alexc\.jdks\corretto-17.0.10\bin\instrument.dll
0x00007ff922f80000 - 0x00007ff922fa5000 	C:\Users\alexc\.jdks\corretto-17.0.10\bin\java.dll
0x00007ff902490000 - 0x00007ff902567000 	C:\Users\alexc\.jdks\corretto-17.0.10\bin\jsvml.dll
0x00007ff9534c0000 - 0x00007ff953d1c000 	C:\Windows\System32\SHELL32.dll
0x00007ff9509f0000 - 0x00007ff9512e9000 	C:\Windows\SYSTEM32\windows.storage.dll
0x00007ff9508b0000 - 0x00007ff9509ee000 	C:\Windows\SYSTEM32\wintypes.dll
0x00007ff954140000 - 0x00007ff954233000 	C:\Windows\System32\SHCORE.dll
0x00007ff9540e0000 - 0x00007ff95413e000 	C:\Windows\System32\shlwapi.dll
0x00007ff9529c0000 - 0x00007ff9529e1000 	C:\Windows\SYSTEM32\profapi.dll
0x00007ff91da30000 - 0x00007ff91da48000 	C:\Users\alexc\.jdks\corretto-17.0.10\bin\zip.dll
0x00007ff922f60000 - 0x00007ff922f79000 	C:\Users\alexc\.jdks\corretto-17.0.10\bin\net.dll
0x00007ff948cb0000 - 0x00007ff948de6000 	C:\Windows\SYSTEM32\WINHTTP.dll
0x00007ff951f40000 - 0x00007ff951fa9000 	C:\Windows\system32\mswsock.dll
0x00007ff922670000 - 0x00007ff922686000 	C:\Users\alexc\.jdks\corretto-17.0.10\bin\nio.dll
0x00007ff91c3d0000 - 0x00007ff91c3ea000 	D:\IntelliJ IDEA 2024.1\bin\breakgen64.dll
0x00007ff9515c0000 - 0x00007ff9516b9000 	C:\Windows\SYSTEM32\DNSAPI.dll
0x00007ff951550000 - 0x00007ff95157d000 	C:\Windows\SYSTEM32\IPHLPAPI.DLL
0x00007ff9550f0000 - 0x00007ff9550f9000 	C:\Windows\System32\NSI.dll
0x00007ff922660000 - 0x00007ff922669000 	C:\Users\alexc\.jdks\corretto-17.0.10\bin\extnet.dll
0x00007ff947ca0000 - 0x00007ff947caa000 	C:\Windows\System32\rasadhlp.dll
0x00007ff947330000 - 0x00007ff9473b3000 	C:\Windows\System32\fwpuclnt.dll
0x00007ff928d70000 - 0x00007ff928d79000 	C:\Users\alexc\.jdks\corretto-17.0.10\bin\management.dll
0x00007ff928d60000 - 0x00007ff928d6b000 	C:\Users\alexc\.jdks\corretto-17.0.10\bin\management_ext.dll
0x00007ff9540d0000 - 0x00007ff9540d8000 	C:\Windows\System32\PSAPI.DLL
0x00007ff9521a0000 - 0x00007ff9521bb000 	C:\Windows\SYSTEM32\CRYPTSP.dll
0x00007ff951a30000 - 0x00007ff951a65000 	C:\Windows\system32\rsaenh.dll
0x00007ff952040000 - 0x00007ff952068000 	C:\Windows\SYSTEM32\USERENV.dll
0x00007ff9521c0000 - 0x00007ff9521cc000 	C:\Windows\SYSTEM32\CRYPTBASE.dll
0x00007ff948a10000 - 0x00007ff948a29000 	C:\Windows\SYSTEM32\dhcpcsvc6.DLL
0x00007ff9489f0000 - 0x00007ff948a0f000 	C:\Windows\SYSTEM32\dhcpcsvc.DLL
0x00007ff937160000 - 0x00007ff937177000 	C:\Windows\system32\napinsp.dll
0x00007ff936fa0000 - 0x00007ff936fbb000 	C:\Windows\system32\pnrpnsp.dll
0x00007ff936e40000 - 0x00007ff936e51000 	C:\Windows\System32\winrnr.dll
0x00007ff947020000 - 0x00007ff947035000 	C:\Windows\system32\wshbth.dll
0x00007ff936e10000 - 0x00007ff936e31000 	C:\Windows\system32\nlansp_c.dll
0x00007ff91e550000 - 0x00007ff91e560000 	C:\Users\alexc\.jdks\corretto-17.0.10\bin\verify.dll
0x00007ff928d50000 - 0x00007ff928d5e000 	C:\Users\alexc\.jdks\corretto-17.0.10\bin\sunmscapi.dll
0x00007ff952bb0000 - 0x00007ff952d17000 	C:\Windows\System32\CRYPT32.dll
0x00007ff952450000 - 0x00007ff95247e000 	C:\Windows\SYSTEM32\ncrypt.dll
0x00007ff952410000 - 0x00007ff952447000 	C:\Windows\SYSTEM32\NTASN1.dll

dbghelp: loaded successfully - version: 4.0.5 - missing functions: none
symbol engine: initialized successfully - sym options: 0x614 - pdb path: .;C:\Users\alexc\.jdks\corretto-17.0.10\bin;C:\Windows\SYSTEM32;C:\Windows\WinSxS\amd64_microsoft.windows.common-controls_6595b64144ccf1df_6.0.22621.3235_none_270f74e173860f98;C:\Users\alexc\.jdks\corretto-17.0.10\bin\server;D:\IntelliJ IDEA 2024.1\bin

VM Arguments:
jvm_args: -XX:TieredStopAtLevel=1 -Dspring.output.ansi.enabled=always -Dcom.sun.management.jmxremote -Dspring.jmx.enabled=true -Dspring.liveBeansView.mbeanDomain -Dspring.application.admin.enabled=true -Dmanagement.endpoints.jmx.exposure.include=* -javaagent:D:\IntelliJ IDEA 2024.1\lib\idea_rt.jar=51104:D:\IntelliJ IDEA 2024.1\bin -Dfile.encoding=UTF-8 
java_command: com.example.mscatalogo.MsCatalogoApplication
java_class_path (initial): C:\Users\alexc\Music\Client\DAD-2024-G1\ms-catalogo\target\classes;C:\Users\alexc\.m2\repository\org\springframework\boot\spring-boot-starter-data-jpa\3.1.3\spring-boot-starter-data-jpa-3.1.3.jar;C:\Users\alexc\.m2\repository\org\springframework\boot\spring-boot-starter-aop\3.1.3\spring-boot-starter-aop-3.1.3.jar;C:\Users\alexc\.m2\repository\org\springframework\spring-aop\6.0.11\spring-aop-6.0.11.jar;C:\Users\alexc\.m2\repository\org\aspectj\aspectjweaver\1.9.20\aspectjweaver-1.9.20.jar;C:\Users\alexc\.m2\repository\org\springframework\boot\spring-boot-starter-jdbc\3.1.3\spring-boot-starter-jdbc-3.1.3.jar;C:\Users\alexc\.m2\repository\com\zaxxer\HikariCP\5.0.1\HikariCP-5.0.1.jar;C:\Users\alexc\.m2\repository\org\springframework\spring-jdbc\6.0.11\spring-jdbc-6.0.11.jar;C:\Users\alexc\.m2\repository\org\hibernate\orm\hibernate-core\6.2.7.Final\hibernate-core-6.2.7.Final.jar;C:\Users\alexc\.m2\repository\jakarta\persistence\jakarta.persistence-api\3.1.0\jakarta.persistence-api-3.1.0.jar;C:\Users\alexc\.m2\repository\jakarta\transaction\jakarta.transaction-api\2.0.1\jakarta.transaction-api-2.0.1.jar;C:\Users\alexc\.m2\repository\org\jboss\logging\jboss-logging\3.5.3.Final\jboss-logging-3.5.3.Final.jar;C:\Users\alexc\.m2\repository\org\hibernate\common\hibernate-commons-annotations\6.0.6.Final\hibernate-commons-annotations-6.0.6.Final.jar;C:\Users\alexc\.m2\repository\io\smallrye\jandex\3.0.5\jandex-3.0.5.jar;C:\Users\alexc\.m2\repository\com\fasterxml\classmate\1.5.1\classmate-1.5.1.jar;C:\Users\alexc\.m2\repository\net\bytebuddy\byte-buddy\1.14.6\byte-buddy-1.14.6.jar;C:\Users\alexc\.m2\repository\org\glassfish\jaxb\jaxb-runtime\4.0.3\jaxb-runtime-4.0.3.jar;C:\Users\alexc\.m2\repository\org\glassfish\jaxb\jaxb-core\4.0.3\jaxb-core-4.0.3.jar;C:\Users\alexc\.m2\repository\org\eclipse\angus\angus-activation\2.0.1\angus-activation-2.0.1.jar;C:\Users\alexc\.m2\repository\org\glassfish\jaxb\txw2\4.0.3\txw2-4.0.3.jar;C:\Users\alexc\.m2\repositor
Launcher Type: SUN_STANDARD

[Global flags]
     intx CICompilerCount                          = 4                                         {product} {ergonomic}
     uint ConcGCThreads                            = 2                                         {product} {ergonomic}
     uint G1ConcRefinementThreads                  = 8                                         {product} {ergonomic}
   size_t G1HeapRegionSize                         = 1048576                                   {product} {ergonomic}
    uintx GCDrainStackTargetSize                   = 64                                        {product} {ergonomic}
   size_t InitialHeapSize                          = 132120576                                 {product} {ergonomic}
     bool ManagementServer                         = true                                      {product} {command line}
   size_t MarkStackSize                            = 4194304                                   {product} {ergonomic}
   size_t MaxHeapSize                              = 2090860544                                {product} {ergonomic}
   size_t MaxNewSize                               = 1254096896                                {product} {ergonomic}
   size_t MinHeapDeltaBytes                        = 1048576                                   {product} {ergonomic}
   size_t MinHeapSize                              = 8388608                                   {product} {ergonomic}
    uintx NonProfiledCodeHeapSize                  = 0                                      {pd product} {ergonomic}
     bool ProfileInterpreter                       = false                                  {pd product} {command line}
    uintx ProfiledCodeHeapSize                     = 0                                      {pd product} {ergonomic}
   size_t SoftMaxHeapSize                          = 2090860544                             {manageable} {ergonomic}
     intx TieredStopAtLevel                        = 1                                         {product} {command line}
     bool UseCompressedClassPointers               = true                           {product lp64_product} {ergonomic}
     bool UseCompressedOops                        = true                           {product lp64_product} {ergonomic}
     bool UseG1GC                                  = true                                      {product} {ergonomic}
     bool UseLargePagesIndividualAllocation        = false                                  {pd product} {ergonomic}

Logging:
Log output configuration:
 #0: stdout all=warning uptime,level,tags
 #1: stderr all=off uptime,level,tags

Environment Variables:
JAVA_HOME=C:\Program Files\Eclipse Adoptium\jdk-21.0.1.12-hotspot\
PATH=C:\Program Files\Eclipse Adoptium\jdk-21.0.1.12-hotspot\bin;C:\app\alexc\product\21c\dbhomeXE\bin;C:\Program Files (x86)\Common Files\Oracle\Java\javapath;C:\Windows\system32;C:\Windows;C:\Windows\System32\Wbem;C:\Windows\System32\WindowsPowerShell\v1.0\;C:\Windows\System32\OpenSSH\;C:\Program Files\nodejs\;C:\Program Files\Git\cmd;C:\xampp\php;C:\composer;C:\Program Files (x86)\Microchip\MPLAB C32 Suite\bin;C:\Users\alexc\AppData\Local\Microsoft\WindowsApps;;C:\Users\alexc\AppData\Local\Programs\Microsoft VS Code\bin;C:\Users\alexc\AppData\Roaming\npm;C:\Users\alexc\AppData\Roaming\Composer\vendor\bin
USERNAME=alexc
OS=Windows_NT
PROCESSOR_IDENTIFIER=Intel64 Family 6 Model 140 Stepping 1, GenuineIntel
TMP=C:\Users\alexc\AppData\Local\Temp
TEMP=C:\Users\alexc\AppData\Local\Temp



Periodic native trim disabled


---------------  S Y S T E M  ---------------

OS:
 Windows 11 , 64 bit Build 22621 (10.0.22621.3374)
OS uptime: 7 days 10:47 hours

CPU: total 8 (initial active 8) (4 cores per cpu, 2 threads per core) family 6 model 140 stepping 1 microcode 0x8a, cx8, cmov, fxsr, ht, mmx, 3dnowpref, sse, sse2, sse3, ssse3, sse4.1, sse4.2, popcnt, lzcnt, tsc, tscinvbit, avx, avx2, aes, erms, clmul, bmi1, bmi2, adx, avx512f, avx512dq, avx512cd, avx512bw, avx512vl, sha, fma, vzeroupper, avx512_vpopcntdq, avx512_vpclmulqdq, avx512_vaes, avx512_vnni, clflush, clflushopt, clwb, avx512_vbmi2, avx512_vbmi
Processor Information for processor 0
  Max Mhz: 2419, Current Mhz: 2419, Mhz Limit: 2419
Processor Information for processor 1
  Max Mhz: 2419, Current Mhz: 2419, Mhz Limit: 2419
Processor Information for processor 2
  Max Mhz: 2419, Current Mhz: 1209, Mhz Limit: 2419
Processor Information for processor 3
  Max Mhz: 2419, Current Mhz: 1209, Mhz Limit: 2419
Processor Information for processor 4
  Max Mhz: 2419, Current Mhz: 1209, Mhz Limit: 2419
Processor Information for processor 5
  Max Mhz: 2419, Current Mhz: 1209, Mhz Limit: 2419
Processor Information for processor 6
  Max Mhz: 2419, Current Mhz: 1209, Mhz Limit: 2419
Processor Information for processor 7
  Max Mhz: 2419, Current Mhz: 2419, Mhz Limit: 2419

Memory: 4k page, system-wide physical 7975M (302M free)
TotalPageFile size 25905M (AvailPageFile size 7M)
current process WorkingSet (physical memory assigned to process): 245M, peak: 245M
current process commit charge ("private bytes"): 285M, peak: 301M

vm_info: OpenJDK 64-Bit Server VM (17.0.10+7-LTS) for windows-amd64 JRE (17.0.10+7-LTS), built on Jan 10 2024 22:11:07 by "Administrator" with MS VC++ 16.10 / 16.11 (VS2019)

END.
