#
# There is insufficient memory for the Java Runtime Environment to continue.
# Native memory allocation (mmap) failed to map 245366784 bytes for G1 virtual space
# Possible reasons:
#   The system is out of physical RAM or swap space
#   The process is running with CompressedOops enabled, and the Java Heap may be blocking the growth of the native heap
# Possible solutions:
#   Reduce memory load on the system
#   Increase physical memory or swap space
#   Check if swap backing store is full
#   Decrease Java heap size (-Xmx/-Xms)
#   Decrease number of Java threads
#   Decrease Java thread stack sizes (-Xss)
#   Set larger code cache with -XX:ReservedCodeCacheSize=
#   JVM is running with Unscaled Compressed Oops mode in which the Java heap is
#     placed in the first 4GB address space. The Java Heap base address is the
#     maximum limit for the native heap growth. Please use -XX:HeapBaseMinAddress
#     to set the Java Heap base and to place the Java Heap above 4GB virtual address.
# This output file may be truncated or incomplete.
#
#  Out of Memory Error (os_windows.cpp:3613), pid=23104, tid=6664
#
# JRE version: OpenJDK Runtime Environment Corretto-17.0.10.7.1 (17.0.10+7) (build 17.0.10+7-LTS)
# Java VM: OpenJDK 64-Bit Server VM Corretto-17.0.10.7.1 (17.0.10+7-LTS, mixed mode, emulated-client, sharing, tiered, compressed oops, compressed class ptrs, g1 gc, windows-amd64)
# No core dump will be written. Minidumps are not enabled by default on client versions of Windows
#

---------------  S U M M A R Y ------------

Command Line: -agentlib:jdwp=transport=dt_socket,address=127.0.0.1:59299,suspend=y,server=n -XX:TieredStopAtLevel=1 -Dspring.output.ansi.enabled=always -Dcom.sun.management.jmxremote -Dspring.jmx.enabled=true -Dspring.liveBeansView.mbeanDomain -Dspring.application.admin.enabled=true -Dmanagement.endpoints.jmx.exposure.include=* -javaagent:C:\Users\alexc\AppData\Local\JetBrains\IntelliJIdea2024.1\captureAgent\debugger-agent.jar -Dfile.encoding=UTF-8 com.example.mspedidoservice.MsPedidoServiceApplication

Host: 11th Gen Intel(R) Core(TM) i5-1135G7 @ 2.40GHz, 8 cores, 7G,  Windows 11 , 64 bit Build 22621 (10.0.22621.3374)
Time: Thu Apr 18 00:09:40 2024 Hora est. Pacífico, Sudamérica elapsed time: 17.076317 seconds (0d 0h 0m 17s)

---------------  T H R E A D  ---------------

Current thread (0x000001914b676760):  VMThread "VM Thread" [stack: 0x00000062b1000000,0x00000062b1100000] [id=6664]

Stack: [0x00000062b1000000,0x00000062b1100000]
Native frames: (J=compiled Java code, j=interpreted, Vv=VM code, C=native code)
V  [jvm.dll+0x67d2c9]
V  [jvm.dll+0x834b1a]
V  [jvm.dll+0x8365de]
V  [jvm.dll+0x836c43]
V  [jvm.dll+0x2477ff]
V  [jvm.dll+0x67a109]
V  [jvm.dll+0x66eb7a]
V  [jvm.dll+0x30764b]
V  [jvm.dll+0x30eaf6]
V  [jvm.dll+0x35e83e]
V  [jvm.dll+0x35ea6f]
V  [jvm.dll+0x2de248]
V  [jvm.dll+0x2dc424]
V  [jvm.dll+0x2dba2c]
V  [jvm.dll+0x31faeb]
V  [jvm.dll+0x83b13b]
V  [jvm.dll+0x83be81]
V  [jvm.dll+0x83c39d]
V  [jvm.dll+0x83c774]
V  [jvm.dll+0x83c840]
V  [jvm.dll+0x7e3fda]
V  [jvm.dll+0x67c1b5]
C  [ucrtbase.dll+0x29333]
C  [KERNEL32.DLL+0x1257d]
C  [ntdll.dll+0x5aa48]

VM_Operation (0x00000062b38fca30): G1CollectForAllocation, mode: safepoint, requested by thread 0x0000019193d0b430


---------------  P R O C E S S  ---------------

Threads class SMR info:
_java_thread_list=0x00000191934e2280, length=42, elements={
0x00000191375a1f40, 0x000001914b679100, 0x000001914b679ac0, 0x000001914b68bcb0,
0x000001914b68d590, 0x000001914b68de60, 0x000001914b690b40, 0x000001914b691410,
0x000001914b69d230, 0x000001914b982760, 0x000001914b9d09d0, 0x000001914b9e6280,
0x000001914b9e6780, 0x00000191914a41e0, 0x0000019191781be0, 0x0000019191c44ba0,
0x0000019191cb63a0, 0x0000019191eade60, 0x0000019192140990, 0x000001919156e840,
0x00000191929345d0, 0x0000019192060300, 0x000001919205f3d0, 0x000001919205e4a0,
0x000001919205da80, 0x000001919205f8e0, 0x000001919205d570, 0x000001919205eec0,
0x0000019193d10020, 0x0000019193d0b430, 0x0000019193d0be50, 0x0000019193d0d7a0,
0x0000019193d12db0, 0x0000019193d0e6d0, 0x0000019193d0fb10, 0x0000019193d0d290,
0x0000019193d12390, 0x0000019193d0f0f0, 0x0000019193d0c360, 0x0000019193d0dcb0,
0x0000019193d10530, 0x0000019193d10a40
}

Java Threads: ( => current thread )
  0x00000191375a1f40 JavaThread "main" [_thread_blocked, id=31080, stack(0x00000062b0a00000,0x00000062b0b00000)]
  0x000001914b679100 JavaThread "Reference Handler" daemon [_thread_blocked, id=30212, stack(0x00000062b1100000,0x00000062b1200000)]
  0x000001914b679ac0 JavaThread "Finalizer" daemon [_thread_blocked, id=27120, stack(0x00000062b1200000,0x00000062b1300000)]
  0x000001914b68bcb0 JavaThread "Signal Dispatcher" daemon [_thread_blocked, id=13480, stack(0x00000062b1300000,0x00000062b1400000)]
  0x000001914b68d590 JavaThread "Attach Listener" daemon [_thread_blocked, id=15508, stack(0x00000062b1400000,0x00000062b1500000)]
  0x000001914b68de60 JavaThread "Service Thread" daemon [_thread_blocked, id=1908, stack(0x00000062b1500000,0x00000062b1600000)]
  0x000001914b690b40 JavaThread "Monitor Deflation Thread" daemon [_thread_blocked, id=20848, stack(0x00000062b1600000,0x00000062b1700000)]
  0x000001914b691410 JavaThread "C1 CompilerThread0" daemon [_thread_blocked, id=4688, stack(0x00000062b1700000,0x00000062b1800000)]
  0x000001914b69d230 JavaThread "Sweeper thread" daemon [_thread_blocked, id=16696, stack(0x00000062b1800000,0x00000062b1900000)]
  0x000001914b982760 JavaThread "Common-Cleaner" daemon [_thread_blocked, id=14092, stack(0x00000062b1900000,0x00000062b1a00000)]
  0x000001914b9d09d0 JavaThread "JDWP Transport Listener: dt_socket" daemon [_thread_blocked, id=7656, stack(0x00000062b1c00000,0x00000062b1d00000)]
  0x000001914b9e6280 JavaThread "JDWP Event Helper Thread" daemon [_thread_blocked, id=5744, stack(0x00000062b1d00000,0x00000062b1e00000)]
  0x000001914b9e6780 JavaThread "JDWP Command Reader" daemon [_thread_in_native, id=21348, stack(0x00000062b1e00000,0x00000062b1f00000)]
  0x00000191914a41e0 JavaThread "Notification Thread" daemon [_thread_blocked, id=13568, stack(0x00000062b1f00000,0x00000062b2000000)]
  0x0000019191781be0 JavaThread "RMI TCP Accept-0" daemon [_thread_in_native, id=17396, stack(0x00000062b2000000,0x00000062b2100000)]
  0x0000019191c44ba0 JavaThread "RMI TCP Connection(2)-192.168.100.36" daemon [_thread_in_native, id=20348, stack(0x00000062b2a00000,0x00000062b2b00000)]
  0x0000019191cb63a0 JavaThread "RMI Scheduler(0)" daemon [_thread_blocked, id=27956, stack(0x00000062b2b00000,0x00000062b2c00000)]
  0x0000019191eade60 JavaThread "RMI TCP Connection(3)-192.168.100.36" daemon [_thread_in_native, id=18208, stack(0x00000062b2d00000,0x00000062b2e00000)]
  0x0000019192140990 JavaThread "Keep-Alive-Timer" daemon [_thread_blocked, id=28092, stack(0x00000062b1b00000,0x00000062b1c00000)]
  0x000001919156e840 JavaThread "C1 CompilerThread1" daemon [_thread_blocked, id=26888, stack(0x00000062b2e00000,0x00000062b2f00000)]
  0x00000191929345d0 JavaThread "C1 CompilerThread2" daemon [_thread_blocked, id=19268, stack(0x00000062b1a00000,0x00000062b1b00000)]
  0x0000019192060300 JavaThread "Catalina-utility-1" [_thread_blocked, id=16420, stack(0x00000062b3000000,0x00000062b3100000)]
  0x000001919205f3d0 JavaThread "Catalina-utility-2" [_thread_blocked, id=14972, stack(0x00000062b3100000,0x00000062b3200000)]
  0x000001919205e4a0 JavaThread "container-0" [_thread_blocked, id=14400, stack(0x00000062b3200000,0x00000062b3300000)]
  0x000001919205da80 JavaThread "mysql-cj-abandoned-connection-cleanup" daemon [_thread_blocked, id=10692, stack(0x00000062b3300000,0x00000062b3400000)]
  0x000001919205f8e0 JavaThread "HikariPool-1 housekeeper" daemon [_thread_blocked, id=25848, stack(0x00000062b3400000,0x00000062b3500000)]
  0x000001919205d570 JavaThread "HikariPool-1 connection adder" daemon [_thread_blocked, id=29932, stack(0x00000062b3500000,0x00000062b3600000)]
  0x000001919205eec0 JavaThread "spring.cloud.inetutils" daemon [_thread_blocked, id=1140, stack(0x00000062b3600000,0x00000062b3700000)]
  0x0000019193d10020 JavaThread "ClassGraph-worker-84" daemon [_thread_blocked, id=14552, stack(0x00000062b3700000,0x00000062b3800000)]
  0x0000019193d0b430 JavaThread "ClassGraph-worker-85" daemon [_thread_blocked, id=19776, stack(0x00000062b3800000,0x00000062b3900000)]
  0x0000019193d0be50 JavaThread "ClassGraph-worker-86" daemon [_thread_blocked, id=18392, stack(0x00000062b3900000,0x00000062b3a00000)]
  0x0000019193d0d7a0 JavaThread "ClassGraph-worker-87" daemon [_thread_blocked, id=19188, stack(0x00000062b3a00000,0x00000062b3b00000)]
  0x0000019193d12db0 JavaThread "ClassGraph-worker-88" daemon [_thread_blocked, id=640, stack(0x00000062b3b00000,0x00000062b3c00000)]
  0x0000019193d0e6d0 JavaThread "ClassGraph-worker-89" daemon [_thread_blocked, id=12356, stack(0x00000062b3c00000,0x00000062b3d00000)]
  0x0000019193d0fb10 JavaThread "ClassGraph-worker-90" daemon [_thread_blocked, id=31932, stack(0x00000062b3d00000,0x00000062b3e00000)]
  0x0000019193d0d290 JavaThread "ClassGraph-worker-91" daemon [_thread_blocked, id=23976, stack(0x00000062b3e00000,0x00000062b3f00000)]
  0x0000019193d12390 JavaThread "ClassGraph-worker-92" daemon [_thread_blocked, id=25484, stack(0x00000062b3f00000,0x00000062b4000000)]
  0x0000019193d0f0f0 JavaThread "ClassGraph-worker-93" daemon [_thread_blocked, id=16992, stack(0x00000062b4000000,0x00000062b4100000)]
  0x0000019193d0c360 JavaThread "ClassGraph-worker-94" daemon [_thread_blocked, id=8172, stack(0x00000062b4100000,0x00000062b4200000)]
  0x0000019193d0dcb0 JavaThread "ClassGraph-worker-95" daemon [_thread_blocked, id=5900, stack(0x00000062b4200000,0x00000062b4300000)]
  0x0000019193d10530 JavaThread "ClassGraph-worker-96" daemon [_thread_blocked, id=32696, stack(0x00000062b4300000,0x00000062b4400000)]
  0x0000019193d10a40 JavaThread "ClassGraph-worker-97" daemon [_thread_blocked, id=29540, stack(0x00000062b4400000,0x00000062b4500000)]

Other Threads:
=>0x000001914b676760 VMThread "VM Thread" [stack: 0x00000062b1000000,0x00000062b1100000] [id=6664]
  0x00000191375a4bd0 WatcherThread [stack: 0x00000062b2100000,0x00000062b2200000] [id=26252]
  0x00000191375fce20 GCTaskThread "GC Thread#0" [stack: 0x00000062b0b00000,0x00000062b0c00000] [id=23020]
  0x00000191917dcdd0 GCTaskThread "GC Thread#1" [stack: 0x00000062b2200000,0x00000062b2300000] [id=27468]
  0x00000191917d5a60 GCTaskThread "GC Thread#2" [stack: 0x00000062b2300000,0x00000062b2400000] [id=9684]
  0x0000019191b58880 GCTaskThread "GC Thread#3" [stack: 0x00000062b2400000,0x00000062b2500000] [id=27604]
  0x00000191917febd0 GCTaskThread "GC Thread#4" [stack: 0x00000062b2500000,0x00000062b2600000] [id=19824]
  0x0000019191b87620 GCTaskThread "GC Thread#5" [stack: 0x00000062b2600000,0x00000062b2700000] [id=31412]
  0x0000019191b878e0 GCTaskThread "GC Thread#6" [stack: 0x00000062b2700000,0x00000062b2800000] [id=11692]
  0x0000019191b87fb0 GCTaskThread "GC Thread#7" [stack: 0x00000062b2800000,0x00000062b2900000] [id=4140]
  0x000001913760e5c0 ConcurrentGCThread "G1 Main Marker" [stack: 0x00000062b0c00000,0x00000062b0d00000] [id=7852]
  0x000001913760eee0 ConcurrentGCThread "G1 Conc#0" [stack: 0x00000062b0d00000,0x00000062b0e00000] [id=14548]
  0x00000191914da500 ConcurrentGCThread "G1 Conc#1" [stack: 0x00000062b2f00000,0x00000062b3000000] [id=7252]
  0x000001914b52c9a0 ConcurrentGCThread "G1 Refine#0" [stack: 0x00000062b0e00000,0x00000062b0f00000] [id=5404]
  0x00000191917d5d20 ConcurrentGCThread "G1 Refine#1" [stack: 0x00000062b2900000,0x00000062b2a00000] [id=27176]
  0x000001914b52d1e0 ConcurrentGCThread "G1 Service" [stack: 0x00000062b0f00000,0x00000062b1000000] [id=28296]

Threads with active compile tasks:
C1 CompilerThread0    17137 6467       1       jdk.internal.misc.Unsafe::freeMemoryChecks (7 bytes)
C1 CompilerThread1    17137 6466       1       jdk.internal.misc.Unsafe::freeMemory (18 bytes)

VM state: at safepoint (normal execution)

VM Mutex/Monitor currently owned by a thread:  ([mutex/lock_event])
[0x000001913759d320] Threads_lock - owner thread: 0x000001914b676760
[0x000001913759d170] Heap_lock - owner thread: 0x0000019193d0b430

Heap address: 0x0000000083600000, size: 1994 MB, Compressed Oops mode: 32-bit

CDS archive(s) mapped at: [0x000001914c000000-0x000001914cbb0000-0x000001914cbb0000), size 12255232, SharedBaseAddress: 0x000001914c000000, ArchiveRelocationMode: 1.
Compressed class space mapped at: 0x000001914d000000-0x000001918d000000, reserved size: 1073741824
Narrow klass base: 0x000001914c000000, Narrow klass shift: 0, Narrow klass range: 0x100000000

GC Precious Log:
 CPUs: 8 total, 8 available
 Memory: 7975M
 Large Page Support: Disabled
 NUMA Support: Disabled
 Compressed Oops: Enabled (32-bit)
 Heap Region Size: 1M
 Heap Min Capacity: 8M
 Heap Initial Capacity: 126M
 Heap Max Capacity: 1994M
 Pre-touch: Disabled
 Parallel Workers: 8
 Concurrent Workers: 2
 Concurrent Refinement Workers: 8
 Periodic GC: Disabled

Heap:
 garbage-first heap   total 129024K, used 69795K [0x0000000083600000, 0x0000000100000000)
  region size 1024K, 4 young (4096K), 4 survivors (4096K)
 Metaspace       used 72435K, committed 73024K, reserved 1114112K
  class space    used 10269K, committed 10560K, reserved 1048576K

Heap Regions: E=young(eden), S=young(survivor), O=old, HS=humongous(starts), HC=humongous(continues), CS=collection set, F=free, OA=open archive, CA=closed archive, TAMS=top-at-mark-start (previous, next)
|   0|0x0000000083600000, 0x0000000083700000, 0x0000000083700000|100%|HS|  |TAMS 0x0000000083700000, 0x0000000083600000| Complete 
|   1|0x0000000083700000, 0x0000000083800000, 0x0000000083800000|100%|HS|  |TAMS 0x0000000083800000, 0x0000000083700000| Complete 
|   2|0x0000000083800000, 0x0000000083900000, 0x0000000083900000|100%| O|  |TAMS 0x0000000083900000, 0x0000000083800000| Untracked 
|   3|0x0000000083900000, 0x0000000083a00000, 0x0000000083a00000|100%| O|  |TAMS 0x0000000083a00000, 0x0000000083900000| Untracked 
|   4|0x0000000083a00000, 0x0000000083b00000, 0x0000000083b00000|100%| O|  |TAMS 0x0000000083b00000, 0x0000000083a00000| Untracked 
|   5|0x0000000083b00000, 0x0000000083c00000, 0x0000000083c00000|100%| O|  |TAMS 0x0000000083c00000, 0x0000000083b00000| Untracked 
|   6|0x0000000083c00000, 0x0000000083d00000, 0x0000000083d00000|100%| O|  |TAMS 0x0000000083d00000, 0x0000000083c00000| Untracked 
|   7|0x0000000083d00000, 0x0000000083e00000, 0x0000000083e00000|100%| O|  |TAMS 0x0000000083e00000, 0x0000000083d00000| Untracked 
|   8|0x0000000083e00000, 0x0000000083f00000, 0x0000000083f00000|100%| O|  |TAMS 0x0000000083f00000, 0x0000000083e00000| Untracked 
|   9|0x0000000083f00000, 0x0000000084000000, 0x0000000084000000|100%| O|  |TAMS 0x0000000084000000, 0x0000000083f00000| Untracked 
|  10|0x0000000084000000, 0x0000000084100000, 0x0000000084100000|100%| O|  |TAMS 0x0000000084100000, 0x0000000084000000| Untracked 
|  11|0x0000000084100000, 0x0000000084200000, 0x0000000084200000|100%| O|  |TAMS 0x0000000084200000, 0x0000000084100000| Untracked 
|  12|0x0000000084200000, 0x0000000084300000, 0x0000000084300000|100%| O|  |TAMS 0x0000000084300000, 0x0000000084200000| Untracked 
|  13|0x0000000084300000, 0x0000000084400000, 0x0000000084400000|100%| O|  |TAMS 0x0000000084400000, 0x0000000084300000| Untracked 
|  14|0x0000000084400000, 0x0000000084500000, 0x0000000084500000|100%| O|  |TAMS 0x0000000084500000, 0x0000000084400000| Untracked 
|  15|0x0000000084500000, 0x0000000084600000, 0x0000000084600000|100%| O|  |TAMS 0x0000000084600000, 0x0000000084500000| Untracked 
|  16|0x0000000084600000, 0x0000000084700000, 0x0000000084700000|100%| O|  |TAMS 0x0000000084700000, 0x0000000084600000| Untracked 
|  17|0x0000000084700000, 0x0000000084800000, 0x0000000084800000|100%| O|  |TAMS 0x0000000084800000, 0x0000000084700000| Untracked 
|  18|0x0000000084800000, 0x0000000084900000, 0x0000000084900000|100%| O|  |TAMS 0x0000000084900000, 0x0000000084800000| Untracked 
|  19|0x0000000084900000, 0x0000000084a00000, 0x0000000084a00000|100%| O|  |TAMS 0x0000000084a00000, 0x0000000084900000| Untracked 
|  20|0x0000000084a00000, 0x0000000084b00000, 0x0000000084b00000|100%| O|  |TAMS 0x0000000084b00000, 0x0000000084a00000| Untracked 
|  21|0x0000000084b00000, 0x0000000084c00000, 0x0000000084c00000|100%| O|  |TAMS 0x0000000084c00000, 0x0000000084b00000| Untracked 
|  22|0x0000000084c00000, 0x0000000084d00000, 0x0000000084d00000|100%| O|  |TAMS 0x0000000084d00000, 0x0000000084c00000| Untracked 
|  23|0x0000000084d00000, 0x0000000084e00000, 0x0000000084e00000|100%| O|  |TAMS 0x0000000084e00000, 0x0000000084d00000| Untracked 
|  24|0x0000000084e00000, 0x0000000084f00000, 0x0000000084f00000|100%| O|  |TAMS 0x0000000084e00000, 0x0000000084e00000| Untracked 
|  25|0x0000000084f00000, 0x0000000085000000, 0x0000000085000000|100%| O|  |TAMS 0x0000000085000000, 0x0000000084f00000| Untracked 
|  26|0x0000000085000000, 0x0000000085100000, 0x0000000085100000|100%| O|  |TAMS 0x0000000085100000, 0x0000000085000000| Untracked 
|  27|0x0000000085100000, 0x0000000085200000, 0x0000000085200000|100%| O|  |TAMS 0x0000000085200000, 0x0000000085100000| Untracked 
|  28|0x0000000085200000, 0x0000000085300000, 0x0000000085300000|100%| O|  |TAMS 0x0000000085300000, 0x0000000085200000| Untracked 
|  29|0x0000000085300000, 0x0000000085400000, 0x0000000085400000|100%| O|  |TAMS 0x0000000085400000, 0x0000000085300000| Untracked 
|  30|0x0000000085400000, 0x0000000085500000, 0x0000000085500000|100%| O|  |TAMS 0x0000000085400000, 0x0000000085400000| Untracked 
|  31|0x0000000085500000, 0x0000000085600000, 0x0000000085600000|100%| O|  |TAMS 0x0000000085600000, 0x0000000085500000| Untracked 
|  32|0x0000000085600000, 0x0000000085700000, 0x0000000085700000|100%| O|  |TAMS 0x0000000085700000, 0x0000000085600000| Untracked 
|  33|0x0000000085700000, 0x0000000085800000, 0x0000000085800000|100%| O|  |TAMS 0x0000000085800000, 0x0000000085700000| Untracked 
|  34|0x0000000085800000, 0x0000000085900000, 0x0000000085900000|100%| O|  |TAMS 0x0000000085900000, 0x0000000085800000| Untracked 
|  35|0x0000000085900000, 0x0000000085a00000, 0x0000000085a00000|100%| O|  |TAMS 0x0000000085900000, 0x0000000085900000| Untracked 
|  36|0x0000000085a00000, 0x0000000085b00000, 0x0000000085b00000|100%| O|  |TAMS 0x0000000085b00000, 0x0000000085a00000| Untracked 
|  37|0x0000000085b00000, 0x0000000085c00000, 0x0000000085c00000|100%| O|  |TAMS 0x0000000085c00000, 0x0000000085b00000| Untracked 
|  38|0x0000000085c00000, 0x0000000085d00000, 0x0000000085d00000|100%| O|  |TAMS 0x0000000085d00000, 0x0000000085c00000| Untracked 
|  39|0x0000000085d00000, 0x0000000085e00000, 0x0000000085e00000|100%| O|  |TAMS 0x0000000085e00000, 0x0000000085d00000| Untracked 
|  40|0x0000000085e00000, 0x0000000085f00000, 0x0000000085f00000|100%| O|  |TAMS 0x0000000085e00000, 0x0000000085e00000| Untracked 
|  41|0x0000000085f00000, 0x0000000086000000, 0x0000000086000000|100%| O|  |TAMS 0x0000000085f00000, 0x0000000085f00000| Untracked 
|  42|0x0000000086000000, 0x0000000086100000, 0x0000000086100000|100%| O|  |TAMS 0x0000000086000000, 0x0000000086000000| Untracked 
|  43|0x0000000086100000, 0x0000000086100000, 0x0000000086200000|  0%| F|  |TAMS 0x0000000086100000, 0x0000000086100000| Untracked 
|  44|0x0000000086200000, 0x0000000086200000, 0x0000000086300000|  0%| F|  |TAMS 0x0000000086200000, 0x0000000086200000| Untracked 
|  45|0x0000000086300000, 0x0000000086400000, 0x0000000086400000|100%| O|  |TAMS 0x0000000086300000, 0x0000000086300000| Untracked 
|  46|0x0000000086400000, 0x0000000086500000, 0x0000000086500000|100%| O|  |TAMS 0x0000000086400000, 0x0000000086400000| Untracked 
|  47|0x0000000086500000, 0x0000000086600000, 0x0000000086600000|100%| O|  |TAMS 0x0000000086600000, 0x0000000086500000| Untracked 
|  48|0x0000000086600000, 0x0000000086700000, 0x0000000086700000|100%| O|  |TAMS 0x0000000086600000, 0x0000000086600000| Untracked 
|  49|0x0000000086700000, 0x0000000086800000, 0x0000000086800000|100%| O|  |TAMS 0x0000000086700000, 0x0000000086700000| Untracked 
|  50|0x0000000086800000, 0x0000000086900000, 0x0000000086900000|100%| O|  |TAMS 0x0000000086900000, 0x0000000086800000| Untracked 
|  51|0x0000000086900000, 0x0000000086a00000, 0x0000000086a00000|100%| O|  |TAMS 0x0000000086900000, 0x0000000086900000| Untracked 
|  52|0x0000000086a00000, 0x0000000086b00000, 0x0000000086b00000|100%| O|  |TAMS 0x0000000086a00000, 0x0000000086a00000| Untracked 
|  53|0x0000000086b00000, 0x0000000086c00000, 0x0000000086c00000|100%| O|  |TAMS 0x0000000086b00000, 0x0000000086b00000| Untracked 
|  54|0x0000000086c00000, 0x0000000086d00000, 0x0000000086d00000|100%| O|  |TAMS 0x0000000086c00000, 0x0000000086c00000| Untracked 
|  55|0x0000000086d00000, 0x0000000086e00000, 0x0000000086e00000|100%| O|  |TAMS 0x0000000086d00000, 0x0000000086d00000| Untracked 
|  56|0x0000000086e00000, 0x0000000086f00000, 0x0000000086f00000|100%| O|  |TAMS 0x0000000086e00000, 0x0000000086e00000| Untracked 
|  57|0x0000000086f00000, 0x0000000087000000, 0x0000000087000000|100%| O|  |TAMS 0x0000000086f00000, 0x0000000086f00000| Untracked 
|  58|0x0000000087000000, 0x0000000087100000, 0x0000000087100000|100%| O|  |TAMS 0x0000000087000000, 0x0000000087000000| Untracked 
|  59|0x0000000087100000, 0x0000000087200000, 0x0000000087200000|100%| O|  |TAMS 0x0000000087100000, 0x0000000087100000| Untracked 
|  60|0x0000000087200000, 0x0000000087300000, 0x0000000087300000|100%| O|  |TAMS 0x0000000087200000, 0x0000000087200000| Untracked 
|  61|0x0000000087300000, 0x0000000087400000, 0x0000000087400000|100%| O|  |TAMS 0x0000000087300000, 0x0000000087300000| Untracked 
|  62|0x0000000087400000, 0x0000000087500000, 0x0000000087500000|100%| O|  |TAMS 0x0000000087400000, 0x0000000087400000| Untracked 
|  63|0x0000000087500000, 0x0000000087600000, 0x0000000087600000|100%| O|  |TAMS 0x0000000087500000, 0x0000000087500000| Untracked 
|  64|0x0000000087600000, 0x0000000087700000, 0x0000000087700000|100%| O|  |TAMS 0x0000000087600000, 0x0000000087600000| Untracked 
|  65|0x0000000087700000, 0x0000000087800000, 0x0000000087800000|100%| O|  |TAMS 0x0000000087700000, 0x0000000087700000| Untracked 
|  66|0x0000000087800000, 0x0000000087828c00, 0x0000000087900000| 15%| O|  |TAMS 0x0000000087800000, 0x0000000087800000| Untracked 
|  67|0x0000000087900000, 0x0000000087900000, 0x0000000087a00000|  0%| F|  |TAMS 0x0000000087900000, 0x0000000087900000| Untracked 
|  68|0x0000000087a00000, 0x0000000087a00000, 0x0000000087b00000|  0%| F|  |TAMS 0x0000000087a00000, 0x0000000087a00000| Untracked 
|  69|0x0000000087b00000, 0x0000000087b00000, 0x0000000087c00000|  0%| F|  |TAMS 0x0000000087b00000, 0x0000000087b00000| Untracked 
|  70|0x0000000087c00000, 0x0000000087c00000, 0x0000000087d00000|  0%| F|  |TAMS 0x0000000087c00000, 0x0000000087c00000| Untracked 
|  71|0x0000000087d00000, 0x0000000087d00000, 0x0000000087e00000|  0%| F|  |TAMS 0x0000000087d00000, 0x0000000087d00000| Untracked 
|  72|0x0000000087e00000, 0x0000000087e00000, 0x0000000087f00000|  0%| F|  |TAMS 0x0000000087e00000, 0x0000000087e00000| Untracked 
|  73|0x0000000087f00000, 0x0000000087f00000, 0x0000000088000000|  0%| F|  |TAMS 0x0000000087f00000, 0x0000000087f00000| Untracked 
|  74|0x0000000088000000, 0x0000000088000000, 0x0000000088100000|  0%| F|  |TAMS 0x0000000088000000, 0x0000000088000000| Untracked 
|  75|0x0000000088100000, 0x0000000088100000, 0x0000000088200000|  0%| F|  |TAMS 0x0000000088100000, 0x0000000088100000| Untracked 
|  76|0x0000000088200000, 0x0000000088200000, 0x0000000088300000|  0%| F|  |TAMS 0x0000000088200000, 0x0000000088200000| Untracked 
|  77|0x0000000088300000, 0x0000000088300000, 0x0000000088400000|  0%| F|  |TAMS 0x0000000088300000, 0x0000000088300000| Untracked 
|  78|0x0000000088400000, 0x0000000088400000, 0x0000000088500000|  0%| F|  |TAMS 0x0000000088400000, 0x0000000088400000| Untracked 
|  79|0x0000000088500000, 0x0000000088500000, 0x0000000088600000|  0%| F|  |TAMS 0x0000000088500000, 0x0000000088500000| Untracked 
|  80|0x0000000088600000, 0x0000000088600000, 0x0000000088700000|  0%| F|  |TAMS 0x0000000088600000, 0x0000000088600000| Untracked 
|  81|0x0000000088700000, 0x0000000088700000, 0x0000000088800000|  0%| F|  |TAMS 0x0000000088700000, 0x0000000088700000| Untracked 
|  82|0x0000000088800000, 0x0000000088800000, 0x0000000088900000|  0%| F|  |TAMS 0x0000000088800000, 0x0000000088800000| Untracked 
|  83|0x0000000088900000, 0x0000000088900000, 0x0000000088a00000|  0%| F|  |TAMS 0x0000000088900000, 0x0000000088900000| Untracked 
|  84|0x0000000088a00000, 0x0000000088a00000, 0x0000000088b00000|  0%| F|  |TAMS 0x0000000088a00000, 0x0000000088a00000| Untracked 
|  85|0x0000000088b00000, 0x0000000088b00000, 0x0000000088c00000|  0%| F|  |TAMS 0x0000000088b00000, 0x0000000088b00000| Untracked 
|  86|0x0000000088c00000, 0x0000000088c00000, 0x0000000088d00000|  0%| F|  |TAMS 0x0000000088c00000, 0x0000000088c00000| Untracked 
|  87|0x0000000088d00000, 0x0000000088d00000, 0x0000000088e00000|  0%| F|  |TAMS 0x0000000088d00000, 0x0000000088d00000| Untracked 
|  88|0x0000000088e00000, 0x0000000088e00000, 0x0000000088f00000|  0%| F|  |TAMS 0x0000000088e00000, 0x0000000088e00000| Untracked 
|  89|0x0000000088f00000, 0x0000000089000000, 0x0000000089000000|100%| S|CS|TAMS 0x0000000088f00000, 0x0000000088f00000| Complete 
|  90|0x0000000089000000, 0x0000000089100000, 0x0000000089100000|100%| S|CS|TAMS 0x0000000089000000, 0x0000000089000000| Complete 
|  91|0x0000000089100000, 0x0000000089200000, 0x0000000089200000|100%| S|CS|TAMS 0x0000000089100000, 0x0000000089100000| Complete 
|  92|0x0000000089200000, 0x0000000089300000, 0x0000000089300000|100%| S|CS|TAMS 0x0000000089200000, 0x0000000089200000| Complete 
|  93|0x0000000089300000, 0x0000000089300000, 0x0000000089400000|  0%| F|  |TAMS 0x0000000089300000, 0x0000000089300000| Untracked 
|  94|0x0000000089400000, 0x0000000089400000, 0x0000000089500000|  0%| F|  |TAMS 0x0000000089400000, 0x0000000089400000| Untracked 
|  95|0x0000000089500000, 0x0000000089500000, 0x0000000089600000|  0%| F|  |TAMS 0x0000000089500000, 0x0000000089500000| Untracked 
|  96|0x0000000089600000, 0x0000000089600000, 0x0000000089700000|  0%| F|  |TAMS 0x0000000089600000, 0x0000000089600000| Untracked 
|  97|0x0000000089700000, 0x0000000089700000, 0x0000000089800000|  0%| F|  |TAMS 0x0000000089700000, 0x0000000089700000| Untracked 
|  98|0x0000000089800000, 0x0000000089800000, 0x0000000089900000|  0%| F|  |TAMS 0x0000000089800000, 0x0000000089800000| Untracked 
|  99|0x0000000089900000, 0x0000000089900000, 0x0000000089a00000|  0%| F|  |TAMS 0x0000000089900000, 0x0000000089900000| Untracked 
| 100|0x0000000089a00000, 0x0000000089a00000, 0x0000000089b00000|  0%| F|  |TAMS 0x0000000089a00000, 0x0000000089a00000| Untracked 
| 101|0x0000000089b00000, 0x0000000089b00000, 0x0000000089c00000|  0%| F|  |TAMS 0x0000000089b00000, 0x0000000089b00000| Untracked 
| 102|0x0000000089c00000, 0x0000000089c00000, 0x0000000089d00000|  0%| F|  |TAMS 0x0000000089c00000, 0x0000000089c00000| Untracked 
| 103|0x0000000089d00000, 0x0000000089d00000, 0x0000000089e00000|  0%| F|  |TAMS 0x0000000089d00000, 0x0000000089d00000| Untracked 
| 104|0x0000000089e00000, 0x0000000089e00000, 0x0000000089f00000|  0%| F|  |TAMS 0x0000000089e00000, 0x0000000089e00000| Untracked 
| 105|0x0000000089f00000, 0x0000000089f00000, 0x000000008a000000|  0%| F|  |TAMS 0x0000000089f00000, 0x0000000089f00000| Untracked 
| 106|0x000000008a000000, 0x000000008a000000, 0x000000008a100000|  0%| F|  |TAMS 0x000000008a000000, 0x000000008a000000| Untracked 
| 107|0x000000008a100000, 0x000000008a100000, 0x000000008a200000|  0%| F|  |TAMS 0x000000008a100000, 0x000000008a100000| Untracked 
| 108|0x000000008a200000, 0x000000008a200000, 0x000000008a300000|  0%| F|  |TAMS 0x000000008a200000, 0x000000008a200000| Untracked 
| 109|0x000000008a300000, 0x000000008a300000, 0x000000008a400000|  0%| F|  |TAMS 0x000000008a300000, 0x000000008a300000| Untracked 
| 110|0x000000008a400000, 0x000000008a400000, 0x000000008a500000|  0%| F|  |TAMS 0x000000008a400000, 0x000000008a400000| Untracked 
| 111|0x000000008a500000, 0x000000008a500000, 0x000000008a600000|  0%| F|  |TAMS 0x000000008a500000, 0x000000008a500000| Untracked 
| 112|0x000000008a600000, 0x000000008a600000, 0x000000008a700000|  0%| F|  |TAMS 0x000000008a600000, 0x000000008a600000| Untracked 
| 113|0x000000008a700000, 0x000000008a700000, 0x000000008a800000|  0%| F|  |TAMS 0x000000008a700000, 0x000000008a700000| Untracked 
| 114|0x000000008a800000, 0x000000008a800000, 0x000000008a900000|  0%| F|  |TAMS 0x000000008a800000, 0x000000008a800000| Untracked 
| 115|0x000000008a900000, 0x000000008a900000, 0x000000008aa00000|  0%| F|  |TAMS 0x000000008a900000, 0x000000008a900000| Untracked 
| 116|0x000000008aa00000, 0x000000008aa00000, 0x000000008ab00000|  0%| F|  |TAMS 0x000000008aa00000, 0x000000008aa00000| Untracked 
| 117|0x000000008ab00000, 0x000000008ab00000, 0x000000008ac00000|  0%| F|  |TAMS 0x000000008ab00000, 0x000000008ab00000| Untracked 
| 118|0x000000008ac00000, 0x000000008ac00000, 0x000000008ad00000|  0%| F|  |TAMS 0x000000008ac00000, 0x000000008ac00000| Untracked 
| 119|0x000000008ad00000, 0x000000008ad00000, 0x000000008ae00000|  0%| F|  |TAMS 0x000000008ad00000, 0x000000008ad00000| Untracked 
| 120|0x000000008ae00000, 0x000000008ae00000, 0x000000008af00000|  0%| F|  |TAMS 0x000000008ae00000, 0x000000008ae00000| Untracked 
| 121|0x000000008af00000, 0x000000008af00000, 0x000000008b000000|  0%| F|  |TAMS 0x000000008af00000, 0x000000008af00000| Untracked 
| 122|0x000000008b000000, 0x000000008b000000, 0x000000008b100000|  0%| F|  |TAMS 0x000000008b000000, 0x000000008b000000| Untracked 
| 123|0x000000008b100000, 0x000000008b100000, 0x000000008b200000|  0%| F|  |TAMS 0x000000008b100000, 0x000000008b100000| Untracked 
| 124|0x000000008b200000, 0x000000008b200000, 0x000000008b300000|  0%| F|  |TAMS 0x000000008b200000, 0x000000008b200000| Untracked 
| 125|0x000000008b300000, 0x000000008b300000, 0x000000008b400000|  0%| F|  |TAMS 0x000000008b300000, 0x000000008b300000| Untracked 

Card table byte_map: [0x0000019144580000,0x0000019144970000] _byte_map_base: 0x0000019144165000

Marking Bits (Prev, Next): (CMBitMap*) 0x00000191375fe390, (CMBitMap*) 0x00000191375fe350
 Prev Bits: [0x0000019146c90000, 0x0000019148bb8000)
 Next Bits: [0x0000019144d60000, 0x0000019146c88000)

Polling page: 0x0000019137410000

Metaspace:

Usage:
  Non-class:     60.71 MB used.
      Class:     10.03 MB used.
       Both:     70.74 MB used.

Virtual space:
  Non-class space:       64.00 MB reserved,      61.00 MB ( 95%) committed,  1 nodes.
      Class space:        1.00 GB reserved,      10.31 MB (  1%) committed,  1 nodes.
             Both:        1.06 GB reserved,      71.31 MB (  7%) committed. 

Chunk freelists:
   Non-Class:  2.26 MB
       Class:  5.67 MB
        Both:  7.92 MB

MaxMetaspaceSize: unlimited
CompressedClassSpaceSize: 1.00 GB
Initial GC threshold: 21.00 MB
Current GC threshold: 118.88 MB
CDS: on
MetaspaceReclaimPolicy: balanced
 - commit_granule_bytes: 65536.
 - commit_granule_words: 8192.
 - virtual_space_node_default_size: 8388608.
 - enlarge_chunks_in_place: 1.
 - new_chunks_are_fully_committed: 0.
 - uncommit_free_chunks: 1.
 - use_allocation_guard: 0.
 - handle_deallocations: 1.


Internal statistics:

num_allocs_failed_limit: 9.
num_arena_births: 846.
num_arena_deaths: 0.
num_vsnodes_births: 2.
num_vsnodes_deaths: 0.
num_space_committed: 1141.
num_space_uncommitted: 0.
num_chunks_returned_to_freelist: 9.
num_chunks_taken_from_freelist: 3340.
num_chunk_merges: 9.
num_chunk_splits: 2461.
num_chunks_enlarged: 1957.
num_inconsistent_stats: 0.

CodeCache: size=49152Kb used=13806Kb max_used=13806Kb free=35345Kb
 bounds [0x0000019140890000, 0x0000019141610000, 0x0000019143890000]
 total_blobs=7161 nmethods=6465 adapters=621
 compilation: enabled
              stopped_count=0, restarted_count=0
 full_count=0

Compilation events (20 events):
Event: 16.861 Thread 0x000001919156e840 6457       1       java.lang.ModuleLayer::findModule (76 bytes)
Event: 16.862 Thread 0x000001919156e840 nmethod 6457 0x0000019141606f10 code [0x00000191416071c0, 0x0000019141607bb8]
Event: 16.865 Thread 0x00000191929345d0 6458       1       java.lang.WeakPairMap$Pair::lookup (10 bytes)
Event: 16.865 Thread 0x000001914b691410 6459       1       java.lang.WeakPairMap$Pair$Lookup::<init> (21 bytes)
Event: 16.865 Thread 0x000001914b691410 nmethod 6459 0x0000019141608090 code [0x0000019141608260, 0x0000019141608538]
Event: 16.865 Thread 0x00000191929345d0 nmethod 6458 0x0000019141608690 code [0x0000019141608860, 0x0000019141608b78]
Event: 16.866 Thread 0x000001919156e840 6460       1       java.lang.WeakPairMap::get (17 bytes)
Event: 16.867 Thread 0x000001919156e840 nmethod 6460 0x0000019141608d10 code [0x0000019141608f20, 0x0000019141609538]
Event: 16.878 Thread 0x000001919156e840 6461       1       java.io.ObjectStreamClass::getReflector (100 bytes)
Event: 16.878 Thread 0x00000191929345d0 6462       1       java.io.ObjectStreamClass$FieldReflectorKey::<init> (76 bytes)
Event: 16.878 Thread 0x000001914b691410 6463       1       java.util.concurrent.locks.ReentrantReadWriteLock::readLock (5 bytes)
Event: 16.878 Thread 0x000001914b691410 nmethod 6463 0x0000019141609910 code [0x0000019141609aa0, 0x0000019141609b78]
Event: 16.879 Thread 0x000001919156e840 nmethod 6461 0x0000019141609c10 code [0x0000019141609e00, 0x000001914160a1b8]
Event: 16.879 Thread 0x00000191929345d0 nmethod 6462 0x000001914160a410 code [0x000001914160a5e0, 0x000001914160aa78]
Event: 16.879 Thread 0x000001914b691410 6464       1       sun.rmi.transport.Target::getImpl (11 bytes)
Event: 16.879 Thread 0x000001914b691410 nmethod 6464 0x000001914160ad10 code [0x000001914160aea0, 0x000001914160afd8]
Event: 16.899 Thread 0x000001919156e840 6465       1       java.lang.ThreadGroup::checkAccess (14 bytes)
Event: 16.900 Thread 0x000001919156e840 nmethod 6465 0x000001914160b090 code [0x000001914160b220, 0x000001914160b348]
Event: 16.923 Thread 0x000001919156e840 6466       1       jdk.internal.misc.Unsafe::freeMemory (18 bytes)
Event: 16.923 Thread 0x000001914b691410 6467       1       jdk.internal.misc.Unsafe::freeMemoryChecks (7 bytes)

GC Heap History (20 events):
Event: 14.679 GC heap after
{Heap after GC invocations=17 (full 0):
 garbage-first heap   total 86016K, used 33954K [0x0000000083600000, 0x0000000100000000)
  region size 1024K, 5 young (5120K), 5 survivors (5120K)
 Metaspace       used 69852K, committed 70400K, reserved 1114112K
  class space    used 9916K, committed 10176K, reserved 1048576K
}
Event: 15.363 GC heap before
{Heap before GC invocations=17 (full 0):
 garbage-first heap   total 86016K, used 68770K [0x0000000083600000, 0x0000000100000000)
  region size 1024K, 38 young (38912K), 5 survivors (5120K)
 Metaspace       used 72387K, committed 72960K, reserved 1114112K
  class space    used 10254K, committed 10496K, reserved 1048576K
}
Event: 15.371 GC heap after
{Heap after GC invocations=18 (full 0):
 garbage-first heap   total 86016K, used 39202K [0x0000000083600000, 0x0000000100000000)
  region size 1024K, 5 young (5120K), 5 survivors (5120K)
 Metaspace       used 72387K, committed 72960K, reserved 1114112K
  class space    used 10254K, committed 10496K, reserved 1048576K
}
Event: 15.439 GC heap before
{Heap before GC invocations=18 (full 0):
 garbage-first heap   total 86016K, used 67874K [0x0000000083600000, 0x0000000100000000)
  region size 1024K, 32 young (32768K), 5 survivors (5120K)
 Metaspace       used 72387K, committed 72960K, reserved 1114112K
  class space    used 10254K, committed 10496K, reserved 1048576K
}
Event: 15.447 GC heap after
{Heap after GC invocations=19 (full 0):
 garbage-first heap   total 86016K, used 46737K [0x0000000083600000, 0x0000000100000000)
  region size 1024K, 4 young (4096K), 4 survivors (4096K)
 Metaspace       used 72387K, committed 72960K, reserved 1114112K
  class space    used 10254K, committed 10496K, reserved 1048576K
}
Event: 15.480 GC heap before
{Heap before GC invocations=19 (full 0):
 garbage-first heap   total 86016K, used 55953K [0x0000000083600000, 0x0000000100000000)
  region size 1024K, 14 young (14336K), 4 survivors (4096K)
 Metaspace       used 72387K, committed 72960K, reserved 1114112K
  class space    used 10254K, committed 10496K, reserved 1048576K
}
Event: 15.485 GC heap after
{Heap after GC invocations=20 (full 0):
 garbage-first heap   total 86016K, used 49288K [0x0000000083600000, 0x0000000100000000)
  region size 1024K, 3 young (3072K), 3 survivors (3072K)
 Metaspace       used 72387K, committed 72960K, reserved 1114112K
  class space    used 10254K, committed 10496K, reserved 1048576K
}
Event: 15.774 GC heap before
{Heap before GC invocations=21 (full 0):
 garbage-first heap   total 102400K, used 65672K [0x0000000083600000, 0x0000000100000000)
  region size 1024K, 19 young (19456K), 3 survivors (3072K)
 Metaspace       used 72427K, committed 73024K, reserved 1114112K
  class space    used 10268K, committed 10560K, reserved 1048576K
}
Event: 15.782 GC heap after
{Heap after GC invocations=22 (full 0):
 garbage-first heap   total 102400K, used 55051K [0x0000000083600000, 0x0000000100000000)
  region size 1024K, 3 young (3072K), 3 survivors (3072K)
 Metaspace       used 72427K, committed 73024K, reserved 1114112K
  class space    used 10268K, committed 10560K, reserved 1048576K
}
Event: 15.786 GC heap before
{Heap before GC invocations=22 (full 0):
 garbage-first heap   total 102400K, used 57099K [0x0000000083600000, 0x0000000100000000)
  region size 1024K, 5 young (5120K), 3 survivors (3072K)
 Metaspace       used 72427K, committed 73024K, reserved 1114112K
  class space    used 10268K, committed 10560K, reserved 1048576K
}
Event: 15.790 GC heap after
{Heap after GC invocations=23 (full 0):
 garbage-first heap   total 122880K, used 56910K [0x0000000083600000, 0x0000000100000000)
  region size 1024K, 1 young (1024K), 1 survivors (1024K)
 Metaspace       used 72427K, committed 73024K, reserved 1114112K
  class space    used 10268K, committed 10560K, reserved 1048576K
}
Event: 15.823 GC heap before
{Heap before GC invocations=23 (full 0):
 garbage-first heap   total 122880K, used 71246K [0x0000000083600000, 0x0000000100000000)
  region size 1024K, 17 young (17408K), 1 survivors (1024K)
 Metaspace       used 72427K, committed 73024K, reserved 1114112K
  class space    used 10268K, committed 10560K, reserved 1048576K
}
Event: 15.828 GC heap after
{Heap after GC invocations=24 (full 0):
 garbage-first heap   total 122880K, used 59982K [0x0000000083600000, 0x0000000100000000)
  region size 1024K, 4 young (4096K), 4 survivors (4096K)
 Metaspace       used 72427K, committed 73024K, reserved 1114112K
  class space    used 10268K, committed 10560K, reserved 1048576K
}
Event: 16.025 GC heap before
{Heap before GC invocations=25 (full 0):
 garbage-first heap   total 122880K, used 86016K [0x0000000083600000, 0x0000000100000000)
  region size 1024K, 34 young (34816K), 4 survivors (4096K)
 Metaspace       used 72427K, committed 73024K, reserved 1114112K
  class space    used 10268K, committed 10560K, reserved 1048576K
}
Event: 16.036 GC heap after
{Heap after GC invocations=26 (full 0):
 garbage-first heap   total 122880K, used 62748K [0x0000000083600000, 0x0000000100000000)
  region size 1024K, 5 young (5120K), 5 survivors (5120K)
 Metaspace       used 72427K, committed 73024K, reserved 1114112K
  class space    used 10268K, committed 10560K, reserved 1048576K
}
Event: 16.041 GC heap before
{Heap before GC invocations=26 (full 0):
 garbage-first heap   total 122880K, used 63772K [0x0000000083600000, 0x0000000100000000)
  region size 1024K, 6 young (6144K), 5 survivors (5120K)
 Metaspace       used 72427K, committed 73024K, reserved 1114112K
  class space    used 10268K, committed 10560K, reserved 1048576K
}
Event: 16.047 GC heap after
{Heap after GC invocations=27 (full 0):
 garbage-first heap   total 122880K, used 54272K [0x0000000083600000, 0x0000000100000000)
  region size 1024K, 1 young (1024K), 1 survivors (1024K)
 Metaspace       used 72427K, committed 73024K, reserved 1114112K
  class space    used 10268K, committed 10560K, reserved 1048576K
}
Event: 16.432 GC heap before
{Heap before GC invocations=27 (full 0):
 garbage-first heap   total 122880K, used 90112K [0x0000000083600000, 0x0000000100000000)
  region size 1024K, 34 young (34816K), 1 survivors (1024K)
 Metaspace       used 72427K, committed 73024K, reserved 1114112K
  class space    used 10268K, committed 10560K, reserved 1048576K
}
Event: 16.437 GC heap after
{Heap after GC invocations=28 (full 0):
 garbage-first heap   total 122880K, used 63420K [0x0000000083600000, 0x0000000100000000)
  region size 1024K, 5 young (5120K), 5 survivors (5120K)
 Metaspace       used 72427K, committed 73024K, reserved 1114112K
  class space    used 10268K, committed 10560K, reserved 1048576K
}
Event: 17.057 GC heap before
{Heap before GC invocations=28 (full 0):
 garbage-first heap   total 122880K, used 91068K [0x0000000083600000, 0x0000000100000000)
  region size 1024K, 32 young (32768K), 5 survivors (5120K)
 Metaspace       used 72435K, committed 73024K, reserved 1114112K
  class space    used 10269K, committed 10560K, reserved 1048576K
}

Dll operation events (13 events):
Event: 0.019 Loaded shared library C:\Users\alexc\.jdks\corretto-17.0.10\bin\java.dll
Event: 0.021 Loaded shared library C:\Users\alexc\.jdks\corretto-17.0.10\bin\zip.dll
Event: 0.046 Loaded shared library C:\Users\alexc\.jdks\corretto-17.0.10\bin\jsvml.dll
Event: 0.266 Loaded shared library C:\Users\alexc\.jdks\corretto-17.0.10\bin\instrument.dll
Event: 0.283 Loaded shared library C:\Users\alexc\.jdks\corretto-17.0.10\bin\net.dll
Event: 0.285 Loaded shared library C:\Users\alexc\.jdks\corretto-17.0.10\bin\nio.dll
Event: 0.289 Loaded shared library C:\Users\alexc\.jdks\corretto-17.0.10\bin\zip.dll
Event: 0.440 Loaded shared library C:\Users\alexc\.jdks\corretto-17.0.10\bin\jimage.dll
Event: 0.691 Loaded shared library C:\Users\alexc\.jdks\corretto-17.0.10\bin\management.dll
Event: 0.716 Loaded shared library C:\Users\alexc\.jdks\corretto-17.0.10\bin\management_ext.dll
Event: 1.100 Loaded shared library C:\Users\alexc\.jdks\corretto-17.0.10\bin\extnet.dll
Event: 7.728 Loaded shared library C:\Users\alexc\.jdks\corretto-17.0.10\bin\sunmscapi.dll
Event: 10.962 Loaded shared library C:\Users\alexc\.jdks\corretto-17.0.10\bin\verify.dll

Deoptimization events (20 events):
Event: 16.908 Thread 0x0000019193d0b430 DEOPT PACKING pc=0x00000191414efeec sp=0x00000062b38fe460
Event: 16.908 Thread 0x0000019193d0b430 DEOPT UNPACKING pc=0x00000191408eace3 sp=0x00000062b38fd918 mode 1
Event: 16.908 Thread 0x0000019193d0b430 DEOPT PACKING pc=0x00000191415b5364 sp=0x00000062b38fe5f0
Event: 16.908 Thread 0x0000019193d0b430 DEOPT UNPACKING pc=0x00000191408eace3 sp=0x00000062b38fdb90 mode 1
Event: 16.908 Thread 0x0000019193d0b430 DEOPT PACKING pc=0x00000191415b773c sp=0x00000062b38fe780
Event: 16.908 Thread 0x0000019193d0b430 DEOPT UNPACKING pc=0x00000191408eace3 sp=0x00000062b38fdc18 mode 1
Event: 16.908 Thread 0x0000019193d0b430 DEOPT PACKING pc=0x00000191415ae144 sp=0x00000062b38fe260
Event: 16.908 Thread 0x0000019193d0b430 DEOPT UNPACKING pc=0x00000191408eace3 sp=0x00000062b38fd720 mode 1
Event: 16.908 Thread 0x0000019193d0b430 DEOPT PACKING pc=0x00000191415aed4c sp=0x00000062b38fe310
Event: 16.908 Thread 0x0000019193d0b430 DEOPT UNPACKING pc=0x00000191408eace3 sp=0x00000062b38fd848 mode 1
Event: 16.908 Thread 0x0000019193d0b430 DEOPT PACKING pc=0x00000191415ac1cc sp=0x00000062b38fe450
Event: 16.909 Thread 0x0000019193d0b430 DEOPT UNPACKING pc=0x00000191408eace3 sp=0x00000062b38fd970 mode 1
Event: 16.909 Thread 0x0000019193d0b430 DEOPT PACKING pc=0x00000191415b4094 sp=0x00000062b38fe540
Event: 16.909 Thread 0x0000019193d0b430 DEOPT UNPACKING pc=0x00000191408eace3 sp=0x00000062b38fda38 mode 1
Event: 16.909 Thread 0x0000019193d0b430 DEOPT PACKING pc=0x00000191414efeec sp=0x00000062b38fe460
Event: 16.909 Thread 0x0000019193d0b430 DEOPT UNPACKING pc=0x00000191408eace3 sp=0x00000062b38fd918 mode 1
Event: 16.909 Thread 0x0000019193d0b430 DEOPT PACKING pc=0x00000191415b5364 sp=0x00000062b38fe5f0
Event: 16.909 Thread 0x0000019193d0b430 DEOPT UNPACKING pc=0x00000191408eace3 sp=0x00000062b38fdb90 mode 1
Event: 16.909 Thread 0x0000019193d0b430 DEOPT PACKING pc=0x00000191415b773c sp=0x00000062b38fe780
Event: 16.909 Thread 0x0000019193d0b430 DEOPT UNPACKING pc=0x00000191408eace3 sp=0x00000062b38fdc18 mode 1

Classes unloaded (0 events):
No events

Classes redefined (0 events):
No events

Internal exceptions (20 events):
Event: 16.902 Thread 0x0000019193d0b430 Exception <a 'sun/nio/fs/WindowsException'{0x0000000089385e68}> (0x0000000089385e68) 
thrown [s\src\hotspot\share\prims\jni.cpp, line 516]
Event: 16.902 Thread 0x0000019193d0b430 Exception <a 'sun/nio/fs/WindowsException'{0x0000000089386198}> (0x0000000089386198) 
thrown [s\src\hotspot\share\prims\jni.cpp, line 516]
Event: 16.903 Thread 0x0000019193d0b430 Exception <a 'sun/nio/fs/WindowsException'{0x0000000089386b38}> (0x0000000089386b38) 
thrown [s\src\hotspot\share\prims\jni.cpp, line 516]
Event: 16.903 Thread 0x0000019193d0b430 Exception <a 'sun/nio/fs/WindowsException'{0x0000000089386e98}> (0x0000000089386e98) 
thrown [s\src\hotspot\share\prims\jni.cpp, line 516]
Event: 16.903 Thread 0x0000019193d0b430 Exception <a 'sun/nio/fs/WindowsException'{0x0000000089387810}> (0x0000000089387810) 
thrown [s\src\hotspot\share\prims\jni.cpp, line 516]
Event: 16.903 Thread 0x0000019193d0b430 Exception <a 'sun/nio/fs/WindowsException'{0x0000000089387b40}> (0x0000000089387b40) 
thrown [s\src\hotspot\share\prims\jni.cpp, line 516]
Event: 16.904 Thread 0x0000019193d0b430 Exception <a 'sun/nio/fs/WindowsException'{0x0000000089388488}> (0x0000000089388488) 
thrown [s\src\hotspot\share\prims\jni.cpp, line 516]
Event: 16.904 Thread 0x0000019193d0b430 Exception <a 'sun/nio/fs/WindowsException'{0x0000000089388788}> (0x0000000089388788) 
thrown [s\src\hotspot\share\prims\jni.cpp, line 516]
Event: 16.904 Thread 0x0000019193d0b430 Exception <a 'sun/nio/fs/WindowsException'{0x00000000893890d8}> (0x00000000893890d8) 
thrown [s\src\hotspot\share\prims\jni.cpp, line 516]
Event: 16.904 Thread 0x0000019193d0b430 Exception <a 'sun/nio/fs/WindowsException'{0x00000000893893f0}> (0x00000000893893f0) 
thrown [s\src\hotspot\share\prims\jni.cpp, line 516]
Event: 16.905 Thread 0x0000019193d0b430 Exception <a 'sun/nio/fs/WindowsException'{0x0000000089389d40}> (0x0000000089389d40) 
thrown [s\src\hotspot\share\prims\jni.cpp, line 516]
Event: 16.905 Thread 0x0000019193d0b430 Exception <a 'sun/nio/fs/WindowsException'{0x000000008938a040}> (0x000000008938a040) 
thrown [s\src\hotspot\share\prims\jni.cpp, line 516]
Event: 16.906 Thread 0x0000019193d0b430 Exception <a 'sun/nio/fs/WindowsException'{0x000000008938a990}> (0x000000008938a990) 
thrown [s\src\hotspot\share\prims\jni.cpp, line 516]
Event: 16.906 Thread 0x0000019193d0b430 Exception <a 'sun/nio/fs/WindowsException'{0x000000008938aca8}> (0x000000008938aca8) 
thrown [s\src\hotspot\share\prims\jni.cpp, line 516]
Event: 16.907 Thread 0x0000019193d0b430 Exception <a 'sun/nio/fs/WindowsException'{0x000000008938b620}> (0x000000008938b620) 
thrown [s\src\hotspot\share\prims\jni.cpp, line 516]
Event: 16.907 Thread 0x0000019193d0b430 Exception <a 'sun/nio/fs/WindowsException'{0x000000008938b950}> (0x000000008938b950) 
thrown [s\src\hotspot\share\prims\jni.cpp, line 516]
Event: 16.908 Thread 0x0000019193d0b430 Exception <a 'sun/nio/fs/WindowsException'{0x000000008938c2e0}> (0x000000008938c2e0) 
thrown [s\src\hotspot\share\prims\jni.cpp, line 516]
Event: 16.908 Thread 0x0000019193d0b430 Exception <a 'sun/nio/fs/WindowsException'{0x000000008938c630}> (0x000000008938c630) 
thrown [s\src\hotspot\share\prims\jni.cpp, line 516]
Event: 16.908 Thread 0x0000019193d0b430 Exception <a 'sun/nio/fs/WindowsException'{0x000000008938cfa8}> (0x000000008938cfa8) 
thrown [s\src\hotspot\share\prims\jni.cpp, line 516]
Event: 16.909 Thread 0x0000019193d0b430 Exception <a 'sun/nio/fs/WindowsException'{0x000000008938d2f0}> (0x000000008938d2f0) 
thrown [s\src\hotspot\share\prims\jni.cpp, line 516]

VM Operations (20 events):
Event: 15.585 Executing VM operation: G1PauseCleanup done
Event: 15.585 Executing VM operation: HandshakeAllThreads
Event: 15.585 Executing VM operation: HandshakeAllThreads done
Event: 15.761 Executing VM operation: G1CollectForAllocation
Event: 15.784 Executing VM operation: G1CollectForAllocation done
Event: 15.786 Executing VM operation: G1CollectForAllocation
Event: 15.792 Executing VM operation: G1CollectForAllocation done
Event: 15.823 Executing VM operation: G1TryInitiateConcMark
Event: 15.828 Executing VM operation: G1TryInitiateConcMark done
Event: 15.889 Executing VM operation: G1PauseRemark
Event: 15.896 Executing VM operation: G1PauseRemark done
Event: 15.929 Executing VM operation: G1PauseCleanup
Event: 15.929 Executing VM operation: G1PauseCleanup done
Event: 16.006 Executing VM operation: G1CollectForAllocation
Event: 16.037 Executing VM operation: G1CollectForAllocation done
Event: 16.041 Executing VM operation: G1CollectForAllocation
Event: 16.047 Executing VM operation: G1CollectForAllocation done
Event: 16.414 Executing VM operation: G1CollectForAllocation
Event: 16.445 Executing VM operation: G1CollectForAllocation done
Event: 16.923 Executing VM operation: G1CollectForAllocation

Events (20 events):
Event: 16.846 Thread 0x0000019193d0cd80 Thread exited: 0x0000019193d0cd80
Event: 16.846 Thread 0x0000019193d11e80 Thread exited: 0x0000019193d11e80
Event: 16.846 Thread 0x0000019193d0dcb0 Thread exited: 0x0000019193d0dcb0
Event: 16.847 Thread 0x0000019193d0be50 Thread exited: 0x0000019193d0be50
Event: 16.861 Thread 0x0000019193d0fb10 Thread added: 0x0000019193d0fb10
Event: 16.879 Thread 0x0000019193d0fb10 Thread exited: 0x0000019193d0fb10
Event: 16.890 Thread 0x0000019193d10020 Thread added: 0x0000019193d10020
Event: 16.898 Thread 0x0000019193d0b430 Thread added: 0x0000019193d0b430
Event: 16.898 Thread 0x0000019193d0be50 Thread added: 0x0000019193d0be50
Event: 16.898 Thread 0x0000019193d0d7a0 Thread added: 0x0000019193d0d7a0
Event: 16.899 Thread 0x0000019193d12db0 Thread added: 0x0000019193d12db0
Event: 16.899 Thread 0x0000019193d0e6d0 Thread added: 0x0000019193d0e6d0
Event: 16.899 Thread 0x0000019193d0fb10 Thread added: 0x0000019193d0fb10
Event: 16.900 Thread 0x0000019193d0d290 Thread added: 0x0000019193d0d290
Event: 16.900 Thread 0x0000019193d12390 Thread added: 0x0000019193d12390
Event: 16.900 Thread 0x0000019193d0f0f0 Thread added: 0x0000019193d0f0f0
Event: 16.900 Thread 0x0000019193d0c360 Thread added: 0x0000019193d0c360
Event: 16.900 Thread 0x0000019193d0dcb0 Thread added: 0x0000019193d0dcb0
Event: 16.900 Thread 0x0000019193d10530 Thread added: 0x0000019193d10530
Event: 16.901 Thread 0x0000019193d10a40 Thread added: 0x0000019193d10a40


Dynamic libraries:
0x00007ff79d400000 - 0x00007ff79d40e000 	C:\Users\alexc\.jdks\corretto-17.0.10\bin\java.exe
0x00007ff955770000 - 0x00007ff955986000 	C:\Windows\SYSTEM32\ntdll.dll
0x00007ff954d30000 - 0x00007ff954df4000 	C:\Windows\System32\KERNEL32.DLL
0x00007ff953000000 - 0x00007ff9533a7000 	C:\Windows\System32\KERNELBASE.dll
0x00007ff952a90000 - 0x00007ff952ba1000 	C:\Windows\System32\ucrtbase.dll
0x00007ff923660000 - 0x00007ff923677000 	C:\Users\alexc\.jdks\corretto-17.0.10\bin\jli.dll
0x00007ff9236a0000 - 0x00007ff9236bb000 	C:\Users\alexc\.jdks\corretto-17.0.10\bin\VCRUNTIME140.dll
0x00007ff9552e0000 - 0x00007ff95548e000 	C:\Windows\System32\USER32.dll
0x00007ff952e70000 - 0x00007ff952e96000 	C:\Windows\System32\win32u.dll
0x00007ff934410000 - 0x00007ff9346a3000 	C:\Windows\WinSxS\amd64_microsoft.windows.common-controls_6595b64144ccf1df_6.0.22621.3235_none_270f74e173860f98\COMCTL32.dll
0x00007ff954e00000 - 0x00007ff954e29000 	C:\Windows\System32\GDI32.dll
0x00007ff954250000 - 0x00007ff9542f7000 	C:\Windows\System32\msvcrt.dll
0x00007ff952d50000 - 0x00007ff952e69000 	C:\Windows\System32\gdi32full.dll
0x00007ff952f60000 - 0x00007ff952ffa000 	C:\Windows\System32\msvcp_win.dll
0x00007ff954f50000 - 0x00007ff954f81000 	C:\Windows\System32\IMM32.DLL
0x00007ff923690000 - 0x00007ff92369c000 	C:\Users\alexc\.jdks\corretto-17.0.10\bin\vcruntime140_1.dll
0x00007ff91dff0000 - 0x00007ff91e07d000 	C:\Users\alexc\.jdks\corretto-17.0.10\bin\msvcp140.dll
0x00007ff8ba260000 - 0x00007ff8baec2000 	C:\Users\alexc\.jdks\corretto-17.0.10\bin\server\jvm.dll
0x00007ff954410000 - 0x00007ff9544c2000 	C:\Windows\System32\ADVAPI32.dll
0x00007ff955230000 - 0x00007ff9552d8000 	C:\Windows\System32\sechost.dll
0x00007ff952d20000 - 0x00007ff952d48000 	C:\Windows\System32\bcrypt.dll
0x00007ff954e30000 - 0x00007ff954f45000 	C:\Windows\System32\RPCRT4.dll
0x00007ff93dae0000 - 0x00007ff93dae9000 	C:\Windows\SYSTEM32\WSOCK32.dll
0x00007ff952360000 - 0x00007ff9523ad000 	C:\Windows\SYSTEM32\POWRPROF.dll
0x00007ff947700000 - 0x00007ff947734000 	C:\Windows\SYSTEM32\WINMM.dll
0x00007ff9551b0000 - 0x00007ff955221000 	C:\Windows\System32\WS2_32.dll
0x00007ff947cb0000 - 0x00007ff947cba000 	C:\Windows\SYSTEM32\VERSION.dll
0x00007ff952340000 - 0x00007ff952353000 	C:\Windows\SYSTEM32\UMPDC.dll
0x00007ff951a70000 - 0x00007ff951a88000 	C:\Windows\SYSTEM32\kernel.appcore.dll
0x00007ff923640000 - 0x00007ff92364a000 	C:\Users\alexc\.jdks\corretto-17.0.10\bin\jimage.dll
0x00007ff9500a0000 - 0x00007ff9502d3000 	C:\Windows\SYSTEM32\DBGHELP.DLL
0x00007ff9549a0000 - 0x00007ff954d28000 	C:\Windows\System32\combase.dll
0x00007ff955490000 - 0x00007ff955567000 	C:\Windows\System32\OLEAUT32.dll
0x00007ff946860000 - 0x00007ff946892000 	C:\Windows\SYSTEM32\dbgcore.DLL
0x00007ff953420000 - 0x00007ff953499000 	C:\Windows\System32\bcryptPrimitives.dll
0x00007ff928ca0000 - 0x00007ff928cdb000 	C:\Users\alexc\.jdks\corretto-17.0.10\bin\jdwp.dll
0x00007ff928cf0000 - 0x00007ff928cfe000 	C:\Users\alexc\.jdks\corretto-17.0.10\bin\instrument.dll
0x00007ff922f80000 - 0x00007ff922fa5000 	C:\Users\alexc\.jdks\corretto-17.0.10\bin\java.dll
0x00007ff91da30000 - 0x00007ff91da48000 	C:\Users\alexc\.jdks\corretto-17.0.10\bin\zip.dll
0x00007ff902490000 - 0x00007ff902567000 	C:\Users\alexc\.jdks\corretto-17.0.10\bin\jsvml.dll
0x00007ff9534c0000 - 0x00007ff953d1c000 	C:\Windows\System32\SHELL32.dll
0x00007ff9509f0000 - 0x00007ff9512e9000 	C:\Windows\SYSTEM32\windows.storage.dll
0x00007ff9508b0000 - 0x00007ff9509ee000 	C:\Windows\SYSTEM32\wintypes.dll
0x00007ff954140000 - 0x00007ff954233000 	C:\Windows\System32\SHCORE.dll
0x00007ff9540e0000 - 0x00007ff95413e000 	C:\Windows\System32\shlwapi.dll
0x00007ff9529c0000 - 0x00007ff9529e1000 	C:\Windows\SYSTEM32\profapi.dll
0x00007ff930ee0000 - 0x00007ff930eec000 	C:\Users\alexc\.jdks\corretto-17.0.10\bin\dt_socket.dll
0x00007ff951550000 - 0x00007ff95157d000 	C:\Windows\SYSTEM32\IPHLPAPI.DLL
0x00007ff951f40000 - 0x00007ff951fa9000 	C:\Windows\system32\mswsock.dll
0x00007ff922f60000 - 0x00007ff922f79000 	C:\Users\alexc\.jdks\corretto-17.0.10\bin\net.dll
0x00007ff948cb0000 - 0x00007ff948de6000 	C:\Windows\SYSTEM32\WINHTTP.dll
0x00007ff922670000 - 0x00007ff922686000 	C:\Users\alexc\.jdks\corretto-17.0.10\bin\nio.dll
0x00007ff9515c0000 - 0x00007ff9516b9000 	C:\Windows\SYSTEM32\DNSAPI.dll
0x00007ff9550f0000 - 0x00007ff9550f9000 	C:\Windows\System32\NSI.dll
0x00007ff947ca0000 - 0x00007ff947caa000 	C:\Windows\System32\rasadhlp.dll
0x00007ff947330000 - 0x00007ff9473b3000 	C:\Windows\System32\fwpuclnt.dll
0x00007ff928d70000 - 0x00007ff928d79000 	C:\Users\alexc\.jdks\corretto-17.0.10\bin\management.dll
0x00007ff928d60000 - 0x00007ff928d6b000 	C:\Users\alexc\.jdks\corretto-17.0.10\bin\management_ext.dll
0x00007ff9540d0000 - 0x00007ff9540d8000 	C:\Windows\System32\PSAPI.DLL
0x00007ff9521a0000 - 0x00007ff9521bb000 	C:\Windows\SYSTEM32\CRYPTSP.dll
0x00007ff951a30000 - 0x00007ff951a65000 	C:\Windows\system32\rsaenh.dll
0x00007ff952040000 - 0x00007ff952068000 	C:\Windows\SYSTEM32\USERENV.dll
0x00007ff9521c0000 - 0x00007ff9521cc000 	C:\Windows\SYSTEM32\CRYPTBASE.dll
0x00007ff948a10000 - 0x00007ff948a29000 	C:\Windows\SYSTEM32\dhcpcsvc6.DLL
0x00007ff9489f0000 - 0x00007ff948a0f000 	C:\Windows\SYSTEM32\dhcpcsvc.DLL
0x00007ff937160000 - 0x00007ff937177000 	C:\Windows\system32\napinsp.dll
0x00007ff936fa0000 - 0x00007ff936fbb000 	C:\Windows\system32\pnrpnsp.dll
0x00007ff936e40000 - 0x00007ff936e51000 	C:\Windows\System32\winrnr.dll
0x00007ff947020000 - 0x00007ff947035000 	C:\Windows\system32\wshbth.dll
0x00007ff936e10000 - 0x00007ff936e31000 	C:\Windows\system32\nlansp_c.dll
0x00007ff922660000 - 0x00007ff922669000 	C:\Users\alexc\.jdks\corretto-17.0.10\bin\extnet.dll
0x00007ff928d50000 - 0x00007ff928d5e000 	C:\Users\alexc\.jdks\corretto-17.0.10\bin\sunmscapi.dll
0x00007ff952bb0000 - 0x00007ff952d17000 	C:\Windows\System32\CRYPT32.dll
0x00007ff952450000 - 0x00007ff95247e000 	C:\Windows\SYSTEM32\ncrypt.dll
0x00007ff952410000 - 0x00007ff952447000 	C:\Windows\SYSTEM32\NTASN1.dll
0x00007ff91e550000 - 0x00007ff91e560000 	C:\Users\alexc\.jdks\corretto-17.0.10\bin\verify.dll

dbghelp: loaded successfully - version: 4.0.5 - missing functions: none
symbol engine: initialized successfully - sym options: 0x614 - pdb path: .;C:\Users\alexc\.jdks\corretto-17.0.10\bin;C:\Windows\SYSTEM32;C:\Windows\WinSxS\amd64_microsoft.windows.common-controls_6595b64144ccf1df_6.0.22621.3235_none_270f74e173860f98;C:\Users\alexc\.jdks\corretto-17.0.10\bin\server

VM Arguments:
jvm_args: -agentlib:jdwp=transport=dt_socket,address=127.0.0.1:59299,suspend=y,server=n -XX:TieredStopAtLevel=1 -Dspring.output.ansi.enabled=always -Dcom.sun.management.jmxremote -Dspring.jmx.enabled=true -Dspring.liveBeansView.mbeanDomain -Dspring.application.admin.enabled=true -Dmanagement.endpoints.jmx.exposure.include=* -javaagent:C:\Users\alexc\AppData\Local\JetBrains\IntelliJIdea2024.1\captureAgent\debugger-agent.jar -Dfile.encoding=UTF-8 
java_command: com.example.mspedidoservice.MsPedidoServiceApplication
java_class_path (initial): C:\Users\alexc\Music\Client\DAD-2024-G1\ms-pedido-service\target\classes;C:\Users\alexc\.m2\repository\org\springframework\boot\spring-boot-starter-data-jpa\3.2.4\spring-boot-starter-data-jpa-3.2.4.jar;C:\Users\alexc\.m2\repository\org\springframework\boot\spring-boot-starter-aop\3.2.4\spring-boot-starter-aop-3.2.4.jar;C:\Users\alexc\.m2\repository\org\springframework\spring-aop\6.1.5\spring-aop-6.1.5.jar;C:\Users\alexc\.m2\repository\org\aspectj\aspectjweaver\1.9.21\aspectjweaver-1.9.21.jar;C:\Users\alexc\.m2\repository\org\springframework\boot\spring-boot-starter-jdbc\3.2.4\spring-boot-starter-jdbc-3.2.4.jar;C:\Users\alexc\.m2\repository\com\zaxxer\HikariCP\5.0.1\HikariCP-5.0.1.jar;C:\Users\alexc\.m2\repository\org\springframework\spring-jdbc\6.1.5\spring-jdbc-6.1.5.jar;C:\Users\alexc\.m2\repository\org\hibernate\orm\hibernate-core\6.4.4.Final\hibernate-core-6.4.4.Final.jar;C:\Users\alexc\.m2\repository\jakarta\persistence\jakarta.persistence-api\3.1.0\jakarta.persistence-api-3.1.0.jar;C:\Users\alexc\.m2\repository\jakarta\transaction\jakarta.transaction-api\2.0.1\jakarta.transaction-api-2.0.1.jar;C:\Users\alexc\.m2\repository\org\jboss\logging\jboss-logging\3.5.3.Final\jboss-logging-3.5.3.Final.jar;C:\Users\alexc\.m2\repository\org\hibernate\common\hibernate-commons-annotations\6.0.6.Final\hibernate-commons-annotations-6.0.6.Final.jar;C:\Users\alexc\.m2\repository\io\smallrye\jandex\3.1.2\jandex-3.1.2.jar;C:\Users\alexc\.m2\repository\com\fasterxml\classmate\1.6.0\classmate-1.6.0.jar;C:\Users\alexc\.m2\repository\net\bytebuddy\byte-buddy\1.14.12\byte-buddy-1.14.12.jar;C:\Users\alexc\.m2\repository\org\glassfish\jaxb\jaxb-runtime\4.0.5\jaxb-runtime-4.0.5.jar;C:\Users\alexc\.m2\repository\org\glassfish\jaxb\jaxb-core\4.0.5\jaxb-core-4.0.5.jar;C:\Users\alexc\.m2\repository\org\eclipse\angus\angus-activation\2.0.2\angus-activation-2.0.2.jar;C:\Users\alexc\.m2\repository\org\glassfish\jaxb\txw2\4.0.5\txw2-4.0.5.jar;C:\Users\alexc\.m2\repos
Launcher Type: SUN_STANDARD

[Global flags]
     intx CICompilerCount                          = 4                                         {product} {ergonomic}
     uint ConcGCThreads                            = 2                                         {product} {ergonomic}
     uint G1ConcRefinementThreads                  = 8                                         {product} {ergonomic}
   size_t G1HeapRegionSize                         = 1048576                                   {product} {ergonomic}
    uintx GCDrainStackTargetSize                   = 64                                        {product} {ergonomic}
   size_t InitialHeapSize                          = 132120576                                 {product} {ergonomic}
     bool ManagementServer                         = true                                      {product} {command line}
   size_t MarkStackSize                            = 4194304                                   {product} {ergonomic}
   size_t MaxHeapSize                              = 2090860544                                {product} {ergonomic}
   size_t MaxNewSize                               = 1254096896                                {product} {ergonomic}
   size_t MinHeapDeltaBytes                        = 1048576                                   {product} {ergonomic}
   size_t MinHeapSize                              = 8388608                                   {product} {ergonomic}
    uintx NonProfiledCodeHeapSize                  = 0                                      {pd product} {ergonomic}
     bool ProfileInterpreter                       = false                                  {pd product} {command line}
    uintx ProfiledCodeHeapSize                     = 0                                      {pd product} {ergonomic}
   size_t SoftMaxHeapSize                          = 2090860544                             {manageable} {ergonomic}
     intx TieredStopAtLevel                        = 1                                         {product} {command line}
     bool UseCompressedClassPointers               = true                           {product lp64_product} {ergonomic}
     bool UseCompressedOops                        = true                           {product lp64_product} {ergonomic}
     bool UseG1GC                                  = true                                      {product} {ergonomic}
     bool UseLargePagesIndividualAllocation        = false                                  {pd product} {ergonomic}

Logging:
Log output configuration:
 #0: stdout all=warning uptime,level,tags
 #1: stderr all=off uptime,level,tags

Environment Variables:
JAVA_HOME=C:\Program Files\Eclipse Adoptium\jdk-21.0.1.12-hotspot\
PATH=C:\Program Files\Eclipse Adoptium\jdk-21.0.1.12-hotspot\bin;C:\app\alexc\product\21c\dbhomeXE\bin;C:\Program Files (x86)\Common Files\Oracle\Java\javapath;C:\Windows\system32;C:\Windows;C:\Windows\System32\Wbem;C:\Windows\System32\WindowsPowerShell\v1.0\;C:\Windows\System32\OpenSSH\;C:\Program Files\nodejs\;C:\Program Files\Git\cmd;C:\xampp\php;C:\composer;C:\Program Files (x86)\Microchip\MPLAB C32 Suite\bin;C:\Users\alexc\AppData\Local\Microsoft\WindowsApps;;C:\Users\alexc\AppData\Local\Programs\Microsoft VS Code\bin;C:\Users\alexc\AppData\Roaming\npm;C:\Users\alexc\AppData\Roaming\Composer\vendor\bin
USERNAME=alexc
OS=Windows_NT
PROCESSOR_IDENTIFIER=Intel64 Family 6 Model 140 Stepping 1, GenuineIntel
TMP=C:\Users\alexc\AppData\Local\Temp
TEMP=C:\Users\alexc\AppData\Local\Temp



Periodic native trim disabled


---------------  S Y S T E M  ---------------

OS:
 Windows 11 , 64 bit Build 22621 (10.0.22621.3374)
OS uptime: 7 days 13:02 hours

CPU: total 8 (initial active 8) (4 cores per cpu, 2 threads per core) family 6 model 140 stepping 1 microcode 0x8a, cx8, cmov, fxsr, ht, mmx, 3dnowpref, sse, sse2, sse3, ssse3, sse4.1, sse4.2, popcnt, lzcnt, tsc, tscinvbit, avx, avx2, aes, erms, clmul, bmi1, bmi2, adx, avx512f, avx512dq, avx512cd, avx512bw, avx512vl, sha, fma, vzeroupper, avx512_vpopcntdq, avx512_vpclmulqdq, avx512_vaes, avx512_vnni, clflush, clflushopt, clwb, avx512_vbmi2, avx512_vbmi
Processor Information for all 8 processors :
  Max Mhz: 2419, Current Mhz: 2419, Mhz Limit: 2419

Memory: 4k page, system-wide physical 7975M (142M free)
TotalPageFile size 25905M (AvailPageFile size 38M)
current process WorkingSet (physical memory assigned to process): 287M, peak: 295M
current process commit charge ("private bytes"): 335M, peak: 569M

vm_info: OpenJDK 64-Bit Server VM (17.0.10+7-LTS) for windows-amd64 JRE (17.0.10+7-LTS), built on Jan 10 2024 22:11:07 by "Administrator" with MS VC++ 16.10 / 16.11 (VS2019)

END.
